[ 2017-11-24T09:04:39+08:00 ] ::1 /zuoye/TP-shop/introduction.html
ERR: 无法加载模块:Introduction

[ 2017-11-24T09:05:00+08:00 ] ::1 /zuoye/TP-shop/introduction.html
ERR: 无法加载模块:Introduction

[ 2017-11-24T15:04:05+08:00 ] ::1 /zuoye/TP-shop/Products_List.html
ERR: 无法加载模块:Products_List

[ 2017-11-24T15:04:05+08:00 ] ::1 /zuoye/TP-shop/Brand_Manage.html
ERR: 无法加载模块:Brand_Manage

[ 2017-11-24T15:04:06+08:00 ] ::1 /zuoye/TP-shop/Category_Manage.html
ERR: 无法加载模块:Category_Manage

[ 2017-11-24T15:04:07+08:00 ] ::1 /zuoye/TP-shop/Sort_ads.html
ERR: 无法加载模块:Sort_ads

[ 2017-11-24T15:04:08+08:00 ] ::1 /zuoye/TP-shop/advertising.html
ERR: 无法加载模块:Advertising

[ 2017-11-24T15:04:08+08:00 ] ::1 /zuoye/TP-shop/Sort_ads.html
ERR: 无法加载模块:Sort_ads

[ 2017-11-24T15:09:37+08:00 ] ::1 /zuoye/TP-shop/transaction.html
ERR: 无法加载模块:Transaction

[ 2017-11-24T15:09:37+08:00 ] ::1 /zuoye/TP-shop/transaction.html
ERR: 无法加载模块:Transaction

[ 2017-11-24T15:09:44+08:00 ] ::1 /zuoye/TP-shop/Products_List.html
ERR: 无法加载模块:Products_List

[ 2017-11-24T15:09:45+08:00 ] ::1 /zuoye/TP-shop/Brand_Manage.html
ERR: 无法加载模块:Brand_Manage

[ 2017-11-24T15:09:46+08:00 ] ::1 /zuoye/TP-shop/Brand_Manage.html
ERR: 无法加载模块:Brand_Manage

[ 2017-11-24T15:13:52+08:00 ] ::1 /zuoye/TP-shop/Category_Manage.html
ERR: 无法加载模块:Category_Manage

[ 2017-11-24T15:13:53+08:00 ] ::1 /zuoye/TP-shop/Brand_Manage.html
ERR: 无法加载模块:Brand_Manage

[ 2017-11-24T15:13:53+08:00 ] ::1 /zuoye/TP-shop/Products_List.html
ERR: 无法加载模块:Products_List

[ 2017-11-24T15:13:55+08:00 ] ::1 /zuoye/TP-shop/Order_Chart.html
ERR: 无法加载模块:Order_Chart

[ 2017-11-24T15:13:55+08:00 ] ::1 /zuoye/TP-shop/transaction.html
ERR: 无法加载模块:Transaction

[ 2017-11-24T15:13:56+08:00 ] ::1 /zuoye/TP-shop/Order_Chart.html
ERR: 无法加载模块:Order_Chart

[ 2017-11-24T15:14:01+08:00 ] ::1 /zuoye/TP-shop/Refund.html
ERR: 无法加载模块:Refund

[ 2017-11-24T15:14:06+08:00 ] ::1 /zuoye/TP-shop/Amounts.html
ERR: 无法加载模块:Amounts

[ 2017-11-24T15:14:07+08:00 ] ::1 /zuoye/TP-shop/Order_Chart.html
ERR: 无法加载模块:Order_Chart

[ 2017-11-24T15:14:08+08:00 ] ::1 /zuoye/TP-shop/transaction.html
ERR: 无法加载模块:Transaction

[ 2017-11-24T15:14:09+08:00 ] ::1 /zuoye/TP-shop/Amounts.html
ERR: 无法加载模块:Amounts

[ 2017-11-24T15:14:10+08:00 ] ::1 /zuoye/TP-shop/Refund.html
ERR: 无法加载模块:Refund

[ 2017-11-24T15:17:27+08:00 ] ::1 /zuoye/TP-shop/Amounts.html
ERR: 无法加载模块:Amounts

[ 2017-11-24T15:17:29+08:00 ] ::1 /zuoye/TP-shop/Amounts.html
ERR: 无法加载模块:Amounts

[ 2017-11-24T15:26:15+08:00 ] ::1 /zuoye/TP-shop/Amounts.html
ERR: 无法加载模块:Amounts

[ 2017-11-24T15:26:17+08:00 ] ::1 /zuoye/TP-shop/Order_Chart.html
ERR: 无法加载模块:Order_Chart

[ 2017-11-24T15:26:18+08:00 ] ::1 /zuoye/TP-shop/Order_Chart.html
ERR: 无法加载模块:Order_Chart

[ 2017-11-24T15:26:18+08:00 ] ::1 /zuoye/TP-shop/Order_Chart.html
ERR: 无法加载模块:Order_Chart

[ 2017-11-24T15:26:24+08:00 ] ::1 /zuoye/TP-shop/Amounts.html
ERR: 无法加载模块:Amounts

[ 2017-11-24T15:30:07+08:00 ] ::1 /zuoye/TP-shop/integration.html
ERR: 无法加载模块:Integration

[ 2017-11-24T15:47:05+08:00 ] ::1 /zuoye/TP-shop/transaction.html
ERR: 无法加载模块:Transaction

[ 2017-11-24T15:47:15+08:00 ] ::1 /zuoye/TP-shop/advertising.html
ERR: 无法加载模块:Advertising

[ 2017-11-24T15:52:12+08:00 ] ::1 /zuoye/TP-shop/Amounts.html
ERR: 无法加载模块:Amounts

[ 2017-11-24T16:11:54+08:00 ] ::1 /zuoye/TP-shop/Amounts.html
ERR: 无法加载模块:Amounts

[ 2017-11-24T16:38:40+08:00 ] ::1 /zuoye/TP-shop/transaction.html
ERR: 无法加载模块:Transaction

[ 2017-11-24T18:37:32+08:00 ] ::1 /zuoye/TP-shop/transaction.html
ERR: 无法加载模块:Transaction

