[ 2017-11-19T14:01:36+08:00 ] ::1 /kejian/ErQiXiangMu/TP-shop/images/logo.png
INFO: [ app_init ] --START--
INFO: Run Behavior\BuildLiteBehavior [ RunTime:0.000028s ]
INFO: [ app_init ] --END-- [ RunTime:0.000839s ]
ERR: 无法加载模块:Images

[ 2017-11-19T14:02:50+08:00 ] ::1 /kejian/ErQiXiangMu/TP-shop/Public/Admin/assets/js/jquery.min.map
INFO: [ app_init ] --START--
INFO: Run Behavior\BuildLiteBehavior [ RunTime:0.000018s ]
INFO: [ app_init ] --END-- [ RunTime:0.000523s ]
ERR: 无法加载模块:Public

[ 2017-11-19T14:02:56+08:00 ] ::1 /kejian/ErQiXiangMu/TP-shop/images/logo.png
INFO: [ app_init ] --START--
INFO: Run Behavior\BuildLiteBehavior [ RunTime:0.000031s ]
INFO: [ app_init ] --END-- [ RunTime:0.000948s ]
ERR: 无法加载模块:Images

[ 2017-11-19T14:02:56+08:00 ] ::1 /kejian/ErQiXiangMu/TP-shop/images/logo.png
INFO: [ app_init ] --START--
INFO: Run Behavior\BuildLiteBehavior [ RunTime:0.000032s ]
INFO: [ app_init ] --END-- [ RunTime:0.001008s ]
ERR: 无法加载模块:Images

[ 2017-11-19T14:02:57+08:00 ] ::1 /kejian/ErQiXiangMu/TP-shop/Public/Admin/js/jquery.min.map
INFO: [ app_init ] --START--
INFO: Run Behavior\BuildLiteBehavior [ RunTime:0.000030s ]
INFO: [ app_init ] --END-- [ RunTime:0.000720s ]
ERR: 无法加载模块:Public

[ 2017-11-19T14:02:57+08:00 ] ::1 /kejian/ErQiXiangMu/TP-shop/Public/Admin/assets/js/jquery.min.map
INFO: [ app_init ] --START--
INFO: Run Behavior\BuildLiteBehavior [ RunTime:0.000033s ]
INFO: [ app_init ] --END-- [ RunTime:0.000721s ]
ERR: 无法加载模块:Public

[ 2017-11-19T14:05:28+08:00 ] ::1 /kejian/ErQiXiangMu/TP-shop/images/logo.png
INFO: [ app_init ] --START--
INFO: Run Behavior\BuildLiteBehavior [ RunTime:0.000027s ]
INFO: [ app_init ] --END-- [ RunTime:0.001425s ]
ERR: 无法加载模块:Images

[ 2017-11-19T14:05:29+08:00 ] ::1 /kejian/ErQiXiangMu/TP-shop/images/logo.png
INFO: [ app_init ] --START--
INFO: Run Behavior\BuildLiteBehavior [ RunTime:0.000025s ]
INFO: [ app_init ] --END-- [ RunTime:0.000555s ]
ERR: 无法加载模块:Images

[ 2017-11-19T14:05:30+08:00 ] ::1 /kejian/ErQiXiangMu/TP-shop/Public/Admin/js/jquery.min.map
INFO: [ app_init ] --START--
INFO: Run Behavior\BuildLiteBehavior [ RunTime:0.000053s ]
INFO: [ app_init ] --END-- [ RunTime:0.002256s ]
ERR: 无法加载模块:Public

[ 2017-11-19T14:05:33+08:00 ] ::1 /kejian/ErQiXiangMu/TP-shop/images/logo.png
INFO: [ app_init ] --START--
INFO: Run Behavior\BuildLiteBehavior [ RunTime:0.000029s ]
INFO: [ app_init ] --END-- [ RunTime:0.000550s ]
ERR: 无法加载模块:Images

[ 2017-11-19T14:05:33+08:00 ] ::1 /kejian/ErQiXiangMu/TP-shop/images/logo.png
INFO: [ app_init ] --START--
INFO: Run Behavior\BuildLiteBehavior [ RunTime:0.000035s ]
INFO: [ app_init ] --END-- [ RunTime:0.000684s ]
ERR: 无法加载模块:Images

[ 2017-11-19T14:08:13+08:00 ] ::1 /kejian/ErQiXiangMu/TP-shop/Payment_Configure.html
INFO: [ app_init ] --START--
INFO: Run Behavior\BuildLiteBehavior [ RunTime:0.000021s ]
INFO: [ app_init ] --END-- [ RunTime:0.000512s ]
ERR: 无法加载模块:Payment_Configure

[ 2017-11-19T14:08:13+08:00 ] ::1 /kejian/ErQiXiangMu/TP-shop/payment_method.html
INFO: [ app_init ] --START--
INFO: Run Behavior\BuildLiteBehavior [ RunTime:0.000019s ]
INFO: [ app_init ] --END-- [ RunTime:0.000525s ]
ERR: 无法加载模块:Payment_method

[ 2017-11-19T17:44:16+08:00 ] ::1 /kejian/ErQiXiangMu/TP-shop/Amounts.html
INFO: [ app_init ] --START--
INFO: Run Behavior\BuildLiteBehavior [ RunTime:0.000019s ]
INFO: [ app_init ] --END-- [ RunTime:0.000446s ]
ERR: 无法加载模块:Amounts

[ 2017-11-19T17:47:43+08:00 ] ::1 /kejian/ErQiXiangMu/TP-shop/Amounts.html
INFO: [ app_init ] --START--
INFO: Run Behavior\BuildLiteBehavior [ RunTime:0.000015s ]
INFO: [ app_init ] --END-- [ RunTime:0.000383s ]
ERR: 无法加载模块:Amounts

[ 2017-11-19T17:48:28+08:00 ] ::1 /kejian/ErQiXiangMu/TP-shop/Payment_Configure.html
INFO: [ app_init ] --START--
INFO: Run Behavior\BuildLiteBehavior [ RunTime:0.000017s ]
INFO: [ app_init ] --END-- [ RunTime:0.000436s ]
ERR: 无法加载模块:Payment_Configure

[ 2017-11-19T17:48:29+08:00 ] ::1 /kejian/ErQiXiangMu/TP-shop/payment_method.html
INFO: [ app_init ] --START--
INFO: Run Behavior\BuildLiteBehavior [ RunTime:0.000029s ]
INFO: [ app_init ] --END-- [ RunTime:0.000601s ]
ERR: 无法加载模块:Payment_method

[ 2017-11-19T17:48:30+08:00 ] ::1 /kejian/ErQiXiangMu/TP-shop/payment_method.html
INFO: [ app_init ] --START--
INFO: Run Behavior\BuildLiteBehavior [ RunTime:0.000015s ]
INFO: [ app_init ] --END-- [ RunTime:0.000318s ]
ERR: 无法加载模块:Payment_method

[ 2017-11-19T17:48:30+08:00 ] ::1 /kejian/ErQiXiangMu/TP-shop/Cover_management.html
INFO: [ app_init ] --START--
INFO: Run Behavior\BuildLiteBehavior [ RunTime:0.000017s ]
INFO: [ app_init ] --END-- [ RunTime:0.000348s ]
ERR: 无法加载模块:Cover_management

[ 2017-11-19T17:48:31+08:00 ] ::1 /kejian/ErQiXiangMu/TP-shop/payment_method.html
INFO: [ app_init ] --START--
INFO: Run Behavior\BuildLiteBehavior [ RunTime:0.000016s ]
INFO: [ app_init ] --END-- [ RunTime:0.000332s ]
ERR: 无法加载模块:Payment_method

[ 2017-11-19T17:50:31+08:00 ] ::1 /kejian/ErQiXiangMu/TP-shop/Shops_Audit.html
INFO: [ app_init ] --START--
INFO: Run Behavior\BuildLiteBehavior [ RunTime:0.000019s ]
INFO: [ app_init ] --END-- [ RunTime:0.000441s ]
ERR: 无法加载模块:Shops_Audit

[ 2017-11-19T17:53:32+08:00 ] ::1 /kejian/ErQiXiangMu/TP-shop/Shop_list.html
INFO: [ app_init ] --START--
INFO: Run Behavior\BuildLiteBehavior [ RunTime:0.000017s ]
INFO: [ app_init ] --END-- [ RunTime:0.000351s ]
ERR: 无法加载模块:Shop_list

[ 2017-11-19T17:53:40+08:00 ] ::1 /kejian/ErQiXiangMu/TP-shop/Amounts.html
INFO: [ app_init ] --START--
INFO: Run Behavior\BuildLiteBehavior [ RunTime:0.000018s ]
INFO: [ app_init ] --END-- [ RunTime:0.000410s ]
ERR: 无法加载模块:Amounts

[ 2017-11-19T17:56:04+08:00 ] ::1 /kejian/ErQiXiangMu/TP-shop/Payment_Configure.html
INFO: [ app_init ] --START--
INFO: Run Behavior\BuildLiteBehavior [ RunTime:0.000024s ]
INFO: [ app_init ] --END-- [ RunTime:0.000538s ]
ERR: 无法加载模块:Payment_Configure

[ 2017-11-19T17:59:40+08:00 ] ::1 /kejian/ErQiXiangMu/TP-shop/Orderform.html
INFO: [ app_init ] --START--
INFO: Run Behavior\BuildLiteBehavior [ RunTime:0.000023s ]
INFO: [ app_init ] --END-- [ RunTime:0.000927s ]
ERR: 无法加载模块:Orderform

[ 2017-11-19T18:01:24+08:00 ] ::1 /kejian/ErQiXiangMu/TP-shop/Orderform.html
INFO: [ app_init ] --START--
INFO: Run Behavior\BuildLiteBehavior [ RunTime:0.000020s ]
INFO: [ app_init ] --END-- [ RunTime:0.000413s ]
ERR: 无法加载模块:Orderform

[ 2017-11-19T18:07:30+08:00 ] ::1 /kejian/ErQiXiangMu/TP-shop/Orderform.html
INFO: [ app_init ] --START--
INFO: Run Behavior\BuildLiteBehavior [ RunTime:0.000028s ]
INFO: [ app_init ] --END-- [ RunTime:0.000440s ]
ERR: 无法加载模块:Orderform

[ 2017-11-19T18:10:28+08:00 ] ::1 /kejian/ErQiXiangMu/TP-shop/Amounts.html
INFO: [ app_init ] --START--
INFO: Run Behavior\BuildLiteBehavior [ RunTime:0.000019s ]
INFO: [ app_init ] --END-- [ RunTime:0.000384s ]
ERR: 无法加载模块:Amounts

[ 2017-11-19T18:10:29+08:00 ] ::1 /kejian/ErQiXiangMu/TP-shop/Orderform.html
INFO: [ app_init ] --START--
INFO: Run Behavior\BuildLiteBehavior [ RunTime:0.000019s ]
INFO: [ app_init ] --END-- [ RunTime:0.000395s ]
ERR: 无法加载模块:Orderform

[ 2017-11-19T18:10:30+08:00 ] ::1 /kejian/ErQiXiangMu/TP-shop/Orderform.html
INFO: [ app_init ] --START--
INFO: Run Behavior\BuildLiteBehavior [ RunTime:0.000018s ]
INFO: [ app_init ] --END-- [ RunTime:0.000384s ]
ERR: 无法加载模块:Orderform

[ 2017-11-19T18:10:30+08:00 ] ::1 /kejian/ErQiXiangMu/TP-shop/Orderform.html
INFO: [ app_init ] --START--
INFO: Run Behavior\BuildLiteBehavior [ RunTime:0.000018s ]
INFO: [ app_init ] --END-- [ RunTime:0.000370s ]
ERR: 无法加载模块:Orderform

[ 2017-11-19T18:10:31+08:00 ] ::1 /kejian/ErQiXiangMu/TP-shop/Orderform.html
INFO: [ app_init ] --START--
INFO: Run Behavior\BuildLiteBehavior [ RunTime:0.000021s ]
INFO: [ app_init ] --END-- [ RunTime:0.000386s ]
ERR: 无法加载模块:Orderform

[ 2017-11-19T18:10:31+08:00 ] ::1 /kejian/ErQiXiangMu/TP-shop/Orderform.html
INFO: [ app_init ] --START--
INFO: Run Behavior\BuildLiteBehavior [ RunTime:0.000018s ]
INFO: [ app_init ] --END-- [ RunTime:0.000368s ]
ERR: 无法加载模块:Orderform

[ 2017-11-19T18:10:31+08:00 ] ::1 /kejian/ErQiXiangMu/TP-shop/Orderform.html
INFO: [ app_init ] --START--
INFO: Run Behavior\BuildLiteBehavior [ RunTime:0.000017s ]
INFO: [ app_init ] --END-- [ RunTime:0.000366s ]
ERR: 无法加载模块:Orderform

[ 2017-11-19T18:10:31+08:00 ] ::1 /kejian/ErQiXiangMu/TP-shop/Orderform.html
INFO: [ app_init ] --START--
INFO: Run Behavior\BuildLiteBehavior [ RunTime:0.000016s ]
INFO: [ app_init ] --END-- [ RunTime:0.000326s ]
ERR: 无法加载模块:Orderform

[ 2017-11-19T18:11:09+08:00 ] ::1 /kejian/ErQiXiangMu/TP-shop/Orderform.html
INFO: [ app_init ] --START--
INFO: Run Behavior\BuildLiteBehavior [ RunTime:0.000031s ]
INFO: [ app_init ] --END-- [ RunTime:0.000614s ]
ERR: 无法加载模块:Orderform

[ 2017-11-19T18:11:10+08:00 ] ::1 /kejian/ErQiXiangMu/TP-shop/Orderform.html
INFO: [ app_init ] --START--
INFO: Run Behavior\BuildLiteBehavior [ RunTime:0.000025s ]
INFO: [ app_init ] --END-- [ RunTime:0.000494s ]
ERR: 无法加载模块:Orderform

[ 2017-11-19T18:11:10+08:00 ] ::1 /kejian/ErQiXiangMu/TP-shop/Orderform.html
INFO: [ app_init ] --START--
INFO: Run Behavior\BuildLiteBehavior [ RunTime:0.000018s ]
INFO: [ app_init ] --END-- [ RunTime:0.000375s ]
ERR: 无法加载模块:Orderform

[ 2017-11-19T18:11:10+08:00 ] ::1 /kejian/ErQiXiangMu/TP-shop/Orderform.html
INFO: [ app_init ] --START--
INFO: Run Behavior\BuildLiteBehavior [ RunTime:0.000032s ]
INFO: [ app_init ] --END-- [ RunTime:0.000350s ]
ERR: 无法加载模块:Orderform

[ 2017-11-19T18:11:10+08:00 ] ::1 /kejian/ErQiXiangMu/TP-shop/Orderform.html
INFO: [ app_init ] --START--
INFO: Run Behavior\BuildLiteBehavior [ RunTime:0.000018s ]
INFO: [ app_init ] --END-- [ RunTime:0.000372s ]
ERR: 无法加载模块:Orderform

[ 2017-11-19T18:14:39+08:00 ] ::1 /kejian/ErQiXiangMu/TP-shop/advertising.html
INFO: [ app_init ] --START--
INFO: Run Behavior\BuildLiteBehavior [ RunTime:0.000028s ]
INFO: [ app_init ] --END-- [ RunTime:0.000607s ]
ERR: 无法加载模块:Advertising

[ 2017-11-19T18:14:41+08:00 ] ::1 /kejian/ErQiXiangMu/TP-shop/Orderform.html
INFO: [ app_init ] --START--
INFO: Run Behavior\BuildLiteBehavior [ RunTime:0.000018s ]
INFO: [ app_init ] --END-- [ RunTime:0.000374s ]
ERR: 无法加载模块:Orderform

[ 2017-11-19T18:14:42+08:00 ] ::1 /kejian/ErQiXiangMu/TP-shop/Orderform.html
INFO: [ app_init ] --START--
INFO: Run Behavior\BuildLiteBehavior [ RunTime:0.000031s ]
INFO: [ app_init ] --END-- [ RunTime:0.000662s ]
ERR: 无法加载模块:Orderform

[ 2017-11-19T18:14:42+08:00 ] ::1 /kejian/ErQiXiangMu/TP-shop/Orderform.html
INFO: [ app_init ] --START--
INFO: Run Behavior\BuildLiteBehavior [ RunTime:0.000028s ]
INFO: [ app_init ] --END-- [ RunTime:0.000437s ]
ERR: 无法加载模块:Orderform

[ 2017-11-19T18:14:43+08:00 ] ::1 /kejian/ErQiXiangMu/TP-shop/Orderform.html
INFO: [ app_init ] --START--
INFO: Run Behavior\BuildLiteBehavior [ RunTime:0.000018s ]
INFO: [ app_init ] --END-- [ RunTime:0.000373s ]
ERR: 无法加载模块:Orderform

[ 2017-11-19T18:15:16+08:00 ] ::1 /kejian/ErQiXiangMu/TP-shop/Orderform.html
INFO: [ app_init ] --START--
INFO: Run Behavior\BuildLiteBehavior [ RunTime:0.000018s ]
INFO: [ app_init ] --END-- [ RunTime:0.000351s ]
ERR: 无法加载模块:Orderform

[ 2017-11-19T18:16:02+08:00 ] ::1 /kejian/ErQiXiangMu/TP-shop/Orderform.html
INFO: [ app_init ] --START--
INFO: Run Behavior\BuildLiteBehavior [ RunTime:0.000015s ]
INFO: [ app_init ] --END-- [ RunTime:0.000318s ]
ERR: 无法加载模块:Orderform

[ 2017-11-19T18:16:03+08:00 ] ::1 /kejian/ErQiXiangMu/TP-shop/Orderform.html
INFO: [ app_init ] --START--
INFO: Run Behavior\BuildLiteBehavior [ RunTime:0.000018s ]
INFO: [ app_init ] --END-- [ RunTime:0.000394s ]
ERR: 无法加载模块:Orderform

[ 2017-11-19T18:16:03+08:00 ] ::1 /kejian/ErQiXiangMu/TP-shop/Orderform.html
INFO: [ app_init ] --START--
INFO: Run Behavior\BuildLiteBehavior [ RunTime:0.000018s ]
INFO: [ app_init ] --END-- [ RunTime:0.000379s ]
ERR: 无法加载模块:Orderform

[ 2017-11-19T18:18:14+08:00 ] ::1 /kejian/ErQiXiangMu/TP-shop/Amounts.html
INFO: [ app_init ] --START--
INFO: Run Behavior\BuildLiteBehavior [ RunTime:0.000017s ]
INFO: [ app_init ] --END-- [ RunTime:0.000417s ]
ERR: 无法加载模块:Amounts

[ 2017-11-19T18:18:14+08:00 ] ::1 /kejian/ErQiXiangMu/TP-shop/Public/Home/assets/css/bootstrap.min.css
INFO: [ app_init ] --START--
INFO: Run Behavior\BuildLiteBehavior [ RunTime:0.000024s ]
INFO: [ app_init ] --END-- [ RunTime:0.000571s ]
ERR: 无法加载模块:Public

[ 2017-11-19T18:18:14+08:00 ] ::1 /kejian/ErQiXiangMu/TP-shop/Public/Home/assets/css/codemirror.css
INFO: [ app_init ] --START--
INFO: Run Behavior\BuildLiteBehavior [ RunTime:0.000024s ]
INFO: [ app_init ] --END-- [ RunTime:0.000555s ]
ERR: 无法加载模块:Public

[ 2017-11-19T18:18:14+08:00 ] ::1 /kejian/ErQiXiangMu/TP-shop/Public/Home/assets/css/ace.min.css
INFO: [ app_init ] --START--
INFO: Run Behavior\BuildLiteBehavior [ RunTime:0.000027s ]
INFO: [ app_init ] --END-- [ RunTime:0.000653s ]
ERR: 无法加载模块:Public

[ 2017-11-19T18:19:06+08:00 ] ::1 /kejian/ErQiXiangMu/TP-shop/Public/Home/assets/css/bootstrap.min.css
INFO: [ app_init ] --START--
INFO: Run Behavior\BuildLiteBehavior [ RunTime:0.000025s ]
INFO: [ app_init ] --END-- [ RunTime:0.000495s ]
ERR: 无法加载模块:Public

[ 2017-11-19T18:19:06+08:00 ] ::1 /kejian/ErQiXiangMu/TP-shop/Public/Home/js/jquery-1.9.1.min.js
INFO: [ app_init ] --START--
INFO: Run Behavior\BuildLiteBehavior [ RunTime:0.000023s ]
INFO: [ app_init ] --END-- [ RunTime:0.000561s ]
ERR: 无法加载模块:Public

[ 2017-11-19T18:19:06+08:00 ] ::1 /kejian/ErQiXiangMu/TP-shop/Public/Home/assets/js/bootstrap.min.js
INFO: [ app_init ] --START--
INFO: Run Behavior\BuildLiteBehavior [ RunTime:0.000023s ]
INFO: [ app_init ] --END-- [ RunTime:0.000479s ]
ERR: 无法加载模块:Public

[ 2017-11-19T18:19:06+08:00 ] ::1 /kejian/ErQiXiangMu/TP-shop/Public/Home/font/css/font-awesome.min.css
INFO: [ app_init ] --START--
INFO: Run Behavior\BuildLiteBehavior [ RunTime:0.000027s ]
INFO: [ app_init ] --END-- [ RunTime:0.000568s ]
ERR: 无法加载模块:Public

[ 2017-11-19T18:19:06+08:00 ] ::1 /kejian/ErQiXiangMu/TP-shop/Public/Home/assets/js/jquery.dataTables.min.js
INFO: [ app_init ] --START--
INFO: Run Behavior\BuildLiteBehavior [ RunTime:0.000024s ]
INFO: [ app_init ] --END-- [ RunTime:0.000489s ]
ERR: 无法加载模块:Public

[ 2017-11-19T18:19:06+08:00 ] ::1 /kejian/ErQiXiangMu/TP-shop/Public/Home/assets/css/ace.min.css
INFO: [ app_init ] --START--
INFO: Run Behavior\BuildLiteBehavior [ RunTime:0.000026s ]
INFO: [ app_init ] --END-- [ RunTime:0.000606s ]
ERR: 无法加载模块:Public

[ 2017-11-19T18:19:06+08:00 ] ::1 /kejian/ErQiXiangMu/TP-shop/Public/Home/assets/js/typeahead-bs2.min.js
INFO: [ app_init ] --START--
INFO: Run Behavior\BuildLiteBehavior [ RunTime:0.000023s ]
INFO: [ app_init ] --END-- [ RunTime:0.000484s ]
ERR: 无法加载模块:Public

[ 2017-11-19T18:19:06+08:00 ] ::1 /kejian/ErQiXiangMu/TP-shop/Public/Home/assets/css/codemirror.css
INFO: [ app_init ] --START--
INFO: Run Behavior\BuildLiteBehavior [ RunTime:0.000025s ]
INFO: [ app_init ] --END-- [ RunTime:0.000485s ]
ERR: 无法加载模块:Public

[ 2017-11-19T18:19:06+08:00 ] ::1 /kejian/ErQiXiangMu/TP-shop/Public/Home/assets/js/jquery.dataTables.bootstrap.js
INFO: [ app_init ] --START--
INFO: Run Behavior\BuildLiteBehavior [ RunTime:0.000142s ]
INFO: [ app_init ] --END-- [ RunTime:0.000687s ]
ERR: 无法加载模块:Public

[ 2017-11-19T18:19:06+08:00 ] ::1 /kejian/ErQiXiangMu/TP-shop/Public/Home/assets/layer/layer.js
INFO: [ app_init ] --START--
INFO: Run Behavior\BuildLiteBehavior [ RunTime:0.000026s ]
INFO: [ app_init ] --END-- [ RunTime:0.000499s ]
ERR: 无法加载模块:Public

[ 2017-11-19T18:19:06+08:00 ] ::1 /kejian/ErQiXiangMu/TP-shop/Public/Home/assets/js/jquery.easy-pie-chart.min.js
INFO: [ app_init ] --START--
INFO: Run Behavior\BuildLiteBehavior [ RunTime:0.000022s ]
INFO: [ app_init ] --END-- [ RunTime:0.000474s ]
ERR: 无法加载模块:Public

[ 2017-11-19T18:19:06+08:00 ] ::1 /kejian/ErQiXiangMu/TP-shop/Public/Home/js/H-ui.js
INFO: [ app_init ] --START--
INFO: Run Behavior\BuildLiteBehavior [ RunTime:0.000027s ]
INFO: [ app_init ] --END-- [ RunTime:0.000572s ]
ERR: 无法加载模块:Public

[ 2017-11-19T18:19:06+08:00 ] ::1 /kejian/ErQiXiangMu/TP-shop/Public/Home/assets/laydate/laydate.js
INFO: [ app_init ] --START--
INFO: Run Behavior\BuildLiteBehavior [ RunTime:0.000031s ]
INFO: [ app_init ] --END-- [ RunTime:0.000599s ]
ERR: 无法加载模块:Public

[ 2017-11-19T18:19:06+08:00 ] ::1 /kejian/ErQiXiangMu/TP-shop/Public/Home/js/lrtk.js
INFO: [ app_init ] --START--
INFO: Run Behavior\BuildLiteBehavior [ RunTime:0.000026s ]
INFO: [ app_init ] --END-- [ RunTime:0.000538s ]
ERR: 无法加载模块:Public

[ 2017-11-19T18:19:06+08:00 ] ::1 /kejian/ErQiXiangMu/TP-shop/Public/Home/assets/js/typeahead-bs2.min.js
INFO: [ app_init ] --START--
INFO: Run Behavior\BuildLiteBehavior [ RunTime:0.000025s ]
INFO: [ app_init ] --END-- [ RunTime:0.000498s ]
ERR: 无法加载模块:Public

[ 2017-11-19T18:19:06+08:00 ] ::1 /kejian/ErQiXiangMu/TP-shop/Public/Home/assets/js/jquery.dataTables.min.js
INFO: [ app_init ] --START--
INFO: Run Behavior\BuildLiteBehavior [ RunTime:0.000028s ]
INFO: [ app_init ] --END-- [ RunTime:0.000685s ]
ERR: 无法加载模块:Public

[ 2017-11-19T18:19:06+08:00 ] ::1 /kejian/ErQiXiangMu/TP-shop/Public/Home/assets/js/jquery.dataTables.bootstrap.js
INFO: [ app_init ] --START--
INFO: Run Behavior\BuildLiteBehavior [ RunTime:0.000016s ]
INFO: [ app_init ] --END-- [ RunTime:0.000331s ]
ERR: 无法加载模块:Public

[ 2017-11-19T18:19:06+08:00 ] ::1 /kejian/ErQiXiangMu/TP-shop/Public/Home/assets/layer/layer.js
INFO: [ app_init ] --START--
INFO: Run Behavior\BuildLiteBehavior [ RunTime:0.000025s ]
INFO: [ app_init ] --END-- [ RunTime:0.000470s ]
ERR: 无法加载模块:Public

[ 2017-11-19T18:19:06+08:00 ] ::1 /kejian/ErQiXiangMu/TP-shop/Public/Home/assets/laydate/laydate.js
INFO: [ app_init ] --START--
INFO: Run Behavior\BuildLiteBehavior [ RunTime:0.000016s ]
INFO: [ app_init ] --END-- [ RunTime:0.000338s ]
ERR: 无法加载模块:Public

[ 2017-11-19T18:19:06+08:00 ] ::1 /kejian/ErQiXiangMu/TP-shop/Public/Home/assets/js/jquery.easy-pie-chart.min.js
INFO: [ app_init ] --START--
INFO: Run Behavior\BuildLiteBehavior [ RunTime:0.000016s ]
INFO: [ app_init ] --END-- [ RunTime:0.000346s ]
ERR: 无法加载模块:Public

[ 2017-11-19T18:19:06+08:00 ] ::1 /kejian/ErQiXiangMu/TP-shop/Public/Home/js/lrtk.js
INFO: [ app_init ] --START--
INFO: Run Behavior\BuildLiteBehavior [ RunTime:0.000016s ]
INFO: [ app_init ] --END-- [ RunTime:0.000325s ]
ERR: 无法加载模块:Public

[ 2017-11-19T18:19:35+08:00 ] ::1 /kejian/ErQiXiangMu/TP-shop/Public/Home/assets/css/bootstrap.min.css
INFO: [ app_init ] --START--
INFO: Run Behavior\BuildLiteBehavior [ RunTime:0.000025s ]
INFO: [ app_init ] --END-- [ RunTime:0.000583s ]
ERR: 无法加载模块:Public

[ 2017-11-19T18:19:35+08:00 ] ::1 /kejian/ErQiXiangMu/TP-shop/Public/Home/js/jquery-1.9.1.min.js
INFO: [ app_init ] --START--
INFO: Run Behavior\BuildLiteBehavior [ RunTime:0.000031s ]
INFO: [ app_init ] --END-- [ RunTime:0.000822s ]
ERR: 无法加载模块:Public

[ 2017-11-19T18:19:35+08:00 ] ::1 /kejian/ErQiXiangMu/TP-shop/Public/Home/assets/css/codemirror.css
INFO: [ app_init ] --START--
INFO: Run Behavior\BuildLiteBehavior [ RunTime:0.000023s ]
INFO: [ app_init ] --END-- [ RunTime:0.000479s ]
ERR: 无法加载模块:Public

[ 2017-11-19T18:19:35+08:00 ] ::1 /kejian/ErQiXiangMu/TP-shop/Public/Home/assets/css/ace.min.css
INFO: [ app_init ] --START--
INFO: Run Behavior\BuildLiteBehavior [ RunTime:0.000024s ]
INFO: [ app_init ] --END-- [ RunTime:0.000660s ]
ERR: 无法加载模块:Public

[ 2017-11-19T18:19:35+08:00 ] ::1 /kejian/ErQiXiangMu/TP-shop/Public/Home/assets/js/bootstrap.min.js
INFO: [ app_init ] --START--
INFO: Run Behavior\BuildLiteBehavior [ RunTime:0.000025s ]
INFO: [ app_init ] --END-- [ RunTime:0.000585s ]
ERR: 无法加载模块:Public

[ 2017-11-19T18:19:35+08:00 ] ::1 /kejian/ErQiXiangMu/TP-shop/Public/Home/js/H-ui.js
INFO: [ app_init ] --START--
INFO: Run Behavior\BuildLiteBehavior [ RunTime:0.000027s ]
INFO: [ app_init ] --END-- [ RunTime:0.000494s ]
ERR: 无法加载模块:Public

[ 2017-11-19T18:19:35+08:00 ] ::1 /kejian/ErQiXiangMu/TP-shop/Public/Home/assets/js/jquery.dataTables.min.js
INFO: [ app_init ] --START--
INFO: Run Behavior\BuildLiteBehavior [ RunTime:0.000028s ]
INFO: [ app_init ] --END-- [ RunTime:0.000789s ]
ERR: 无法加载模块:Public

[ 2017-11-19T18:19:35+08:00 ] ::1 /kejian/ErQiXiangMu/TP-shop/Public/Home/font/css/font-awesome.min.css
INFO: [ app_init ] --START--
INFO: Run Behavior\BuildLiteBehavior [ RunTime:0.000030s ]
INFO: [ app_init ] --END-- [ RunTime:0.000732s ]
ERR: 无法加载模块:Public

[ 2017-11-19T18:19:36+08:00 ] ::1 /kejian/ErQiXiangMu/TP-shop/Public/Home/assets/layer/layer.js
INFO: [ app_init ] --START--
INFO: Run Behavior\BuildLiteBehavior [ RunTime:0.000030s ]
INFO: [ app_init ] --END-- [ RunTime:0.000637s ]
ERR: 无法加载模块:Public

[ 2017-11-19T18:19:36+08:00 ] ::1 /kejian/ErQiXiangMu/TP-shop/Public/Home/assets/laydate/laydate.js
INFO: [ app_init ] --START--
INFO: Run Behavior\BuildLiteBehavior [ RunTime:0.000023s ]
INFO: [ app_init ] --END-- [ RunTime:0.000578s ]
ERR: 无法加载模块:Public

[ 2017-11-19T18:19:36+08:00 ] ::1 /kejian/ErQiXiangMu/TP-shop/Public/Home/assets/js/typeahead-bs2.min.js
INFO: [ app_init ] --START--
INFO: Run Behavior\BuildLiteBehavior [ RunTime:0.000070s ]
INFO: [ app_init ] --END-- [ RunTime:0.000553s ]
ERR: 无法加载模块:Public

[ 2017-11-19T18:19:36+08:00 ] ::1 /kejian/ErQiXiangMu/TP-shop/Public/Home/assets/js/jquery.easy-pie-chart.min.js
INFO: [ app_init ] --START--
INFO: Run Behavior\BuildLiteBehavior [ RunTime:0.000030s ]
INFO: [ app_init ] --END-- [ RunTime:0.000516s ]
ERR: 无法加载模块:Public

[ 2017-11-19T18:19:36+08:00 ] ::1 /kejian/ErQiXiangMu/TP-shop/Public/Home/assets/js/jquery.dataTables.bootstrap.js
INFO: [ app_init ] --START--
INFO: Run Behavior\BuildLiteBehavior [ RunTime:0.000022s ]
INFO: [ app_init ] --END-- [ RunTime:0.000566s ]
ERR: 无法加载模块:Public

[ 2017-11-19T18:19:36+08:00 ] ::1 /kejian/ErQiXiangMu/TP-shop/Public/Home/js/lrtk.js
INFO: [ app_init ] --START--
INFO: Run Behavior\BuildLiteBehavior [ RunTime:0.000024s ]
INFO: [ app_init ] --END-- [ RunTime:0.000510s ]
ERR: 无法加载模块:Public

[ 2017-11-19T18:19:36+08:00 ] ::1 /kejian/ErQiXiangMu/TP-shop/Public/Home/assets/js/jquery.dataTables.min.js
INFO: [ app_init ] --START--
INFO: Run Behavior\BuildLiteBehavior [ RunTime:0.000029s ]
INFO: [ app_init ] --END-- [ RunTime:0.015150s ]
ERR: 无法加载模块:Public

[ 2017-11-19T18:19:36+08:00 ] ::1 /kejian/ErQiXiangMu/TP-shop/Public/Home/assets/js/jquery.dataTables.bootstrap.js
INFO: [ app_init ] --START--
INFO: Run Behavior\BuildLiteBehavior [ RunTime:0.000037s ]
INFO: [ app_init ] --END-- [ RunTime:0.001798s ]
ERR: 无法加载模块:Public

[ 2017-11-19T18:19:36+08:00 ] ::1 /kejian/ErQiXiangMu/TP-shop/Public/Home/assets/layer/layer.js
INFO: [ app_init ] --START--
INFO: Run Behavior\BuildLiteBehavior [ RunTime:0.000026s ]
INFO: [ app_init ] --END-- [ RunTime:0.000550s ]
ERR: 无法加载模块:Public

[ 2017-11-19T18:19:36+08:00 ] ::1 /kejian/ErQiXiangMu/TP-shop/Public/Home/assets/laydate/laydate.js
INFO: [ app_init ] --START--
INFO: Run Behavior\BuildLiteBehavior [ RunTime:0.000025s ]
INFO: [ app_init ] --END-- [ RunTime:0.000586s ]
ERR: 无法加载模块:Public

[ 2017-11-19T18:19:36+08:00 ] ::1 /kejian/ErQiXiangMu/TP-shop/Public/Home/assets/js/jquery.easy-pie-chart.min.js
INFO: [ app_init ] --START--
INFO: Run Behavior\BuildLiteBehavior [ RunTime:0.000017s ]
INFO: [ app_init ] --END-- [ RunTime:0.000433s ]
ERR: 无法加载模块:Public

[ 2017-11-19T18:19:36+08:00 ] ::1 /kejian/ErQiXiangMu/TP-shop/Public/Home/js/lrtk.js
INFO: [ app_init ] --START--
INFO: Run Behavior\BuildLiteBehavior [ RunTime:0.000025s ]
INFO: [ app_init ] --END-- [ RunTime:0.000617s ]
ERR: 无法加载模块:Public

[ 2017-11-19T18:21:10+08:00 ] ::1 /kejian/ErQiXiangMu/TP-shop/Public/Home/assets/css/bootstrap.min.css
INFO: [ app_init ] --START--
INFO: Run Behavior\BuildLiteBehavior [ RunTime:0.000027s ]
INFO: [ app_init ] --END-- [ RunTime:0.000883s ]
ERR: 无法加载模块:Public

[ 2017-11-19T18:21:10+08:00 ] ::1 /kejian/ErQiXiangMu/TP-shop/Public/Home/assets/css/ace.min.css
INFO: [ app_init ] --START--
INFO: Run Behavior\BuildLiteBehavior [ RunTime:0.000080s ]
INFO: [ app_init ] --END-- [ RunTime:0.001036s ]
ERR: 无法加载模块:Public

[ 2017-11-19T18:21:10+08:00 ] ::1 /kejian/ErQiXiangMu/TP-shop/Public/Home/assets/css/codemirror.css
INFO: [ app_init ] --START--
INFO: Run Behavior\BuildLiteBehavior [ RunTime:0.000022s ]
INFO: [ app_init ] --END-- [ RunTime:0.000548s ]
ERR: 无法加载模块:Public

[ 2017-11-19T18:21:10+08:00 ] ::1 /kejian/ErQiXiangMu/TP-shop/Public/Home/font/css/font-awesome.min.css
INFO: [ app_init ] --START--
INFO: Run Behavior\BuildLiteBehavior [ RunTime:0.000025s ]
INFO: [ app_init ] --END-- [ RunTime:0.000582s ]
ERR: 无法加载模块:Public

[ 2017-11-19T18:21:10+08:00 ] ::1 /kejian/ErQiXiangMu/TP-shop/Public/Home/js/H-ui.js
INFO: [ app_init ] --START--
INFO: Run Behavior\BuildLiteBehavior [ RunTime:0.000027s ]
INFO: [ app_init ] --END-- [ RunTime:0.000580s ]
ERR: 无法加载模块:Public

[ 2017-11-19T18:21:10+08:00 ] ::1 /kejian/ErQiXiangMu/TP-shop/Public/Home/assets/js/jquery.dataTables.min.js
INFO: [ app_init ] --START--
INFO: Run Behavior\BuildLiteBehavior [ RunTime:0.000025s ]
INFO: [ app_init ] --END-- [ RunTime:0.000495s ]
ERR: 无法加载模块:Public

[ 2017-11-19T18:21:10+08:00 ] ::1 /kejian/ErQiXiangMu/TP-shop/Public/Home/js/jquery-1.9.1.min.js
INFO: [ app_init ] --START--
INFO: Run Behavior\BuildLiteBehavior [ RunTime:0.000024s ]
INFO: [ app_init ] --END-- [ RunTime:0.000594s ]
ERR: 无法加载模块:Public

[ 2017-11-19T18:21:10+08:00 ] ::1 /kejian/ErQiXiangMu/TP-shop/Public/Home/assets/js/bootstrap.min.js
INFO: [ app_init ] --START--
INFO: Run Behavior\BuildLiteBehavior [ RunTime:0.000026s ]
INFO: [ app_init ] --END-- [ RunTime:0.000603s ]
ERR: 无法加载模块:Public

[ 2017-11-19T18:21:10+08:00 ] ::1 /kejian/ErQiXiangMu/TP-shop/Public/Home/assets/laydate/laydate.js
INFO: [ app_init ] --START--
INFO: Run Behavior\BuildLiteBehavior [ RunTime:0.000024s ]
INFO: [ app_init ] --END-- [ RunTime:0.000473s ]
ERR: 无法加载模块:Public

[ 2017-11-19T18:21:10+08:00 ] ::1 /kejian/ErQiXiangMu/TP-shop/Public/Home/assets/js/jquery.dataTables.bootstrap.js
INFO: [ app_init ] --START--
INFO: Run Behavior\BuildLiteBehavior [ RunTime:0.000022s ]
INFO: [ app_init ] --END-- [ RunTime:0.000462s ]
ERR: 无法加载模块:Public

[ 2017-11-19T18:21:10+08:00 ] ::1 /kejian/ErQiXiangMu/TP-shop/Public/Home/js/lrtk.js
INFO: [ app_init ] --START--
INFO: Run Behavior\BuildLiteBehavior [ RunTime:0.000030s ]
INFO: [ app_init ] --END-- [ RunTime:0.000599s ]
ERR: 无法加载模块:Public

[ 2017-11-19T18:21:10+08:00 ] ::1 /kejian/ErQiXiangMu/TP-shop/Public/Home/assets/js/typeahead-bs2.min.js
INFO: [ app_init ] --START--
INFO: Run Behavior\BuildLiteBehavior [ RunTime:0.000022s ]
INFO: [ app_init ] --END-- [ RunTime:0.000479s ]
ERR: 无法加载模块:Public

[ 2017-11-19T18:21:10+08:00 ] ::1 /kejian/ErQiXiangMu/TP-shop/Public/Home/js/H-ui.js
INFO: [ app_init ] --START--
INFO: Run Behavior\BuildLiteBehavior [ RunTime:0.000027s ]
INFO: [ app_init ] --END-- [ RunTime:0.000506s ]
ERR: 无法加载模块:Public

[ 2017-11-19T18:21:10+08:00 ] ::1 /kejian/ErQiXiangMu/TP-shop/Public/Home/assets/layer/layer.js
INFO: [ app_init ] --START--
INFO: Run Behavior\BuildLiteBehavior [ RunTime:0.000026s ]
INFO: [ app_init ] --END-- [ RunTime:0.000645s ]
ERR: 无法加载模块:Public

[ 2017-11-19T18:21:10+08:00 ] ::1 /kejian/ErQiXiangMu/TP-shop/Public/Home/assets/js/jquery.easy-pie-chart.min.js
INFO: [ app_init ] --START--
INFO: Run Behavior\BuildLiteBehavior [ RunTime:0.000062s ]
INFO: [ app_init ] --END-- [ RunTime:0.000661s ]
ERR: 无法加载模块:Public

[ 2017-11-19T18:21:10+08:00 ] ::1 /kejian/ErQiXiangMu/TP-shop/Public/Home/assets/js/typeahead-bs2.min.js
INFO: [ app_init ] --START--
INFO: Run Behavior\BuildLiteBehavior [ RunTime:0.000023s ]
INFO: [ app_init ] --END-- [ RunTime:0.000591s ]
ERR: 无法加载模块:Public

[ 2017-11-19T18:21:10+08:00 ] ::1 /kejian/ErQiXiangMu/TP-shop/Public/Home/assets/js/jquery.dataTables.min.js
INFO: [ app_init ] --START--
INFO: Run Behavior\BuildLiteBehavior [ RunTime:0.000029s ]
INFO: [ app_init ] --END-- [ RunTime:0.000555s ]
ERR: 无法加载模块:Public

[ 2017-11-19T18:21:10+08:00 ] ::1 /kejian/ErQiXiangMu/TP-shop/Public/Home/assets/js/jquery.dataTables.bootstrap.js
INFO: [ app_init ] --START--
INFO: Run Behavior\BuildLiteBehavior [ RunTime:0.000018s ]
INFO: [ app_init ] --END-- [ RunTime:0.000426s ]
ERR: 无法加载模块:Public

[ 2017-11-19T18:21:11+08:00 ] ::1 /kejian/ErQiXiangMu/TP-shop/Public/Home/assets/layer/layer.js
INFO: [ app_init ] --START--
INFO: Run Behavior\BuildLiteBehavior [ RunTime:0.000023s ]
INFO: [ app_init ] --END-- [ RunTime:0.000564s ]
ERR: 无法加载模块:Public

[ 2017-11-19T18:21:11+08:00 ] ::1 /kejian/ErQiXiangMu/TP-shop/Public/Home/assets/laydate/laydate.js
INFO: [ app_init ] --START--
INFO: Run Behavior\BuildLiteBehavior [ RunTime:0.000017s ]
INFO: [ app_init ] --END-- [ RunTime:0.000418s ]
ERR: 无法加载模块:Public

[ 2017-11-19T18:21:11+08:00 ] ::1 /kejian/ErQiXiangMu/TP-shop/Public/Home/assets/js/jquery.easy-pie-chart.min.js
INFO: [ app_init ] --START--
INFO: Run Behavior\BuildLiteBehavior [ RunTime:0.000016s ]
INFO: [ app_init ] --END-- [ RunTime:0.000408s ]
ERR: 无法加载模块:Public

[ 2017-11-19T18:21:11+08:00 ] ::1 /kejian/ErQiXiangMu/TP-shop/Public/Home/js/lrtk.js
INFO: [ app_init ] --START--
INFO: Run Behavior\BuildLiteBehavior [ RunTime:0.000019s ]
INFO: [ app_init ] --END-- [ RunTime:0.000508s ]
ERR: 无法加载模块:Public

[ 2017-11-19T18:21:39+08:00 ] ::1 /kejian/ErQiXiangMu/TP-shop/Public/Home/font/css/font-awesome.min.css
INFO: [ app_init ] --START--
INFO: Run Behavior\BuildLiteBehavior [ RunTime:0.000026s ]
INFO: [ app_init ] --END-- [ RunTime:0.000492s ]
ERR: 无法加载模块:Public

[ 2017-11-19T18:21:39+08:00 ] ::1 /kejian/ErQiXiangMu/TP-shop/Public/Home/js/jquery-1.9.1.min.js
INFO: [ app_init ] --START--
INFO: Run Behavior\BuildLiteBehavior [ RunTime:0.000024s ]
INFO: [ app_init ] --END-- [ RunTime:0.000497s ]
ERR: 无法加载模块:Public

[ 2017-11-19T18:21:39+08:00 ] ::1 /kejian/ErQiXiangMu/TP-shop/Public/Home/assets/css/ace.min.css
INFO: [ app_init ] --START--
INFO: Run Behavior\BuildLiteBehavior [ RunTime:0.000026s ]
INFO: [ app_init ] --END-- [ RunTime:0.000500s ]
ERR: 无法加载模块:Public

[ 2017-11-19T18:21:39+08:00 ] ::1 /kejian/ErQiXiangMu/TP-shop/Public/Home/assets/js/bootstrap.min.js
INFO: [ app_init ] --START--
INFO: Run Behavior\BuildLiteBehavior [ RunTime:0.000025s ]
INFO: [ app_init ] --END-- [ RunTime:0.000607s ]
ERR: 无法加载模块:Public

[ 2017-11-19T18:21:39+08:00 ] ::1 /kejian/ErQiXiangMu/TP-shop/Public/Home/js/H-ui.js
INFO: [ app_init ] --START--
INFO: Run Behavior\BuildLiteBehavior [ RunTime:0.000030s ]
INFO: [ app_init ] --END-- [ RunTime:0.000535s ]
ERR: 无法加载模块:Public

[ 2017-11-19T18:21:39+08:00 ] ::1 /kejian/ErQiXiangMu/TP-shop/Public/Home/assets/css/codemirror.css
INFO: [ app_init ] --START--
INFO: Run Behavior\BuildLiteBehavior [ RunTime:0.000560s ]
INFO: [ app_init ] --END-- [ RunTime:0.001724s ]
ERR: 无法加载模块:Public

[ 2017-11-19T18:21:39+08:00 ] ::1 /kejian/ErQiXiangMu/TP-shop/Public/Home/assets/css/bootstrap.min.css
INFO: [ app_init ] --START--
INFO: Run Behavior\BuildLiteBehavior [ RunTime:0.000025s ]
INFO: [ app_init ] --END-- [ RunTime:0.000580s ]
ERR: 无法加载模块:Public

[ 2017-11-19T18:21:39+08:00 ] ::1 /kejian/ErQiXiangMu/TP-shop/Public/Home/assets/js/typeahead-bs2.min.js
INFO: [ app_init ] --START--
INFO: Run Behavior\BuildLiteBehavior [ RunTime:0.000077s ]
INFO: [ app_init ] --END-- [ RunTime:0.001203s ]
ERR: 无法加载模块:Public

[ 2017-11-19T18:21:39+08:00 ] ::1 /kejian/ErQiXiangMu/TP-shop/Public/Home/assets/js/jquery.dataTables.bootstrap.js
INFO: [ app_init ] --START--
INFO: Run Behavior\BuildLiteBehavior [ RunTime:0.000025s ]
INFO: [ app_init ] --END-- [ RunTime:0.000489s ]
ERR: 无法加载模块:Public

[ 2017-11-19T18:21:39+08:00 ] ::1 /kejian/ErQiXiangMu/TP-shop/Public/Home/assets/laydate/laydate.js
INFO: [ app_init ] --START--
INFO: Run Behavior\BuildLiteBehavior [ RunTime:0.000024s ]
INFO: [ app_init ] --END-- [ RunTime:0.000571s ]
ERR: 无法加载模块:Public

[ 2017-11-19T18:21:39+08:00 ] ::1 /kejian/ErQiXiangMu/TP-shop/Public/Home/assets/js/jquery.dataTables.min.js
INFO: [ app_init ] --START--
INFO: Run Behavior\BuildLiteBehavior [ RunTime:0.000030s ]
INFO: [ app_init ] --END-- [ RunTime:0.000715s ]
ERR: 无法加载模块:Public

[ 2017-11-19T18:21:39+08:00 ] ::1 /kejian/ErQiXiangMu/TP-shop/Public/Home/assets/layer/layer.js
INFO: [ app_init ] --START--
INFO: Run Behavior\BuildLiteBehavior [ RunTime:0.000023s ]
INFO: [ app_init ] --END-- [ RunTime:0.000509s ]
ERR: 无法加载模块:Public

[ 2017-11-19T18:21:39+08:00 ] ::1 /kejian/ErQiXiangMu/TP-shop/Public/Home/js/lrtk.js
INFO: [ app_init ] --START--
INFO: Run Behavior\BuildLiteBehavior [ RunTime:0.000027s ]
INFO: [ app_init ] --END-- [ RunTime:0.000509s ]
ERR: 无法加载模块:Public

[ 2017-11-19T18:21:39+08:00 ] ::1 /kejian/ErQiXiangMu/TP-shop/Public/Home/assets/js/bootstrap.min.js
INFO: [ app_init ] --START--
INFO: Run Behavior\BuildLiteBehavior [ RunTime:0.000026s ]
INFO: [ app_init ] --END-- [ RunTime:0.000524s ]
ERR: 无法加载模块:Public

[ 2017-11-19T18:21:39+08:00 ] ::1 /kejian/ErQiXiangMu/TP-shop/Public/Home/assets/js/jquery.easy-pie-chart.min.js
INFO: [ app_init ] --START--
INFO: Run Behavior\BuildLiteBehavior [ RunTime:0.000027s ]
INFO: [ app_init ] --END-- [ RunTime:0.000624s ]
ERR: 无法加载模块:Public

[ 2017-11-19T18:21:39+08:00 ] ::1 /kejian/ErQiXiangMu/TP-shop/Public/Home/js/H-ui.js
INFO: [ app_init ] --START--
INFO: Run Behavior\BuildLiteBehavior [ RunTime:0.000027s ]
INFO: [ app_init ] --END-- [ RunTime:0.000662s ]
ERR: 无法加载模块:Public

[ 2017-11-19T18:21:39+08:00 ] ::1 /kejian/ErQiXiangMu/TP-shop/Public/Home/assets/js/typeahead-bs2.min.js
INFO: [ app_init ] --START--
INFO: Run Behavior\BuildLiteBehavior [ RunTime:0.000017s ]
INFO: [ app_init ] --END-- [ RunTime:0.000462s ]
ERR: 无法加载模块:Public

[ 2017-11-19T18:21:39+08:00 ] ::1 /kejian/ErQiXiangMu/TP-shop/Public/Home/assets/js/jquery.dataTables.min.js
INFO: [ app_init ] --START--
INFO: Run Behavior\BuildLiteBehavior [ RunTime:0.000017s ]
INFO: [ app_init ] --END-- [ RunTime:0.000404s ]
ERR: 无法加载模块:Public

[ 2017-11-19T18:21:39+08:00 ] ::1 /kejian/ErQiXiangMu/TP-shop/Public/Home/assets/js/jquery.dataTables.bootstrap.js
INFO: [ app_init ] --START--
INFO: Run Behavior\BuildLiteBehavior [ RunTime:0.000016s ]
INFO: [ app_init ] --END-- [ RunTime:0.000383s ]
ERR: 无法加载模块:Public

[ 2017-11-19T18:21:39+08:00 ] ::1 /kejian/ErQiXiangMu/TP-shop/Public/Home/assets/layer/layer.js
INFO: [ app_init ] --START--
INFO: Run Behavior\BuildLiteBehavior [ RunTime:0.000016s ]
INFO: [ app_init ] --END-- [ RunTime:0.000387s ]
ERR: 无法加载模块:Public

[ 2017-11-19T18:21:39+08:00 ] ::1 /kejian/ErQiXiangMu/TP-shop/Public/Home/assets/laydate/laydate.js
INFO: [ app_init ] --START--
INFO: Run Behavior\BuildLiteBehavior [ RunTime:0.000016s ]
INFO: [ app_init ] --END-- [ RunTime:0.000388s ]
ERR: 无法加载模块:Public

[ 2017-11-19T18:21:40+08:00 ] ::1 /kejian/ErQiXiangMu/TP-shop/Public/Home/assets/js/jquery.easy-pie-chart.min.js
INFO: [ app_init ] --START--
INFO: Run Behavior\BuildLiteBehavior [ RunTime:0.000017s ]
INFO: [ app_init ] --END-- [ RunTime:0.000384s ]
ERR: 无法加载模块:Public

[ 2017-11-19T18:21:40+08:00 ] ::1 /kejian/ErQiXiangMu/TP-shop/Public/Home/js/lrtk.js
INFO: [ app_init ] --START--
INFO: Run Behavior\BuildLiteBehavior [ RunTime:0.000015s ]
INFO: [ app_init ] --END-- [ RunTime:0.000376s ]
ERR: 无法加载模块:Public

[ 2017-11-19T18:22:00+08:00 ] ::1 /kejian/ErQiXiangMu/TP-shop/Amounts.html
INFO: [ app_init ] --START--
INFO: Run Behavior\BuildLiteBehavior [ RunTime:0.000027s ]
INFO: [ app_init ] --END-- [ RunTime:0.000618s ]
ERR: 无法加载模块:Amounts

[ 2017-11-19T18:22:59+08:00 ] ::1 /kejian/ErQiXiangMu/TP-shop/Amounts.html
INFO: [ app_init ] --START--
INFO: Run Behavior\BuildLiteBehavior [ RunTime:0.000018s ]
INFO: [ app_init ] --END-- [ RunTime:0.000445s ]
ERR: 无法加载模块:Amounts

[ 2017-11-19T18:24:36+08:00 ] ::1 /kejian/ErQiXiangMu/TP-shop/Amounts.html
INFO: [ app_init ] --START--
INFO: Run Behavior\BuildLiteBehavior [ RunTime:0.000033s ]
INFO: [ app_init ] --END-- [ RunTime:0.000893s ]
ERR: 无法加载模块:Amounts

[ 2017-11-19T18:26:02+08:00 ] ::1 /kejian/ErQiXiangMu/TP-shop/payment_method.html
INFO: [ app_init ] --START--
INFO: Run Behavior\BuildLiteBehavior [ RunTime:0.000016s ]
INFO: [ app_init ] --END-- [ RunTime:0.000364s ]
ERR: 无法加载模块:Payment_method

[ 2017-11-19T18:26:03+08:00 ] ::1 /kejian/ErQiXiangMu/TP-shop/Cover_management.html
INFO: [ app_init ] --START--
INFO: Run Behavior\BuildLiteBehavior [ RunTime:0.000018s ]
INFO: [ app_init ] --END-- [ RunTime:0.000399s ]
ERR: 无法加载模块:Cover_management

[ 2017-11-19T18:28:31+08:00 ] ::1 /kejian/ErQiXiangMu/TP-shop/Sort_ads.html
INFO: [ app_init ] --START--
INFO: Run Behavior\BuildLiteBehavior [ RunTime:0.000014s ]
INFO: [ app_init ] --END-- [ RunTime:0.000304s ]
ERR: 无法加载模块:Sort_ads

[ 2017-11-19T18:31:13+08:00 ] ::1 /kejian/ErQiXiangMu/TP-shop/Guestbook.html
INFO: [ app_init ] --START--
INFO: Run Behavior\BuildLiteBehavior [ RunTime:0.000017s ]
INFO: [ app_init ] --END-- [ RunTime:0.000413s ]
ERR: 无法加载模块:Guestbook

[ 2017-11-19T18:32:36+08:00 ] ::1 /kejian/ErQiXiangMu/TP-shop/Refund.html
INFO: [ app_init ] --START--
INFO: Run Behavior\BuildLiteBehavior [ RunTime:0.000025s ]
INFO: [ app_init ] --END-- [ RunTime:0.000602s ]
ERR: 无法加载模块:Refund

[ 2017-11-19T19:22:29+08:00 ] ::1 /kejian/ErQiXiangMu/TP-shop/Public/Admin/js/jquery.min.map
INFO: [ app_init ] --START--
INFO: Run Behavior\BuildLiteBehavior [ RunTime:0.000033s ]
INFO: [ app_init ] --END-- [ RunTime:0.001175s ]
ERR: 无法加载模块:Public

[ 2017-11-19T19:22:45+08:00 ] ::1 /kejian/ErQiXiangMu/TP-shop/Public/Admin/js/jquery.min.map
INFO: [ app_init ] --START--
INFO: Run Behavior\BuildLiteBehavior [ RunTime:0.000026s ]
INFO: [ app_init ] --END-- [ RunTime:0.000553s ]
ERR: 无法加载模块:Public

[ 2017-11-19T19:22:45+08:00 ] ::1 /kejian/ErQiXiangMu/TP-shop/Public/Admin/assets/js/jquery.min.map
INFO: [ app_init ] --START--
INFO: Run Behavior\BuildLiteBehavior [ RunTime:0.000030s ]
INFO: [ app_init ] --END-- [ RunTime:0.000611s ]
ERR: 无法加载模块:Public

[ 2017-11-19T20:27:40+08:00 ] ::1 /kejian/ErQiXiangMu/TP-shop/Amounts.html
INFO: [ app_init ] --START--
INFO: Run Behavior\BuildLiteBehavior [ RunTime:0.000017s ]
INFO: [ app_init ] --END-- [ RunTime:0.000450s ]
ERR: 无法加载模块:Amounts

[ 2017-11-19T20:29:46+08:00 ] ::1 /kejian/ErQiXiangMu/TP-shop/Amounts.html
INFO: [ app_init ] --START--
INFO: Run Behavior\BuildLiteBehavior [ RunTime:0.000029s ]
INFO: [ app_init ] --END-- [ RunTime:0.000487s ]
ERR: 无法加载模块:Amounts

[ 2017-11-19T22:32:45+08:00 ] ::1 /kejian/ErQiXiangMu/TP-shop/Public/Admin/js/jquery.min.map
INFO: [ app_init ] --START--
INFO: Run Behavior\BuildLiteBehavior [ RunTime:0.000018s ]
INFO: [ app_init ] --END-- [ RunTime:0.000395s ]
ERR: 无法加载模块:Public

[ 2017-11-19T22:41:03+08:00 ] ::1 /kejian/ErQiXiangMu/TP-shop/Public/Admin/js/jquery.min.map
INFO: [ app_init ] --START--
INFO: Run Behavior\BuildLiteBehavior [ RunTime:0.000018s ]
INFO: [ app_init ] --END-- [ RunTime:0.000540s ]
ERR: 无法加载模块:Public

[ 2017-11-19T22:41:50+08:00 ] ::1 /kejian/ErQiXiangMu/TP-shop/Public/Admin/js/jquery.min.map
INFO: [ app_init ] --START--
INFO: Run Behavior\BuildLiteBehavior [ RunTime:0.000019s ]
INFO: [ app_init ] --END-- [ RunTime:0.000376s ]
ERR: 无法加载模块:Public

[ 2017-11-19T22:42:06+08:00 ] ::1 /kejian/ErQiXiangMu/TP-shop/Public/Admin/js/jquery.min.map
INFO: [ app_init ] --START--
INFO: Run Behavior\BuildLiteBehavior [ RunTime:0.000015s ]
INFO: [ app_init ] --END-- [ RunTime:0.000312s ]
ERR: 无法加载模块:Public

[ 2017-11-19T22:44:46+08:00 ] ::1 /kejian/ErQiXiangMu/TP-shop/Amounts.html
INFO: [ app_init ] --START--
INFO: Run Behavior\BuildLiteBehavior [ RunTime:0.000016s ]
INFO: [ app_init ] --END-- [ RunTime:0.000381s ]
ERR: 无法加载模块:Amounts

[ 2017-11-19T22:48:19+08:00 ] ::1 /kejian/ErQiXiangMu/TP-shop/Public/Admin/js/jquery.min.map
INFO: [ app_init ] --START--
INFO: Run Behavior\BuildLiteBehavior [ RunTime:0.000017s ]
INFO: [ app_init ] --END-- [ RunTime:0.000347s ]
ERR: 无法加载模块:Public

[ 2017-11-19T22:49:43+08:00 ] ::1 /kejian/ErQiXiangMu/TP-shop/Public/Admin/js/jquery.min.map
INFO: [ app_init ] --START--
INFO: Run Behavior\BuildLiteBehavior [ RunTime:0.000033s ]
INFO: [ app_init ] --END-- [ RunTime:0.001565s ]
ERR: 无法加载模块:Public

[ 2017-11-19T22:49:43+08:00 ] ::1 /kejian/ErQiXiangMu/TP-shop/Public/Admin/assets/js/jquery.min.map
INFO: [ app_init ] --START--
INFO: Run Behavior\BuildLiteBehavior [ RunTime:0.000021s ]
INFO: [ app_init ] --END-- [ RunTime:0.000420s ]
ERR: 无法加载模块:Public

[ 2017-11-19T22:50:38+08:00 ] ::1 /kejian/ErQiXiangMu/TP-shop/Public/Admin/js/jquery.min.map
INFO: [ app_init ] --START--
INFO: Run Behavior\BuildLiteBehavior [ RunTime:0.000017s ]
INFO: [ app_init ] --END-- [ RunTime:0.000532s ]
ERR: 无法加载模块:Public

[ 2017-11-19T23:04:15+08:00 ] ::1 /kejian/ErQiXiangMu/TP-shop/Public/Admin/js/jquery.min.map
ERR: 无法加载模块:Public

[ 2017-11-19T12:38:55+08:00 ] 192.168.32.127 /ErQiXiangMu/TP-shop/Public/Home/images/icon.png
ERR: 无法加载模块:Public

[ 2017-11-19T12:40:27+08:00 ] 192.168.32.127 /ErQiXiangMu/TP-shop/Public/Home/images/icon.png
ERR: 无法加载模块:Public

[ 2017-11-19T12:40:32+08:00 ] 192.168.32.127 /ErQiXiangMu/TP-shop/Public/Home/images/icon.png
ERR: 无法加载模块:Public

[ 2017-11-19T12:40:33+08:00 ] 192.168.32.127 /ErQiXiangMu/TP-shop/Public/Home/images/icon.png
ERR: 无法加载模块:Public

[ 2017-11-19T12:40:53+08:00 ] 192.168.32.127 /ErQiXiangMu/TP-shop/Public/Home/images/icon.png
ERR: 无法加载模块:Public

[ 2017-11-19T12:40:57+08:00 ] 192.168.32.127 /ErQiXiangMu/TP-shop/Public/Home/images/icon.png
ERR: 无法加载模块:Public

[ 2017-11-19T22:01:26+08:00 ] 192.168.32.127 /ErQiXiangMu/TP-shop/Cover_management.html
ERR: 无法加载模块:Cover_management

[ 2017-11-19T22:01:27+08:00 ] 192.168.32.127 /ErQiXiangMu/TP-shop/payment_method.html
ERR: 无法加载模块:Payment_method

[ 2017-11-19T22:13:50+08:00 ] 192.168.32.127 /ErQiXiangMu/TP-shop/Public/Admin/assets/js/jquery.min.map
ERR: 无法加载模块:Public

[ 2017-11-19T22:13:50+08:00 ] 192.168.32.127 /ErQiXiangMu/TP-shop/Public/Admin/js/jquery.min.map
ERR: 无法加载模块:Public

[ 2017-11-19T22:14:26+08:00 ] 192.168.32.127 /ErQiXiangMu/TP-shop/Public/Admin/js/jquery.min.map
ERR: 无法加载模块:Public

[ 2017-11-19T22:14:27+08:00 ] 192.168.32.127 /ErQiXiangMu/TP-shop/Public/Admin/assets/js/jquery.min.map
ERR: 无法加载模块:Public

[ 2017-11-19T22:17:44+08:00 ] 192.168.32.127 /ErQiXiangMu/TP-shop/Public/Admin/js/jquery.min.map
ERR: 无法加载模块:Public

[ 2017-11-19T22:17:45+08:00 ] 192.168.32.127 /ErQiXiangMu/TP-shop/Public/Admin/assets/js/jquery.min.map
ERR: 无法加载模块:Public

[ 2017-11-19T22:23:04+08:00 ] 192.168.32.127 /ErQiXiangMu/TP-shop/Public/Admin/js/jquery.min.map
ERR: 无法加载模块:Public

[ 2017-11-19T22:23:04+08:00 ] 192.168.32.127 /ErQiXiangMu/TP-shop/Public/Admin/assets/js/jquery.min.map
ERR: 无法加载模块:Public

