[ 2017-11-23T14:02:13+08:00 ] ::1 /zuoye/TP-shop/Public/Admin/js/jquery.min.map
ERR: 无法加载模块:Public

[ 2017-11-23T14:02:13+08:00 ] ::1 /zuoye/TP-shop/Public/Admin/assets/js/jquery.min.map
ERR: 无法加载模块:Public

[ 2017-11-23T21:56:28+08:00 ] ::1 /zuoye/TP-shop/Public/Home/1.gif
ERR: 无法加载模块:Public

[ 2017-11-23T21:56:58+08:00 ] ::1 /zuoye/TP-shop/Public/Home/1.gif
ERR: 无法加载模块:Public

[ 2017-11-23T21:56:59+08:00 ] ::1 /zuoye/TP-shop/Public/Home/1.gif
ERR: 无法加载模块:Public

[ 2017-11-23T21:57:00+08:00 ] ::1 /zuoye/TP-shop/Public/Home/1.gif
ERR: 无法加载模块:Public

[ 2017-11-23T21:57:01+08:00 ] ::1 /zuoye/TP-shop/Public/Home/1.gif
ERR: 无法加载模块:Public

[ 2017-11-23T21:57:32+08:00 ] ::1 /zuoye/TP-shop/Public/Home/1.gif
ERR: 无法加载模块:Public

[ 2017-11-23T21:57:32+08:00 ] ::1 /zuoye/TP-shop/Public/Home/1.gif
ERR: 无法加载模块:Public

[ 2017-11-23T21:58:03+08:00 ] ::1 /zuoye/TP-shop/Public/Home/1.gif
ERR: 无法加载模块:Public

[ 2017-11-23T21:58:03+08:00 ] ::1 /zuoye/TP-shop/Public/Home/1.gif
ERR: 无法加载模块:Public

[ 2017-11-23T23:08:47+08:00 ] ::1 /zuoye/TP-shop/Public/Home/images/res4.jpg
ERR: 无法加载模块:Public

[ 2017-11-23T23:08:47+08:00 ] ::1 /zuoye/TP-shop/Public/Home/images/res1.jpg
ERR: 无法加载模块:Public

[ 2017-11-23T23:08:47+08:00 ] ::1 /zuoye/TP-shop/Public/Home/images/res3.jpg
ERR: 无法加载模块:Public

[ 2017-11-23T23:08:47+08:00 ] ::1 /zuoye/TP-shop/Public/Home/images/res2.jpg
ERR: 无法加载模块:Public

[ 2017-11-23T23:08:47+08:00 ] ::1 /zuoye/TP-shop/Public/Home/images/res5.jpg
ERR: 无法加载模块:Public

[ 2017-11-23T23:08:47+08:00 ] ::1 /zuoye/TP-shop/Public/Home/images/resact1.png
ERR: 无法加载模块:Public

[ 2017-11-23T23:09:29+08:00 ] ::1 /zuoye/TP-shop/Public/Home/images/resact1.png
ERR: 无法加载模块:Public

[ 2017-11-23T23:09:29+08:00 ] ::1 /zuoye/TP-shop/Public/Home/images/res3.jpg
ERR: 无法加载模块:Public

[ 2017-11-23T23:09:29+08:00 ] ::1 /zuoye/TP-shop/Public/Home/images/res4.jpg
ERR: 无法加载模块:Public

[ 2017-11-23T23:09:29+08:00 ] ::1 /zuoye/TP-shop/Public/Home/images/res1.jpg
ERR: 无法加载模块:Public

[ 2017-11-23T23:09:29+08:00 ] ::1 /zuoye/TP-shop/Public/Home/images/res2.jpg
ERR: 无法加载模块:Public

[ 2017-11-23T23:09:29+08:00 ] ::1 /zuoye/TP-shop/Public/Home/images/res5.jpg
ERR: 无法加载模块:Public

[ 2017-11-23T23:10:38+08:00 ] ::1 /zuoye/TP-shop/Public/Home/images/resact1.png
ERR: 无法加载模块:Public

[ 2017-11-23T23:10:38+08:00 ] ::1 /zuoye/TP-shop/Public/Home/images/res2.jpg
ERR: 无法加载模块:Public

[ 2017-11-23T23:10:38+08:00 ] ::1 /zuoye/TP-shop/Public/Home/images/res5.jpg
ERR: 无法加载模块:Public

[ 2017-11-23T23:10:38+08:00 ] ::1 /zuoye/TP-shop/Public/Home/images/res1.jpg
ERR: 无法加载模块:Public

[ 2017-11-23T23:10:38+08:00 ] ::1 /zuoye/TP-shop/Public/Home/images/resres['name1']
ERR: 无法加载模块:Public

[ 2017-11-23T23:10:38+08:00 ] ::1 /zuoye/TP-shop/Public/Home/images/res4.jpg
ERR: 无法加载模块:Public

[ 2017-11-23T23:10:38+08:00 ] ::1 /zuoye/TP-shop/Public/Home/images/res3.jpg
ERR: 无法加载模块:Public

