[ 2017-12-03T16:01:41+08:00 ] 192.168.32.127 /TP-shop1/Public/Home./Images/Goods/5a1a68115fbc6.jpg
ERR: 无法加载模块:Public

[ 2017-12-03T16:03:16+08:00 ] 192.168.32.127 /TP-shop1/Public/Home./Images/Goods/5a1a68115fbc6.jpg
ERR: 无法加载模块:Public

[ 2017-12-03T16:03:16+08:00 ] 192.168.32.127 /TP-shop1/Public/Home./Images/Goods/5a1a68115fbc6.jpg
ERR: 无法加载模块:Public

[ 2017-12-03T16:03:43+08:00 ] 192.168.32.127 /TP-shop1/Public/Home./Images/Goods/5a1a68115fbc6.jpg
ERR: 无法加载模块:Public

[ 2017-12-03T16:03:43+08:00 ] 192.168.32.127 /TP-shop1/Public/Home./Images/Goods/5a1a68115fbc6.jpg
ERR: 无法加载模块:Public

[ 2017-12-03T16:09:57+08:00 ] 192.168.32.127 /TP-shop1/Public/Home./Images/Goods/5a1a68115fbc6.jpg
ERR: 无法加载模块:Public

[ 2017-12-03T16:11:03+08:00 ] 192.168.32.127 /TP-shop1/Public/Home./Images/Goods/5a1a68115fbc6.jpg
ERR: 无法加载模块:Public

[ 2017-12-03T16:14:39+08:00 ] 192.168.32.127 /TP-shop1/Public/Home./Images/Goods/5a1a68115fbc6.jpg
ERR: 无法加载模块:Public

[ 2017-12-03T16:14:39+08:00 ] 192.168.32.127 /TP-shop1/Public/Home./Images/Goods/5a1a68115fbc6.jpg
ERR: 无法加载模块:Public

[ 2017-12-03T16:22:13+08:00 ] 192.168.32.127 /TP-shop1/Public/Images/Goods/5a1a68115fbc6.jpg
ERR: 无法加载模块:Public

[ 2017-12-03T16:22:13+08:00 ] 192.168.32.127 /TP-shop1/Public/Images/Goods/5a1a68115fbc6.jpg
ERR: 无法加载模块:Public

[ 2017-12-03T16:22:21+08:00 ] 192.168.32.127 /TP-shop1/Public/Images/Goods/5a1a68115fbc6.jpg
ERR: 无法加载模块:Public

[ 2017-12-03T16:22:21+08:00 ] 192.168.32.127 /TP-shop1/Public/Images/Goods/5a1a68115fbc6.jpg
ERR: 无法加载模块:Public

[ 2017-12-03T16:30:18+08:00 ] 192.168.32.127 /TP-shop1/Public/Images/Goods/5a1a68115fbc6.jpg
ERR: 无法加载模块:Public

[ 2017-12-03T16:30:18+08:00 ] 192.168.32.127 /TP-shop1/Public/Images/Goods/5a1a68115fbc6.jpg
ERR: 无法加载模块:Public

[ 2017-12-03T16:30:54+08:00 ] 192.168.32.127 /TP-shop1/Public/Images/Goods/5a1a68115fbc6.jpg
ERR: 无法加载模块:Public

[ 2017-12-03T16:30:54+08:00 ] 192.168.32.127 /TP-shop1/Public/Images/Goods/5a1a68115fbc6.jpg
ERR: 无法加载模块:Public

[ 2017-12-03T16:33:28+08:00 ] 192.168.32.127 /TP-shop1/Public/Images/Goods/5a1a68115fbc6.jpg
ERR: 无法加载模块:Public

[ 2017-12-03T16:33:28+08:00 ] 192.168.32.127 /TP-shop1/Public/Images/Goods/5a1a68115fbc6.jpg
ERR: 无法加载模块:Public

[ 2017-12-03T16:34:37+08:00 ] 192.168.32.127 /TP-shop1/Public/Images/Goods/5a1a68115fbc6.jpg
ERR: 无法加载模块:Public

[ 2017-12-03T16:34:37+08:00 ] 192.168.32.127 /TP-shop1/Public/Images/Goods/5a1a68115fbc6.jpg
ERR: 无法加载模块:Public

[ 2017-12-03T16:37:07+08:00 ] 192.168.32.127 /TP-shop1/Public/Images/Goods/5a1a68115fbc6.jpg
ERR: 无法加载模块:Public

[ 2017-12-03T16:37:07+08:00 ] 192.168.32.127 /TP-shop1/Public/Images/Goods/5a1a68115fbc6.jpg
ERR: 无法加载模块:Public

[ 2017-12-03T16:37:31+08:00 ] 192.168.32.127 /TP-shop1/Public/Images/Goods/5a1a68115fbc6.jpg
ERR: 无法加载模块:Public

[ 2017-12-03T16:37:31+08:00 ] 192.168.32.127 /TP-shop1/Public/Images/Goods/5a1a68115fbc6.jpg
ERR: 无法加载模块:Public

[ 2017-12-03T16:38:37+08:00 ] 192.168.32.127 /TP-shop1/Public/Images/Goods/5a1a68115fbc6.jpg
ERR: 无法加载模块:Public

[ 2017-12-03T16:38:37+08:00 ] 192.168.32.127 /TP-shop1/Public/Images/Goods/5a1a68115fbc6.jpg
ERR: 无法加载模块:Public

[ 2017-12-03T22:40:53+08:00 ] 192.168.32.127 /sd/Public/Images/Goods/5a1a68115fbc6.jpg
INFO: [ app_init ] --START--
INFO: Run Behavior\BuildLiteBehavior [ RunTime:0.000012s ]
INFO: [ app_init ] --END-- [ RunTime:0.000290s ]
ERR: 无法加载模块:Public

[ 2017-12-03T22:40:58+08:00 ] 192.168.32.127 /sd/Public/Images/TuiGuang/5a1b643b9362b.jpg
INFO: [ app_init ] --START--
INFO: Run Behavior\BuildLiteBehavior [ RunTime:0.000015s ]
INFO: [ app_init ] --END-- [ RunTime:0.000551s ]
ERR: 无法加载模块:Public

[ 2017-12-03T22:40:58+08:00 ] 192.168.32.127 /sd/Public/Images/TuiGuang/5a1b643b9362b.jpg
INFO: [ app_init ] --START--
INFO: Run Behavior\BuildLiteBehavior [ RunTime:0.000007s ]
INFO: [ app_init ] --END-- [ RunTime:0.000167s ]
ERR: 无法加载模块:Public

[ 2017-12-03T22:41:10+08:00 ] 192.168.32.127 /sd/Public/Images/TuiGuang/5a1b643b9362b.jpg
INFO: [ app_init ] --START--
INFO: Run Behavior\BuildLiteBehavior [ RunTime:0.000009s ]
INFO: [ app_init ] --END-- [ RunTime:0.000174s ]
ERR: 无法加载模块:Public

[ 2017-12-03T22:41:10+08:00 ] 192.168.32.127 /sd/Public/Images/TuiGuang/5a1b643b9362b.jpg
INFO: [ app_init ] --START--
INFO: Run Behavior\BuildLiteBehavior [ RunTime:0.000011s ]
INFO: [ app_init ] --END-- [ RunTime:0.000261s ]
ERR: 无法加载模块:Public

[ 2017-12-03T22:41:18+08:00 ] 192.168.32.127 /sd/Public/Images/Goods/5a19e366380aa.jpg
INFO: [ app_init ] --START--
INFO: Run Behavior\BuildLiteBehavior [ RunTime:0.000009s ]
INFO: [ app_init ] --END-- [ RunTime:0.000175s ]
ERR: 无法加载模块:Public

[ 2017-12-03T22:41:18+08:00 ] 192.168.32.127 /sd/Public/Images/Goods/5a19e366380aa.jpg
INFO: [ app_init ] --START--
INFO: Run Behavior\BuildLiteBehavior [ RunTime:0.000012s ]
INFO: [ app_init ] --END-- [ RunTime:0.000311s ]
ERR: 无法加载模块:Public

[ 2017-12-03T22:41:24+08:00 ] 192.168.32.127 /sd/Public/Images/Goods/5a19e366380aa.jpg
INFO: [ app_init ] --START--
INFO: Run Behavior\BuildLiteBehavior [ RunTime:0.000011s ]
INFO: [ app_init ] --END-- [ RunTime:0.000301s ]
ERR: 无法加载模块:Public

[ 2017-12-03T22:41:24+08:00 ] 192.168.32.127 /sd/Public/Images/Goods/5a19e366380aa.jpg
INFO: [ app_init ] --START--
INFO: Run Behavior\BuildLiteBehavior [ RunTime:0.000010s ]
INFO: [ app_init ] --END-- [ RunTime:0.000238s ]
ERR: 无法加载模块:Public

[ 2017-12-03T22:41:25+08:00 ] 192.168.32.127 /sd/Public/Images/Goods/5a19e366380aa.jpg
INFO: [ app_init ] --START--
INFO: Run Behavior\BuildLiteBehavior [ RunTime:0.000011s ]
INFO: [ app_init ] --END-- [ RunTime:0.000248s ]
ERR: 无法加载模块:Public

[ 2017-12-03T22:41:25+08:00 ] 192.168.32.127 /sd/Public/Images/Goods/5a19e366380aa.jpg
INFO: [ app_init ] --START--
INFO: Run Behavior\BuildLiteBehavior [ RunTime:0.000008s ]
INFO: [ app_init ] --END-- [ RunTime:0.003250s ]
ERR: 无法加载模块:Public

[ 2017-12-03T22:41:27+08:00 ] 192.168.32.127 /sd/Public/Images/Goods/5a19e366380aa.jpg
INFO: [ app_init ] --START--
INFO: Run Behavior\BuildLiteBehavior [ RunTime:0.000011s ]
INFO: [ app_init ] --END-- [ RunTime:0.000231s ]
ERR: 无法加载模块:Public

[ 2017-12-03T22:41:27+08:00 ] 192.168.32.127 /sd/Public/Images/Goods/5a19e366380aa.jpg
INFO: [ app_init ] --START--
INFO: Run Behavior\BuildLiteBehavior [ RunTime:0.000009s ]
INFO: [ app_init ] --END-- [ RunTime:0.000248s ]
ERR: 无法加载模块:Public

[ 2017-12-03T22:41:29+08:00 ] 192.168.32.127 /sd/Public/Images/Goods/5a19e366380aa.jpg
INFO: [ app_init ] --START--
INFO: Run Behavior\BuildLiteBehavior [ RunTime:0.000010s ]
INFO: [ app_init ] --END-- [ RunTime:0.000234s ]
ERR: 无法加载模块:Public

[ 2017-12-03T22:41:29+08:00 ] 192.168.32.127 /sd/Public/Images/Goods/5a19e366380aa.jpg
INFO: [ app_init ] --START--
INFO: Run Behavior\BuildLiteBehavior [ RunTime:0.000013s ]
INFO: [ app_init ] --END-- [ RunTime:0.002400s ]
ERR: 无法加载模块:Public

[ 2017-12-03T22:41:42+08:00 ] 192.168.32.127 /sd/Public/Images/Goods/5a1a68115fd88.jpg
INFO: [ app_init ] --START--
INFO: Run Behavior\BuildLiteBehavior [ RunTime:0.000009s ]
INFO: [ app_init ] --END-- [ RunTime:0.000625s ]
ERR: 无法加载模块:Public

[ 2017-12-03T22:41:42+08:00 ] 192.168.32.127 /sd/Public/Images/Goods/5a1a68115f737.jpg
INFO: [ app_init ] --START--
INFO: Run Behavior\BuildLiteBehavior [ RunTime:0.000006s ]
INFO: [ app_init ] --END-- [ RunTime:0.000809s ]
ERR: 无法加载模块:Public

[ 2017-12-03T22:41:42+08:00 ] 192.168.32.127 /sd/Public/Images/Goods/5a1a681160311.jpg
INFO: [ app_init ] --START--
INFO: Run Behavior\BuildLiteBehavior [ RunTime:0.000014s ]
INFO: [ app_init ] --END-- [ RunTime:0.002542s ]
ERR: 无法加载模块:Public

[ 2017-12-03T22:41:42+08:00 ] 192.168.32.127 /sd/Public/Images/Goods/5a1a68115fbc6.jpg
INFO: [ app_init ] --START--
INFO: Run Behavior\BuildLiteBehavior [ RunTime:0.000018s ]
INFO: [ app_init ] --END-- [ RunTime:0.000272s ]
ERR: 无法加载模块:Public

[ 2017-12-03T22:41:42+08:00 ] 192.168.32.127 /sd/Public/Images/Goods/5a1a68115ffb2.jpg
INFO: [ app_init ] --START--
INFO: Run Behavior\BuildLiteBehavior [ RunTime:0.000014s ]
INFO: [ app_init ] --END-- [ RunTime:0.000909s ]
ERR: 无法加载模块:Public

[ 2017-12-03T22:41:42+08:00 ] 192.168.32.127 /sd/Public/Images/Goods/5a19e366380aa.jpg
INFO: [ app_init ] --START--
INFO: Run Behavior\BuildLiteBehavior [ RunTime:0.000011s ]
INFO: [ app_init ] --END-- [ RunTime:0.000749s ]
ERR: 无法加载模块:Public

[ 2017-12-03T22:41:42+08:00 ] 192.168.32.127 /sd/Public/Images/GoodsXiangQing/5a1acbf853286.jpg
INFO: [ app_init ] --START--
INFO: Run Behavior\BuildLiteBehavior [ RunTime:0.000017s ]
INFO: [ app_init ] --END-- [ RunTime:0.001324s ]
ERR: 无法加载模块:Public

[ 2017-12-03T22:41:42+08:00 ] 192.168.32.127 /sd/Public/Images/GoodsXiangQing/5a1acbf852961.jpg
INFO: [ app_init ] --START--
INFO: Run Behavior\BuildLiteBehavior [ RunTime:0.000017s ]
INFO: [ app_init ] --END-- [ RunTime:0.000848s ]
ERR: 无法加载模块:Public

[ 2017-12-03T22:41:42+08:00 ] 192.168.32.127 /sd/Public/Images/GoodsXiangQing/5a1acbf853b14.jpg
INFO: [ app_init ] --START--
INFO: Run Behavior\BuildLiteBehavior [ RunTime:0.000009s ]
INFO: [ app_init ] --END-- [ RunTime:0.000825s ]
ERR: 无法加载模块:Public

[ 2017-12-03T22:41:42+08:00 ] 192.168.32.127 /sd/Public/Images/GoodsXiangQing/5a1acbf85500c.jpg
INFO: [ app_init ] --START--
INFO: Run Behavior\BuildLiteBehavior [ RunTime:0.000012s ]
INFO: [ app_init ] --END-- [ RunTime:0.001223s ]
ERR: 无法加载模块:Public

[ 2017-12-03T22:41:42+08:00 ] 192.168.32.127 /sd/Public/Images/GoodsXiangQing/5a1acbf854469.jpg
INFO: [ app_init ] --START--
INFO: Run Behavior\BuildLiteBehavior [ RunTime:0.000011s ]
INFO: [ app_init ] --END-- [ RunTime:0.000250s ]
ERR: 无法加载模块:Public

[ 2017-12-03T22:41:42+08:00 ] 192.168.32.127 /sd/Public/Images/GoodsXiangQing/5a1acbf8565a3.jpg
INFO: [ app_init ] --START--
INFO: Run Behavior\BuildLiteBehavior [ RunTime:0.000011s ]
INFO: [ app_init ] --END-- [ RunTime:0.000231s ]
ERR: 无法加载模块:Public

[ 2017-12-03T22:41:42+08:00 ] 192.168.32.127 /sd/Public/Images/GoodsXiangQing/5a1acbf855fbc.jpg
INFO: [ app_init ] --START--
INFO: Run Behavior\BuildLiteBehavior [ RunTime:0.000006s ]
INFO: [ app_init ] --END-- [ RunTime:0.000159s ]
ERR: 无法加载模块:Public

[ 2017-12-03T22:41:42+08:00 ] 192.168.32.127 /sd/Public/Images/Goods/5a1a68115fd88.jpg
INFO: [ app_init ] --START--
INFO: Run Behavior\BuildLiteBehavior [ RunTime:0.000007s ]
INFO: [ app_init ] --END-- [ RunTime:0.000161s ]
ERR: 无法加载模块:Public

[ 2017-12-03T22:41:42+08:00 ] 192.168.32.127 /sd/Public/Images/Goods/5a1a68115fbc6.jpg
INFO: [ app_init ] --START--
INFO: Run Behavior\BuildLiteBehavior [ RunTime:0.000009s ]
INFO: [ app_init ] --END-- [ RunTime:0.009284s ]
ERR: 无法加载模块:Public

[ 2017-12-03T22:41:42+08:00 ] 192.168.32.127 /sd/Public/Images/Goods/5a1a68115ffb2.jpg
INFO: [ app_init ] --START--
INFO: Run Behavior\BuildLiteBehavior [ RunTime:0.000016s ]
INFO: [ app_init ] --END-- [ RunTime:0.004384s ]
ERR: 无法加载模块:Public

[ 2017-12-03T22:41:42+08:00 ] 192.168.32.127 /sd/Public/Images/Goods/5a1a681160311.jpg
INFO: [ app_init ] --START--
INFO: Run Behavior\BuildLiteBehavior [ RunTime:0.000014s ]
INFO: [ app_init ] --END-- [ RunTime:0.000271s ]
ERR: 无法加载模块:Public

[ 2017-12-03T22:41:42+08:00 ] 192.168.32.127 /sd/Public/Images/Goods/5a1a68115f737.jpg
INFO: [ app_init ] --START--
INFO: Run Behavior\BuildLiteBehavior [ RunTime:0.000007s ]
INFO: [ app_init ] --END-- [ RunTime:0.000179s ]
ERR: 无法加载模块:Public

[ 2017-12-03T22:41:42+08:00 ] 192.168.32.127 /sd/Public/Images/Goods/5a19e366380aa.jpg
INFO: [ app_init ] --START--
INFO: Run Behavior\BuildLiteBehavior [ RunTime:0.000007s ]
INFO: [ app_init ] --END-- [ RunTime:0.000207s ]
ERR: 无法加载模块:Public

[ 2017-12-03T22:41:42+08:00 ] 192.168.32.127 /sd/Public/Images/GoodsXiangQing/5a1acbf852961.jpg
INFO: [ app_init ] --START--
INFO: Run Behavior\BuildLiteBehavior [ RunTime:0.000007s ]
INFO: [ app_init ] --END-- [ RunTime:0.000197s ]
ERR: 无法加载模块:Public

[ 2017-12-03T22:41:42+08:00 ] 192.168.32.127 /sd/Public/Images/GoodsXiangQing/5a1acbf853286.jpg
INFO: [ app_init ] --START--
INFO: Run Behavior\BuildLiteBehavior [ RunTime:0.000008s ]
INFO: [ app_init ] --END-- [ RunTime:0.000161s ]
ERR: 无法加载模块:Public

[ 2017-12-03T22:41:42+08:00 ] 192.168.32.127 /sd/Public/Images/GoodsXiangQing/5a1acbf853b14.jpg
INFO: [ app_init ] --START--
INFO: Run Behavior\BuildLiteBehavior [ RunTime:0.000007s ]
INFO: [ app_init ] --END-- [ RunTime:0.000208s ]
ERR: 无法加载模块:Public

[ 2017-12-03T22:41:42+08:00 ] 192.168.32.127 /sd/Public/Images/Goods/5a1a68115fbc6.jpg
INFO: [ app_init ] --START--
INFO: Run Behavior\BuildLiteBehavior [ RunTime:0.000009s ]
INFO: [ app_init ] --END-- [ RunTime:0.000230s ]
ERR: 无法加载模块:Public

[ 2017-12-03T22:41:45+08:00 ] 192.168.32.127 /sd/Public/Images/GoodsShuXingTu/5a1b028d95141.jpg
INFO: [ app_init ] --START--
INFO: Run Behavior\BuildLiteBehavior [ RunTime:0.000007s ]
INFO: [ app_init ] --END-- [ RunTime:0.000186s ]
ERR: 无法加载模块:Public

[ 2017-12-03T22:41:47+08:00 ] 192.168.32.127 /sd/Public/Images/GoodsShuXingTu/5a1b028d95141.jpg
INFO: [ app_init ] --START--
INFO: Run Behavior\BuildLiteBehavior [ RunTime:0.000008s ]
INFO: [ app_init ] --END-- [ RunTime:0.000211s ]
ERR: 无法加载模块:Public

[ 2017-12-03T22:41:49+08:00 ] 192.168.32.127 /sd/Public/Images/GoodsShuXingTu/5a1b028d95141.jpg
INFO: [ app_init ] --START--
INFO: Run Behavior\BuildLiteBehavior [ RunTime:0.000007s ]
INFO: [ app_init ] --END-- [ RunTime:0.000180s ]
ERR: 无法加载模块:Public

[ 2017-12-03T22:41:53+08:00 ] 192.168.32.127 /sd/Public/Images/GoodsShuXingTu/5a1b028d95141.jpg
INFO: [ app_init ] --START--
INFO: Run Behavior\BuildLiteBehavior [ RunTime:0.000006s ]
INFO: [ app_init ] --END-- [ RunTime:0.000176s ]
ERR: 无法加载模块:Public

[ 2017-12-03T22:41:55+08:00 ] 192.168.32.127 /sd/Public/Images/GoodsShuXingTu/5a1a78ba44d96.jpg
INFO: [ app_init ] --START--
INFO: Run Behavior\BuildLiteBehavior [ RunTime:0.000011s ]
INFO: [ app_init ] --END-- [ RunTime:0.000224s ]
ERR: 无法加载模块:Public

[ 2017-12-03T22:41:56+08:00 ] 192.168.32.127 /sd/Public/Images/GoodsShuXingTu/5a1b028d95141.jpg
INFO: [ app_init ] --START--
INFO: Run Behavior\BuildLiteBehavior [ RunTime:0.000008s ]
INFO: [ app_init ] --END-- [ RunTime:0.000190s ]
ERR: 无法加载模块:Public

[ 2017-12-03T22:41:59+08:00 ] 192.168.32.127 /sd/Public/Images/GoodsShuXingTu/5a1b028d95141.jpg
INFO: [ app_init ] --START--
INFO: Run Behavior\BuildLiteBehavior [ RunTime:0.000009s ]
INFO: [ app_init ] --END-- [ RunTime:0.000296s ]
ERR: 无法加载模块:Public

[ 2017-12-03T22:46:30+08:00 ] 192.168.32.127 /sd/Public/Images/Goods/5a1a68115fd88.jpg
INFO: [ app_init ] --START--
INFO: Run Behavior\BuildLiteBehavior [ RunTime:0.000015s ]
INFO: [ app_init ] --END-- [ RunTime:0.000289s ]
ERR: 无法加载模块:Public

[ 2017-12-03T22:46:30+08:00 ] 192.168.32.127 /sd/Public/Images/Goods/5a1a68115fbc6.jpg
INFO: [ app_init ] --START--
INFO: Run Behavior\BuildLiteBehavior [ RunTime:0.000020s ]
INFO: [ app_init ] --END-- [ RunTime:0.008284s ]
ERR: 无法加载模块:Public

[ 2017-12-03T22:46:30+08:00 ] 192.168.32.127 /sd/Public/Images/Goods/5a1a68115f737.jpg
INFO: [ app_init ] --START--
INFO: Run Behavior\BuildLiteBehavior [ RunTime:0.000014s ]
INFO: [ app_init ] --END-- [ RunTime:0.000293s ]
ERR: 无法加载模块:Public

[ 2017-12-03T22:46:30+08:00 ] 192.168.32.127 /sd/Public/Images/Goods/5a1a681160311.jpg
INFO: [ app_init ] --START--
INFO: Run Behavior\BuildLiteBehavior [ RunTime:0.000014s ]
INFO: [ app_init ] --END-- [ RunTime:0.000386s ]
ERR: 无法加载模块:Public

[ 2017-12-03T22:46:30+08:00 ] 192.168.32.127 /sd/Public/Images/Goods/5a1a68115ffb2.jpg
INFO: [ app_init ] --START--
INFO: Run Behavior\BuildLiteBehavior [ RunTime:0.000014s ]
INFO: [ app_init ] --END-- [ RunTime:0.000357s ]
ERR: 无法加载模块:Public

[ 2017-12-03T22:46:30+08:00 ] 192.168.32.127 /sd/Public/Images/Goods/5a19e366380aa.jpg
INFO: [ app_init ] --START--
INFO: Run Behavior\BuildLiteBehavior [ RunTime:0.000013s ]
INFO: [ app_init ] --END-- [ RunTime:0.000290s ]
ERR: 无法加载模块:Public

[ 2017-12-03T22:46:30+08:00 ] 192.168.32.127 /sd/Public/Images/GoodsXiangQing/5a1acbf853286.jpg
INFO: [ app_init ] --START--
INFO: Run Behavior\BuildLiteBehavior [ RunTime:0.000010s ]
INFO: [ app_init ] --END-- [ RunTime:0.012337s ]
ERR: 无法加载模块:Public

[ 2017-12-03T22:46:30+08:00 ] 192.168.32.127 /sd/Public/Images/GoodsXiangQing/5a1acbf852961.jpg
INFO: [ app_init ] --START--
INFO: Run Behavior\BuildLiteBehavior [ RunTime:0.000013s ]
INFO: [ app_init ] --END-- [ RunTime:0.000263s ]
ERR: 无法加载模块:Public

[ 2017-12-03T22:46:30+08:00 ] 192.168.32.127 /sd/Public/Images/GoodsXiangQing/5a1acbf854469.jpg
INFO: [ app_init ] --START--
INFO: Run Behavior\BuildLiteBehavior [ RunTime:0.000015s ]
INFO: [ app_init ] --END-- [ RunTime:0.000281s ]
ERR: 无法加载模块:Public

[ 2017-12-03T22:46:30+08:00 ] 192.168.32.127 /sd/Public/Images/GoodsXiangQing/5a1acbf85500c.jpg
INFO: [ app_init ] --START--
INFO: Run Behavior\BuildLiteBehavior [ RunTime:0.000010s ]
INFO: [ app_init ] --END-- [ RunTime:0.000238s ]
ERR: 无法加载模块:Public

[ 2017-12-03T22:46:30+08:00 ] 192.168.32.127 /sd/Public/Images/GoodsXiangQing/5a1acbf853b14.jpg
INFO: [ app_init ] --START--
INFO: Run Behavior\BuildLiteBehavior [ RunTime:0.000015s ]
INFO: [ app_init ] --END-- [ RunTime:0.000372s ]
ERR: 无法加载模块:Public

[ 2017-12-03T22:46:30+08:00 ] 192.168.32.127 /sd/Public/Images/GoodsXiangQing/5a1acbf855fbc.jpg
INFO: [ app_init ] --START--
INFO: Run Behavior\BuildLiteBehavior [ RunTime:0.000019s ]
INFO: [ app_init ] --END-- [ RunTime:0.008454s ]
ERR: 无法加载模块:Public

[ 2017-12-03T22:46:30+08:00 ] 192.168.32.127 /sd/Public/Images/GoodsXiangQing/5a1acbf8565a3.jpg
INFO: [ app_init ] --START--
INFO: Run Behavior\BuildLiteBehavior [ RunTime:0.000013s ]
INFO: [ app_init ] --END-- [ RunTime:0.000289s ]
ERR: 无法加载模块:Public

[ 2017-12-03T22:46:30+08:00 ] 192.168.32.127 /sd/Public/Images/Goods/5a1a68115fd88.jpg
INFO: [ app_init ] --START--
INFO: Run Behavior\BuildLiteBehavior [ RunTime:0.000008s ]
INFO: [ app_init ] --END-- [ RunTime:0.000169s ]
ERR: 无法加载模块:Public

[ 2017-12-03T22:46:30+08:00 ] 192.168.32.127 /sd/Public/Images/Goods/5a1a68115ffb2.jpg
INFO: [ app_init ] --START--
INFO: Run Behavior\BuildLiteBehavior [ RunTime:0.000007s ]
INFO: [ app_init ] --END-- [ RunTime:0.000160s ]
ERR: 无法加载模块:Public

[ 2017-12-03T22:46:30+08:00 ] 192.168.32.127 /sd/Public/Images/Goods/5a1a68115f737.jpg
INFO: [ app_init ] --START--
INFO: Run Behavior\BuildLiteBehavior [ RunTime:0.000007s ]
INFO: [ app_init ] --END-- [ RunTime:0.000161s ]
ERR: 无法加载模块:Public

[ 2017-12-03T22:46:30+08:00 ] 192.168.32.127 /sd/Public/Images/Goods/5a1a681160311.jpg
INFO: [ app_init ] --START--
INFO: Run Behavior\BuildLiteBehavior [ RunTime:0.000015s ]
INFO: [ app_init ] --END-- [ RunTime:0.000689s ]
ERR: 无法加载模块:Public

[ 2017-12-03T22:46:30+08:00 ] 192.168.32.127 /sd/Public/Images/Goods/5a1a68115fbc6.jpg
INFO: [ app_init ] --START--
INFO: Run Behavior\BuildLiteBehavior [ RunTime:0.000009s ]
INFO: [ app_init ] --END-- [ RunTime:0.000173s ]
ERR: 无法加载模块:Public

[ 2017-12-03T22:46:30+08:00 ] 192.168.32.127 /sd/Public/Images/Goods/5a19e366380aa.jpg
INFO: [ app_init ] --START--
INFO: Run Behavior\BuildLiteBehavior [ RunTime:0.000009s ]
INFO: [ app_init ] --END-- [ RunTime:0.000254s ]
ERR: 无法加载模块:Public

[ 2017-12-03T22:46:30+08:00 ] 192.168.32.127 /sd/Public/Images/GoodsXiangQing/5a1acbf854469.jpg
INFO: [ app_init ] --START--
INFO: Run Behavior\BuildLiteBehavior [ RunTime:0.000007s ]
INFO: [ app_init ] --END-- [ RunTime:0.000161s ]
ERR: 无法加载模块:Public

[ 2017-12-03T22:46:30+08:00 ] 192.168.32.127 /sd/Public/Images/GoodsXiangQing/5a1acbf852961.jpg
INFO: [ app_init ] --START--
INFO: Run Behavior\BuildLiteBehavior [ RunTime:0.000008s ]
INFO: [ app_init ] --END-- [ RunTime:0.000166s ]
ERR: 无法加载模块:Public

[ 2017-12-03T22:46:30+08:00 ] 192.168.32.127 /sd/Public/Images/GoodsXiangQing/5a1acbf853286.jpg
INFO: [ app_init ] --START--
INFO: Run Behavior\BuildLiteBehavior [ RunTime:0.000009s ]
INFO: [ app_init ] --END-- [ RunTime:0.000190s ]
ERR: 无法加载模块:Public

[ 2017-12-03T22:46:30+08:00 ] 192.168.32.127 /sd/Public/Images/GoodsXiangQing/5a1acbf853b14.jpg
INFO: [ app_init ] --START--
INFO: Run Behavior\BuildLiteBehavior [ RunTime:0.000009s ]
INFO: [ app_init ] --END-- [ RunTime:0.000170s ]
ERR: 无法加载模块:Public

[ 2017-12-03T22:46:30+08:00 ] 192.168.32.127 /sd/Public/Images/GoodsXiangQing/5a1acbf85500c.jpg
INFO: [ app_init ] --START--
INFO: Run Behavior\BuildLiteBehavior [ RunTime:0.000020s ]
INFO: [ app_init ] --END-- [ RunTime:0.005494s ]
ERR: 无法加载模块:Public

[ 2017-12-03T22:46:30+08:00 ] 192.168.32.127 /sd/Public/Images/GoodsXiangQing/5a1acbf855fbc.jpg
INFO: [ app_init ] --START--
INFO: Run Behavior\BuildLiteBehavior [ RunTime:0.000015s ]
INFO: [ app_init ] --END-- [ RunTime:0.000283s ]
ERR: 无法加载模块:Public

[ 2017-12-03T22:46:30+08:00 ] 192.168.32.127 /sd/Public/Images/GoodsXiangQing/5a1acbf8565a3.jpg
INFO: [ app_init ] --START--
INFO: Run Behavior\BuildLiteBehavior [ RunTime:0.000013s ]
INFO: [ app_init ] --END-- [ RunTime:0.000498s ]
ERR: 无法加载模块:Public

[ 2017-12-03T22:46:30+08:00 ] 192.168.32.127 /sd/Public/Images/Goods/5a1a68115fbc6.jpg
INFO: [ app_init ] --START--
INFO: Run Behavior\BuildLiteBehavior [ RunTime:0.000009s ]
INFO: [ app_init ] --END-- [ RunTime:0.000180s ]
ERR: 无法加载模块:Public

[ 2017-12-03T22:46:41+08:00 ] 192.168.32.127 /sd/Public/Images/GoodsShuXingTu/5a1b028d95141.jpg
INFO: [ app_init ] --START--
INFO: Run Behavior\BuildLiteBehavior [ RunTime:0.000008s ]
INFO: [ app_init ] --END-- [ RunTime:0.000179s ]
ERR: 无法加载模块:Public

[ 2017-12-03T22:46:43+08:00 ] 192.168.32.127 /sd/Public/Images/GoodsShuXingTu/5a1b028d95141.jpg
INFO: [ app_init ] --START--
INFO: Run Behavior\BuildLiteBehavior [ RunTime:0.000023s ]
INFO: [ app_init ] --END-- [ RunTime:0.000691s ]
ERR: 无法加载模块:Public

[ 2017-12-03T22:46:44+08:00 ] 192.168.32.127 /sd/Public/Images/GoodsShuXingTu/5a1b028d95141.jpg
INFO: [ app_init ] --START--
INFO: Run Behavior\BuildLiteBehavior [ RunTime:0.000008s ]
INFO: [ app_init ] --END-- [ RunTime:0.000202s ]
ERR: 无法加载模块:Public

[ 2017-12-03T22:46:46+08:00 ] 192.168.32.127 /sd/Public/Images/GoodsShuXingTu/5a1b028d95141.jpg
INFO: [ app_init ] --START--
INFO: Run Behavior\BuildLiteBehavior [ RunTime:0.000006s ]
INFO: [ app_init ] --END-- [ RunTime:0.000151s ]
ERR: 无法加载模块:Public

[ 2017-12-03T22:46:48+08:00 ] 192.168.32.127 /sd/Public/Images/GoodsShuXingTu/5a1b028d95141.jpg
INFO: [ app_init ] --START--
INFO: Run Behavior\BuildLiteBehavior [ RunTime:0.000007s ]
INFO: [ app_init ] --END-- [ RunTime:0.000182s ]
ERR: 无法加载模块:Public

[ 2017-12-03T22:46:49+08:00 ] 192.168.32.127 /sd/Public/Images/GoodsShuXingTu/5a1b028d95141.jpg
INFO: [ app_init ] --START--
INFO: Run Behavior\BuildLiteBehavior [ RunTime:0.000009s ]
INFO: [ app_init ] --END-- [ RunTime:0.000191s ]
ERR: 无法加载模块:Public

[ 2017-12-03T22:46:50+08:00 ] 192.168.32.127 /sd/Public/Images/GoodsShuXingTu/5a1a78ba44d96.jpg
INFO: [ app_init ] --START--
INFO: Run Behavior\BuildLiteBehavior [ RunTime:0.000007s ]
INFO: [ app_init ] --END-- [ RunTime:0.000179s ]
ERR: 无法加载模块:Public

[ 2017-12-03T22:47:28+08:00 ] 192.168.32.127 /sd/Public/Images/GoodsXiangQing/5a1acbf85500c.jpg
INFO: [ app_init ] --START--
INFO: Run Behavior\BuildLiteBehavior [ RunTime:0.000010s ]
INFO: [ app_init ] --END-- [ RunTime:0.000220s ]
ERR: 无法加载模块:Public

[ 2017-12-03T22:47:28+08:00 ] 192.168.32.127 /sd/Public/Images/GoodsXiangQing/5a1acbf853286.jpg
INFO: [ app_init ] --START--
INFO: Run Behavior\BuildLiteBehavior [ RunTime:0.000011s ]
INFO: [ app_init ] --END-- [ RunTime:0.000267s ]
ERR: 无法加载模块:Public

[ 2017-12-03T22:47:28+08:00 ] 192.168.32.127 /sd/Public/Images/GoodsXiangQing/5a1acbf853b14.jpg
INFO: [ app_init ] --START--
INFO: Run Behavior\BuildLiteBehavior [ RunTime:0.000020s ]
INFO: [ app_init ] --END-- [ RunTime:0.002218s ]
ERR: 无法加载模块:Public

[ 2017-12-03T22:47:28+08:00 ] 192.168.32.127 /sd/Public/Images/GoodsXiangQing/5a1acbf854469.jpg
INFO: [ app_init ] --START--
INFO: Run Behavior\BuildLiteBehavior [ RunTime:0.000046s ]
INFO: [ app_init ] --END-- [ RunTime:0.000475s ]
ERR: 无法加载模块:Public

[ 2017-12-03T22:47:28+08:00 ] 192.168.32.127 /sd/Public/Images/GoodsXiangQing/5a1acbf852961.jpg
INFO: [ app_init ] --START--
INFO: Run Behavior\BuildLiteBehavior [ RunTime:0.000021s ]
INFO: [ app_init ] --END-- [ RunTime:0.007513s ]
ERR: 无法加载模块:Public

[ 2017-12-03T22:47:28+08:00 ] 192.168.32.127 /sd/Public/Images/GoodsXiangQing/5a1acbf855fbc.jpg
INFO: [ app_init ] --START--
INFO: Run Behavior\BuildLiteBehavior [ RunTime:0.000029s ]
INFO: [ app_init ] --END-- [ RunTime:0.000284s ]
ERR: 无法加载模块:Public

[ 2017-12-03T22:47:28+08:00 ] 192.168.32.127 /sd/Public/Images/GoodsXiangQing/5a1acbf8565a3.jpg
INFO: [ app_init ] --START--
INFO: Run Behavior\BuildLiteBehavior [ RunTime:0.000008s ]
INFO: [ app_init ] --END-- [ RunTime:0.000224s ]
ERR: 无法加载模块:Public

[ 2017-12-03T22:47:28+08:00 ] 192.168.32.127 /sd/Public/Images/GoodsXiangQing/5a1acbf853b14.jpg
INFO: [ app_init ] --START--
INFO: Run Behavior\BuildLiteBehavior [ RunTime:0.000011s ]
INFO: [ app_init ] --END-- [ RunTime:0.000332s ]
ERR: 无法加载模块:Public

[ 2017-12-03T22:47:28+08:00 ] 192.168.32.127 /sd/Public/Images/GoodsXiangQing/5a1acbf854469.jpg
INFO: [ app_init ] --START--
INFO: Run Behavior\BuildLiteBehavior [ RunTime:0.000007s ]
INFO: [ app_init ] --END-- [ RunTime:0.000167s ]
ERR: 无法加载模块:Public

[ 2017-12-03T22:47:28+08:00 ] 192.168.32.127 /sd/Public/Images/GoodsXiangQing/5a1acbf85500c.jpg
INFO: [ app_init ] --START--
INFO: Run Behavior\BuildLiteBehavior [ RunTime:0.000011s ]
INFO: [ app_init ] --END-- [ RunTime:0.000245s ]
ERR: 无法加载模块:Public

[ 2017-12-03T22:47:28+08:00 ] 192.168.32.127 /sd/Public/Images/GoodsXiangQing/5a1acbf852961.jpg
INFO: [ app_init ] --START--
INFO: Run Behavior\BuildLiteBehavior [ RunTime:0.000012s ]
INFO: [ app_init ] --END-- [ RunTime:0.000246s ]
ERR: 无法加载模块:Public

[ 2017-12-03T22:47:28+08:00 ] 192.168.32.127 /sd/Public/Images/GoodsXiangQing/5a1acbf853286.jpg
INFO: [ app_init ] --START--
INFO: Run Behavior\BuildLiteBehavior [ RunTime:0.000010s ]
INFO: [ app_init ] --END-- [ RunTime:0.000461s ]
ERR: 无法加载模块:Public

[ 2017-12-03T22:47:28+08:00 ] 192.168.32.127 /sd/Public/Images/GoodsXiangQing/5a1acbf855fbc.jpg
INFO: [ app_init ] --START--
INFO: Run Behavior\BuildLiteBehavior [ RunTime:0.000012s ]
INFO: [ app_init ] --END-- [ RunTime:0.000287s ]
ERR: 无法加载模块:Public

[ 2017-12-03T22:47:28+08:00 ] 192.168.32.127 /sd/Public/Images/GoodsXiangQing/5a1acbf8565a3.jpg
INFO: [ app_init ] --START--
INFO: Run Behavior\BuildLiteBehavior [ RunTime:0.000010s ]
INFO: [ app_init ] --END-- [ RunTime:0.000237s ]
ERR: 无法加载模块:Public

[ 2017-12-03T22:47:49+08:00 ] 192.168.32.127 /sd/Public/Images/GoodsShuXingTu/5a1b028d95141.jpg
INFO: [ app_init ] --START--
INFO: Run Behavior\BuildLiteBehavior [ RunTime:0.000009s ]
INFO: [ app_init ] --END-- [ RunTime:0.000196s ]
ERR: 无法加载模块:Public

[ 2017-12-03T22:47:52+08:00 ] 192.168.32.127 /sd/Public/Images/GoodsShuXingTu/5a1b028d95141.jpg
INFO: [ app_init ] --START--
INFO: Run Behavior\BuildLiteBehavior [ RunTime:0.000013s ]
INFO: [ app_init ] --END-- [ RunTime:0.000293s ]
ERR: 无法加载模块:Public

[ 2017-12-03T22:48:04+08:00 ] 192.168.32.127 /sd/Public/Images/GoodsXiangQing/5a1acbf854469.jpg
INFO: [ app_init ] --START--
INFO: Run Behavior\BuildLiteBehavior [ RunTime:0.000012s ]
INFO: [ app_init ] --END-- [ RunTime:0.000299s ]
ERR: 无法加载模块:Public

[ 2017-12-03T22:48:04+08:00 ] 192.168.32.127 /sd/Public/Images/GoodsXiangQing/5a1acbf853b14.jpg
INFO: [ app_init ] --START--
INFO: Run Behavior\BuildLiteBehavior [ RunTime:0.000015s ]
INFO: [ app_init ] --END-- [ RunTime:0.000328s ]
ERR: 无法加载模块:Public

[ 2017-12-03T22:48:04+08:00 ] 192.168.32.127 /sd/Public/Images/GoodsXiangQing/5a1acbf853286.jpg
INFO: [ app_init ] --START--
INFO: Run Behavior\BuildLiteBehavior [ RunTime:0.000018s ]
INFO: [ app_init ] --END-- [ RunTime:0.000480s ]
ERR: 无法加载模块:Public

[ 2017-12-03T22:48:04+08:00 ] 192.168.32.127 /sd/Public/Images/GoodsXiangQing/5a1acbf85500c.jpg
INFO: [ app_init ] --START--
INFO: Run Behavior\BuildLiteBehavior [ RunTime:0.000014s ]
INFO: [ app_init ] --END-- [ RunTime:0.000274s ]
ERR: 无法加载模块:Public

[ 2017-12-03T22:48:04+08:00 ] 192.168.32.127 /sd/Public/Images/GoodsXiangQing/5a1acbf852961.jpg
INFO: [ app_init ] --START--
INFO: Run Behavior\BuildLiteBehavior [ RunTime:0.000063s ]
INFO: [ app_init ] --END-- [ RunTime:0.000895s ]
ERR: 无法加载模块:Public

[ 2017-12-03T22:48:04+08:00 ] 192.168.32.127 /sd/Public/Images/GoodsXiangQing/5a1acbf8565a3.jpg
INFO: [ app_init ] --START--
INFO: Run Behavior\BuildLiteBehavior [ RunTime:0.000098s ]
INFO: [ app_init ] --END-- [ RunTime:0.000738s ]
ERR: 无法加载模块:Public

[ 2017-12-03T22:48:04+08:00 ] 192.168.32.127 /sd/Public/Images/GoodsXiangQing/5a1acbf855fbc.jpg
INFO: [ app_init ] --START--
INFO: Run Behavior\BuildLiteBehavior [ RunTime:0.000019s ]
INFO: [ app_init ] --END-- [ RunTime:0.000960s ]
ERR: 无法加载模块:Public

[ 2017-12-03T22:48:05+08:00 ] 192.168.32.127 /sd/Public/Images/GoodsXiangQing/5a1acbf853286.jpg
INFO: [ app_init ] --START--
INFO: Run Behavior\BuildLiteBehavior [ RunTime:0.000010s ]
INFO: [ app_init ] --END-- [ RunTime:0.012295s ]
ERR: 无法加载模块:Public

[ 2017-12-03T22:48:05+08:00 ] 192.168.32.127 /sd/Public/Images/GoodsXiangQing/5a1acbf853b14.jpg
INFO: [ app_init ] --START--
INFO: Run Behavior\BuildLiteBehavior [ RunTime:0.000010s ]
INFO: [ app_init ] --END-- [ RunTime:0.000201s ]
ERR: 无法加载模块:Public

[ 2017-12-03T22:48:05+08:00 ] 192.168.32.127 /sd/Public/Images/GoodsXiangQing/5a1acbf854469.jpg
INFO: [ app_init ] --START--
INFO: Run Behavior\BuildLiteBehavior [ RunTime:0.000010s ]
INFO: [ app_init ] --END-- [ RunTime:0.000274s ]
ERR: 无法加载模块:Public

[ 2017-12-03T22:48:05+08:00 ] 192.168.32.127 /sd/Public/Images/GoodsXiangQing/5a1acbf852961.jpg
INFO: [ app_init ] --START--
INFO: Run Behavior\BuildLiteBehavior [ RunTime:0.000012s ]
INFO: [ app_init ] --END-- [ RunTime:0.000478s ]
ERR: 无法加载模块:Public

[ 2017-12-03T22:48:05+08:00 ] 192.168.32.127 /sd/Public/Images/GoodsXiangQing/5a1acbf85500c.jpg
INFO: [ app_init ] --START--
INFO: Run Behavior\BuildLiteBehavior [ RunTime:0.000011s ]
INFO: [ app_init ] --END-- [ RunTime:0.000247s ]
ERR: 无法加载模块:Public

[ 2017-12-03T22:48:05+08:00 ] 192.168.32.127 /sd/Public/Images/GoodsXiangQing/5a1acbf855fbc.jpg
INFO: [ app_init ] --START--
INFO: Run Behavior\BuildLiteBehavior [ RunTime:0.000011s ]
INFO: [ app_init ] --END-- [ RunTime:0.000239s ]
ERR: 无法加载模块:Public

[ 2017-12-03T22:48:05+08:00 ] 192.168.32.127 /sd/Public/Images/GoodsXiangQing/5a1acbf8565a3.jpg
INFO: [ app_init ] --START--
INFO: Run Behavior\BuildLiteBehavior [ RunTime:0.000014s ]
INFO: [ app_init ] --END-- [ RunTime:0.002791s ]
ERR: 无法加载模块:Public

[ 2017-12-03T22:48:23+08:00 ] 192.168.32.127 /sd/Public/Images/GoodsShuXingTu/5a1b028d95141.jpg
INFO: [ app_init ] --START--
INFO: Run Behavior\BuildLiteBehavior [ RunTime:0.000007s ]
INFO: [ app_init ] --END-- [ RunTime:0.000183s ]
ERR: 无法加载模块:Public

[ 2017-12-03T22:48:36+08:00 ] 192.168.32.127 /sd/Public/Images/GoodsXiangQing/5a1acbf853b14.jpg
INFO: [ app_init ] --START--
INFO: Run Behavior\BuildLiteBehavior [ RunTime:0.000012s ]
INFO: [ app_init ] --END-- [ RunTime:0.000291s ]
ERR: 无法加载模块:Public

[ 2017-12-03T22:48:36+08:00 ] 192.168.32.127 /sd/Public/Images/GoodsXiangQing/5a1acbf854469.jpg
INFO: [ app_init ] --START--
INFO: Run Behavior\BuildLiteBehavior [ RunTime:0.000007s ]
INFO: [ app_init ] --END-- [ RunTime:0.000192s ]
ERR: 无法加载模块:Public

[ 2017-12-03T22:48:36+08:00 ] 192.168.32.127 /sd/Public/Images/GoodsXiangQing/5a1acbf852961.jpg
INFO: [ app_init ] --START--
INFO: Run Behavior\BuildLiteBehavior [ RunTime:0.000012s ]
INFO: [ app_init ] --END-- [ RunTime:0.000340s ]
ERR: 无法加载模块:Public

[ 2017-12-03T22:48:36+08:00 ] 192.168.32.127 /sd/Public/Images/GoodsXiangQing/5a1acbf85500c.jpg
INFO: [ app_init ] --START--
INFO: Run Behavior\BuildLiteBehavior [ RunTime:0.000013s ]
INFO: [ app_init ] --END-- [ RunTime:0.000375s ]
ERR: 无法加载模块:Public

[ 2017-12-03T22:48:36+08:00 ] 192.168.32.127 /sd/Public/Images/GoodsXiangQing/5a1acbf853286.jpg
INFO: [ app_init ] --START--
INFO: Run Behavior\BuildLiteBehavior [ RunTime:0.000009s ]
INFO: [ app_init ] --END-- [ RunTime:0.000194s ]
ERR: 无法加载模块:Public

[ 2017-12-03T22:48:36+08:00 ] 192.168.32.127 /sd/Public/Images/GoodsXiangQing/5a1acbf855fbc.jpg
INFO: [ app_init ] --START--
INFO: Run Behavior\BuildLiteBehavior [ RunTime:0.000016s ]
INFO: [ app_init ] --END-- [ RunTime:0.004037s ]
ERR: 无法加载模块:Public

[ 2017-12-03T22:48:36+08:00 ] 192.168.32.127 /sd/Public/Images/GoodsXiangQing/5a1acbf8565a3.jpg
INFO: [ app_init ] --START--
INFO: Run Behavior\BuildLiteBehavior [ RunTime:0.000012s ]
INFO: [ app_init ] --END-- [ RunTime:0.000257s ]
ERR: 无法加载模块:Public

[ 2017-12-03T22:48:36+08:00 ] 192.168.32.127 /sd/Public/Images/GoodsXiangQing/5a1acbf85500c.jpg
INFO: [ app_init ] --START--
INFO: Run Behavior\BuildLiteBehavior [ RunTime:0.000007s ]
INFO: [ app_init ] --END-- [ RunTime:0.000163s ]
ERR: 无法加载模块:Public

[ 2017-12-03T22:48:36+08:00 ] 192.168.32.127 /sd/Public/Images/GoodsXiangQing/5a1acbf854469.jpg
INFO: [ app_init ] --START--
INFO: Run Behavior\BuildLiteBehavior [ RunTime:0.000007s ]
INFO: [ app_init ] --END-- [ RunTime:0.000160s ]
ERR: 无法加载模块:Public

[ 2017-12-03T22:48:36+08:00 ] 192.168.32.127 /sd/Public/Images/GoodsXiangQing/5a1acbf852961.jpg
INFO: [ app_init ] --START--
INFO: Run Behavior\BuildLiteBehavior [ RunTime:0.000009s ]
INFO: [ app_init ] --END-- [ RunTime:0.000175s ]
ERR: 无法加载模块:Public

[ 2017-12-03T22:48:36+08:00 ] 192.168.32.127 /sd/Public/Images/GoodsXiangQing/5a1acbf853b14.jpg
INFO: [ app_init ] --START--
INFO: Run Behavior\BuildLiteBehavior [ RunTime:0.000011s ]
INFO: [ app_init ] --END-- [ RunTime:0.000237s ]
ERR: 无法加载模块:Public

[ 2017-12-03T22:48:36+08:00 ] 192.168.32.127 /sd/Public/Images/GoodsXiangQing/5a1acbf853286.jpg
INFO: [ app_init ] --START--
INFO: Run Behavior\BuildLiteBehavior [ RunTime:0.010377s ]
INFO: [ app_init ] --END-- [ RunTime:0.011025s ]
ERR: 无法加载模块:Public

[ 2017-12-03T22:48:36+08:00 ] 192.168.32.127 /sd/Public/Images/GoodsXiangQing/5a1acbf855fbc.jpg
INFO: [ app_init ] --START--
INFO: Run Behavior\BuildLiteBehavior [ RunTime:0.000012s ]
INFO: [ app_init ] --END-- [ RunTime:0.000530s ]
ERR: 无法加载模块:Public

[ 2017-12-03T22:48:36+08:00 ] 192.168.32.127 /sd/Public/Images/GoodsXiangQing/5a1acbf8565a3.jpg
INFO: [ app_init ] --START--
INFO: Run Behavior\BuildLiteBehavior [ RunTime:0.000007s ]
INFO: [ app_init ] --END-- [ RunTime:0.000158s ]
ERR: 无法加载模块:Public

[ 2017-12-03T22:48:39+08:00 ] 192.168.32.127 /sd/Public/Images/GoodsShuXingTu/5a1b028d95141.jpg
INFO: [ app_init ] --START--
INFO: Run Behavior\BuildLiteBehavior [ RunTime:0.000007s ]
INFO: [ app_init ] --END-- [ RunTime:0.000180s ]
ERR: 无法加载模块:Public

[ 2017-12-03T22:48:46+08:00 ] 192.168.32.127 /sd/Public/Images/GoodsXiangQing/5a1acbf854469.jpg
INFO: [ app_init ] --START--
INFO: Run Behavior\BuildLiteBehavior [ RunTime:0.000013s ]
INFO: [ app_init ] --END-- [ RunTime:0.000308s ]
ERR: 无法加载模块:Public

[ 2017-12-03T22:48:46+08:00 ] 192.168.32.127 /sd/Public/Images/GoodsXiangQing/5a1acbf85500c.jpg
INFO: [ app_init ] --START--
INFO: Run Behavior\BuildLiteBehavior [ RunTime:0.000012s ]
INFO: [ app_init ] --END-- [ RunTime:0.000256s ]
ERR: 无法加载模块:Public

[ 2017-12-03T22:48:46+08:00 ] 192.168.32.127 /sd/Public/Images/GoodsXiangQing/5a1acbf853286.jpg
INFO: [ app_init ] --START--
INFO: Run Behavior\BuildLiteBehavior [ RunTime:0.000050s ]
INFO: [ app_init ] --END-- [ RunTime:0.005935s ]
ERR: 无法加载模块:Public

[ 2017-12-03T22:48:46+08:00 ] 192.168.32.127 /sd/Public/Images/GoodsXiangQing/5a1acbf852961.jpg
INFO: [ app_init ] --START--
INFO: Run Behavior\BuildLiteBehavior [ RunTime:0.000016s ]
INFO: [ app_init ] --END-- [ RunTime:0.003034s ]
ERR: 无法加载模块:Public

[ 2017-12-03T22:48:46+08:00 ] 192.168.32.127 /sd/Public/Images/GoodsXiangQing/5a1acbf853b14.jpg
INFO: [ app_init ] --START--
INFO: Run Behavior\BuildLiteBehavior [ RunTime:0.000011s ]
INFO: [ app_init ] --END-- [ RunTime:0.000442s ]
ERR: 无法加载模块:Public

[ 2017-12-03T22:48:46+08:00 ] 192.168.32.127 /sd/Public/Images/GoodsXiangQing/5a1acbf855fbc.jpg
INFO: [ app_init ] --START--
INFO: Run Behavior\BuildLiteBehavior [ RunTime:0.000014s ]
INFO: [ app_init ] --END-- [ RunTime:0.000373s ]
ERR: 无法加载模块:Public

[ 2017-12-03T22:48:46+08:00 ] 192.168.32.127 /sd/Public/Images/GoodsXiangQing/5a1acbf8565a3.jpg
INFO: [ app_init ] --START--
INFO: Run Behavior\BuildLiteBehavior [ RunTime:0.000012s ]
INFO: [ app_init ] --END-- [ RunTime:0.000287s ]
ERR: 无法加载模块:Public

[ 2017-12-03T22:48:46+08:00 ] 192.168.32.127 /sd/Public/Images/GoodsXiangQing/5a1acbf854469.jpg
INFO: [ app_init ] --START--
INFO: Run Behavior\BuildLiteBehavior [ RunTime:0.000010s ]
INFO: [ app_init ] --END-- [ RunTime:0.000274s ]
ERR: 无法加载模块:Public

[ 2017-12-03T22:48:46+08:00 ] 192.168.32.127 /sd/Public/Images/GoodsXiangQing/5a1acbf85500c.jpg
INFO: [ app_init ] --START--
INFO: Run Behavior\BuildLiteBehavior [ RunTime:0.000009s ]
INFO: [ app_init ] --END-- [ RunTime:0.000291s ]
ERR: 无法加载模块:Public

[ 2017-12-03T22:48:46+08:00 ] 192.168.32.127 /sd/Public/Images/GoodsXiangQing/5a1acbf853286.jpg
INFO: [ app_init ] --START--
INFO: Run Behavior\BuildLiteBehavior [ RunTime:0.000012s ]
INFO: [ app_init ] --END-- [ RunTime:0.000255s ]
ERR: 无法加载模块:Public

[ 2017-12-03T22:48:46+08:00 ] 192.168.32.127 /sd/Public/Images/GoodsXiangQing/5a1acbf853b14.jpg
INFO: [ app_init ] --START--
INFO: Run Behavior\BuildLiteBehavior [ RunTime:0.000015s ]
INFO: [ app_init ] --END-- [ RunTime:0.011443s ]
ERR: 无法加载模块:Public

[ 2017-12-03T22:48:46+08:00 ] 192.168.32.127 /sd/Public/Images/GoodsXiangQing/5a1acbf852961.jpg
INFO: [ app_init ] --START--
INFO: Run Behavior\BuildLiteBehavior [ RunTime:0.000013s ]
INFO: [ app_init ] --END-- [ RunTime:0.000278s ]
ERR: 无法加载模块:Public

[ 2017-12-03T22:48:46+08:00 ] 192.168.32.127 /sd/Public/Images/GoodsXiangQing/5a1acbf855fbc.jpg
INFO: [ app_init ] --START--
INFO: Run Behavior\BuildLiteBehavior [ RunTime:0.000015s ]
INFO: [ app_init ] --END-- [ RunTime:0.000636s ]
ERR: 无法加载模块:Public

[ 2017-12-03T22:48:46+08:00 ] 192.168.32.127 /sd/Public/Images/GoodsXiangQing/5a1acbf8565a3.jpg
INFO: [ app_init ] --START--
INFO: Run Behavior\BuildLiteBehavior [ RunTime:0.000011s ]
INFO: [ app_init ] --END-- [ RunTime:0.000236s ]
ERR: 无法加载模块:Public

[ 2017-12-03T22:48:57+08:00 ] 192.168.32.127 /sd/Public/Images/GoodsXiangQing/5a1acbf853286.jpg
INFO: [ app_init ] --START--
INFO: Run Behavior\BuildLiteBehavior [ RunTime:0.000008s ]
INFO: [ app_init ] --END-- [ RunTime:0.000171s ]
ERR: 无法加载模块:Public

[ 2017-12-03T22:48:57+08:00 ] 192.168.32.127 /sd/Public/Images/GoodsXiangQing/5a1acbf85500c.jpg
INFO: [ app_init ] --START--
INFO: Run Behavior\BuildLiteBehavior [ RunTime:0.006788s ]
INFO: [ app_init ] --END-- [ RunTime:0.007793s ]
ERR: 无法加载模块:Public

[ 2017-12-03T22:48:57+08:00 ] 192.168.32.127 /sd/Public/Images/GoodsXiangQing/5a1acbf854469.jpg
INFO: [ app_init ] --START--
INFO: Run Behavior\BuildLiteBehavior [ RunTime:0.000014s ]
INFO: [ app_init ] --END-- [ RunTime:0.000465s ]
ERR: 无法加载模块:Public

[ 2017-12-03T22:48:57+08:00 ] 192.168.32.127 /sd/Public/Images/GoodsXiangQing/5a1acbf852961.jpg
INFO: [ app_init ] --START--
INFO: Run Behavior\BuildLiteBehavior [ RunTime:0.000012s ]
INFO: [ app_init ] --END-- [ RunTime:0.000361s ]
ERR: 无法加载模块:Public

[ 2017-12-03T22:48:57+08:00 ] 192.168.32.127 /sd/Public/Images/GoodsXiangQing/5a1acbf853b14.jpg
INFO: [ app_init ] --START--
INFO: Run Behavior\BuildLiteBehavior [ RunTime:0.000010s ]
INFO: [ app_init ] --END-- [ RunTime:0.000197s ]
ERR: 无法加载模块:Public

[ 2017-12-03T22:48:57+08:00 ] 192.168.32.127 /sd/Public/Images/GoodsXiangQing/5a1acbf855fbc.jpg
INFO: [ app_init ] --START--
INFO: Run Behavior\BuildLiteBehavior [ RunTime:0.000013s ]
INFO: [ app_init ] --END-- [ RunTime:0.000253s ]
ERR: 无法加载模块:Public

[ 2017-12-03T22:48:57+08:00 ] 192.168.32.127 /sd/Public/Images/GoodsXiangQing/5a1acbf8565a3.jpg
INFO: [ app_init ] --START--
INFO: Run Behavior\BuildLiteBehavior [ RunTime:0.000012s ]
INFO: [ app_init ] --END-- [ RunTime:0.000247s ]
ERR: 无法加载模块:Public

[ 2017-12-03T22:48:57+08:00 ] 192.168.32.127 /sd/Public/Images/GoodsXiangQing/5a1acbf852961.jpg
INFO: [ app_init ] --START--
INFO: Run Behavior\BuildLiteBehavior [ RunTime:0.000047s ]
INFO: [ app_init ] --END-- [ RunTime:0.000275s ]
ERR: 无法加载模块:Public

[ 2017-12-03T22:48:57+08:00 ] 192.168.32.127 /sd/Public/Images/GoodsXiangQing/5a1acbf853b14.jpg
INFO: [ app_init ] --START--
INFO: Run Behavior\BuildLiteBehavior [ RunTime:0.000011s ]
INFO: [ app_init ] --END-- [ RunTime:0.000230s ]
ERR: 无法加载模块:Public

[ 2017-12-03T22:48:57+08:00 ] 192.168.32.127 /sd/Public/Images/GoodsXiangQing/5a1acbf85500c.jpg
INFO: [ app_init ] --START--
INFO: Run Behavior\BuildLiteBehavior [ RunTime:0.000010s ]
INFO: [ app_init ] --END-- [ RunTime:0.000263s ]
ERR: 无法加载模块:Public

[ 2017-12-03T22:48:57+08:00 ] 192.168.32.127 /sd/Public/Images/GoodsXiangQing/5a1acbf854469.jpg
INFO: [ app_init ] --START--
INFO: Run Behavior\BuildLiteBehavior [ RunTime:0.000017s ]
INFO: [ app_init ] --END-- [ RunTime:0.005545s ]
ERR: 无法加载模块:Public

[ 2017-12-03T22:48:57+08:00 ] 192.168.32.127 /sd/Public/Images/GoodsXiangQing/5a1acbf853286.jpg
INFO: [ app_init ] --START--
INFO: Run Behavior\BuildLiteBehavior [ RunTime:0.000013s ]
INFO: [ app_init ] --END-- [ RunTime:0.000277s ]
ERR: 无法加载模块:Public

[ 2017-12-03T22:48:57+08:00 ] 192.168.32.127 /sd/Public/Images/GoodsXiangQing/5a1acbf855fbc.jpg
INFO: [ app_init ] --START--
INFO: Run Behavior\BuildLiteBehavior [ RunTime:0.000009s ]
INFO: [ app_init ] --END-- [ RunTime:0.000210s ]
ERR: 无法加载模块:Public

[ 2017-12-03T22:48:57+08:00 ] 192.168.32.127 /sd/Public/Images/GoodsXiangQing/5a1acbf8565a3.jpg
INFO: [ app_init ] --START--
INFO: Run Behavior\BuildLiteBehavior [ RunTime:0.000014s ]
INFO: [ app_init ] --END-- [ RunTime:0.000311s ]
ERR: 无法加载模块:Public

[ 2017-12-03T22:49:53+08:00 ] 192.168.32.127 /sd/Public/Images/GoodsXiangQing/5a1acbf852961.jpg
INFO: [ app_init ] --START--
INFO: Run Behavior\BuildLiteBehavior [ RunTime:0.000012s ]
INFO: [ app_init ] --END-- [ RunTime:0.000275s ]
ERR: 无法加载模块:Public

[ 2017-12-03T22:49:53+08:00 ] 192.168.32.127 /sd/Public/Images/GoodsXiangQing/5a1acbf854469.jpg
INFO: [ app_init ] --START--
INFO: Run Behavior\BuildLiteBehavior [ RunTime:0.000010s ]
INFO: [ app_init ] --END-- [ RunTime:0.000189s ]
ERR: 无法加载模块:Public

[ 2017-12-03T22:49:53+08:00 ] 192.168.32.127 /sd/Public/Images/GoodsXiangQing/5a1acbf85500c.jpg
INFO: [ app_init ] --START--
INFO: Run Behavior\BuildLiteBehavior [ RunTime:0.000014s ]
INFO: [ app_init ] --END-- [ RunTime:0.000307s ]
ERR: 无法加载模块:Public

[ 2017-12-03T22:49:53+08:00 ] 192.168.32.127 /sd/Public/Images/GoodsXiangQing/5a1acbf853286.jpg
INFO: [ app_init ] --START--
INFO: Run Behavior\BuildLiteBehavior [ RunTime:0.000013s ]
INFO: [ app_init ] --END-- [ RunTime:0.000347s ]
ERR: 无法加载模块:Public

[ 2017-12-03T22:49:53+08:00 ] 192.168.32.127 /sd/Public/Images/GoodsXiangQing/5a1acbf853b14.jpg
INFO: [ app_init ] --START--
INFO: Run Behavior\BuildLiteBehavior [ RunTime:0.000009s ]
INFO: [ app_init ] --END-- [ RunTime:0.000293s ]
ERR: 无法加载模块:Public

[ 2017-12-03T22:49:53+08:00 ] 192.168.32.127 /sd/Public/Images/GoodsXiangQing/5a1acbf855fbc.jpg
INFO: [ app_init ] --START--
INFO: Run Behavior\BuildLiteBehavior [ RunTime:0.000011s ]
INFO: [ app_init ] --END-- [ RunTime:0.000247s ]
ERR: 无法加载模块:Public

[ 2017-12-03T22:49:53+08:00 ] 192.168.32.127 /sd/Public/Images/GoodsXiangQing/5a1acbf8565a3.jpg
INFO: [ app_init ] --START--
INFO: Run Behavior\BuildLiteBehavior [ RunTime:0.000093s ]
INFO: [ app_init ] --END-- [ RunTime:0.000877s ]
ERR: 无法加载模块:Public

[ 2017-12-03T22:49:53+08:00 ] 192.168.32.127 /sd/Public/Images/GoodsXiangQing/5a1acbf854469.jpg
INFO: [ app_init ] --START--
INFO: Run Behavior\BuildLiteBehavior [ RunTime:0.000010s ]
INFO: [ app_init ] --END-- [ RunTime:0.000191s ]
ERR: 无法加载模块:Public

[ 2017-12-03T22:49:53+08:00 ] 192.168.32.127 /sd/Public/Images/GoodsXiangQing/5a1acbf853b14.jpg
INFO: [ app_init ] --START--
INFO: Run Behavior\BuildLiteBehavior [ RunTime:0.000012s ]
INFO: [ app_init ] --END-- [ RunTime:0.000280s ]
ERR: 无法加载模块:Public

[ 2017-12-03T22:49:53+08:00 ] 192.168.32.127 /sd/Public/Images/GoodsXiangQing/5a1acbf853286.jpg
INFO: [ app_init ] --START--
INFO: Run Behavior\BuildLiteBehavior [ RunTime:0.000016s ]
INFO: [ app_init ] --END-- [ RunTime:0.000335s ]
ERR: 无法加载模块:Public

[ 2017-12-03T22:49:53+08:00 ] 192.168.32.127 /sd/Public/Images/GoodsXiangQing/5a1acbf85500c.jpg
INFO: [ app_init ] --START--
INFO: Run Behavior\BuildLiteBehavior [ RunTime:0.000017s ]
INFO: [ app_init ] --END-- [ RunTime:0.000741s ]
ERR: 无法加载模块:Public

[ 2017-12-03T22:49:53+08:00 ] 192.168.32.127 /sd/Public/Images/GoodsXiangQing/5a1acbf852961.jpg
INFO: [ app_init ] --START--
INFO: Run Behavior\BuildLiteBehavior [ RunTime:0.000010s ]
INFO: [ app_init ] --END-- [ RunTime:0.000228s ]
ERR: 无法加载模块:Public

[ 2017-12-03T22:49:53+08:00 ] 192.168.32.127 /sd/Public/Images/GoodsXiangQing/5a1acbf855fbc.jpg
INFO: [ app_init ] --START--
INFO: Run Behavior\BuildLiteBehavior [ RunTime:0.000011s ]
INFO: [ app_init ] --END-- [ RunTime:0.003588s ]
ERR: 无法加载模块:Public

[ 2017-12-03T22:49:53+08:00 ] 192.168.32.127 /sd/Public/Images/GoodsXiangQing/5a1acbf8565a3.jpg
INFO: [ app_init ] --START--
INFO: Run Behavior\BuildLiteBehavior [ RunTime:0.000012s ]
INFO: [ app_init ] --END-- [ RunTime:0.000261s ]
ERR: 无法加载模块:Public

[ 2017-12-03T22:52:48+08:00 ] 192.168.32.127 /sd/Public/Images/GoodsXiangQing/5a1acbf854469.jpg
INFO: [ app_init ] --START--
INFO: Run Behavior\BuildLiteBehavior [ RunTime:0.000008s ]
INFO: [ app_init ] --END-- [ RunTime:0.000181s ]
ERR: 无法加载模块:Public

[ 2017-12-03T22:52:48+08:00 ] 192.168.32.127 /sd/Public/Images/GoodsXiangQing/5a1acbf85500c.jpg
INFO: [ app_init ] --START--
INFO: Run Behavior\BuildLiteBehavior [ RunTime:0.000014s ]
INFO: [ app_init ] --END-- [ RunTime:0.008555s ]
ERR: 无法加载模块:Public

[ 2017-12-03T22:52:48+08:00 ] 192.168.32.127 /sd/Public/Images/GoodsXiangQing/5a1acbf853b14.jpg
INFO: [ app_init ] --START--
INFO: Run Behavior\BuildLiteBehavior [ RunTime:0.000009s ]
INFO: [ app_init ] --END-- [ RunTime:0.000260s ]
ERR: 无法加载模块:Public

[ 2017-12-03T22:52:48+08:00 ] 192.168.32.127 /sd/Public/Images/GoodsXiangQing/5a1acbf852961.jpg
INFO: [ app_init ] --START--
INFO: Run Behavior\BuildLiteBehavior [ RunTime:0.000015s ]
INFO: [ app_init ] --END-- [ RunTime:0.004914s ]
ERR: 无法加载模块:Public

[ 2017-12-03T22:52:48+08:00 ] 192.168.32.127 /sd/Public/Images/GoodsXiangQing/5a1acbf855fbc.jpg
INFO: [ app_init ] --START--
INFO: Run Behavior\BuildLiteBehavior [ RunTime:0.000012s ]
INFO: [ app_init ] --END-- [ RunTime:0.000239s ]
ERR: 无法加载模块:Public

[ 2017-12-03T22:52:48+08:00 ] 192.168.32.127 /sd/Public/Images/GoodsXiangQing/5a1acbf853286.jpg
INFO: [ app_init ] --START--
INFO: Run Behavior\BuildLiteBehavior [ RunTime:0.000012s ]
INFO: [ app_init ] --END-- [ RunTime:0.000291s ]
ERR: 无法加载模块:Public

[ 2017-12-03T22:52:48+08:00 ] 192.168.32.127 /sd/Public/Images/GoodsXiangQing/5a1acbf8565a3.jpg
INFO: [ app_init ] --START--
INFO: Run Behavior\BuildLiteBehavior [ RunTime:0.000007s ]
INFO: [ app_init ] --END-- [ RunTime:0.000187s ]
ERR: 无法加载模块:Public

[ 2017-12-03T22:52:48+08:00 ] 192.168.32.127 /sd/Public/Images/GoodsXiangQing/5a1acbf853b14.jpg
INFO: [ app_init ] --START--
INFO: Run Behavior\BuildLiteBehavior [ RunTime:0.000014s ]
INFO: [ app_init ] --END-- [ RunTime:0.000277s ]
ERR: 无法加载模块:Public

[ 2017-12-03T22:52:48+08:00 ] 192.168.32.127 /sd/Public/Images/GoodsXiangQing/5a1acbf854469.jpg
INFO: [ app_init ] --START--
INFO: Run Behavior\BuildLiteBehavior [ RunTime:0.000008s ]
INFO: [ app_init ] --END-- [ RunTime:0.000224s ]
ERR: 无法加载模块:Public

[ 2017-12-03T22:52:48+08:00 ] 192.168.32.127 /sd/Public/Images/GoodsXiangQing/5a1acbf852961.jpg
INFO: [ app_init ] --START--
INFO: Run Behavior\BuildLiteBehavior [ RunTime:0.000007s ]
INFO: [ app_init ] --END-- [ RunTime:0.000159s ]
ERR: 无法加载模块:Public

[ 2017-12-03T22:52:48+08:00 ] 192.168.32.127 /sd/Public/Images/GoodsXiangQing/5a1acbf853286.jpg
INFO: [ app_init ] --START--
INFO: Run Behavior\BuildLiteBehavior [ RunTime:0.000009s ]
INFO: [ app_init ] --END-- [ RunTime:0.000187s ]
ERR: 无法加载模块:Public

[ 2017-12-03T22:52:48+08:00 ] 192.168.32.127 /sd/Public/Images/GoodsXiangQing/5a1acbf85500c.jpg
INFO: [ app_init ] --START--
INFO: Run Behavior\BuildLiteBehavior [ RunTime:0.000010s ]
INFO: [ app_init ] --END-- [ RunTime:0.000230s ]
ERR: 无法加载模块:Public

[ 2017-12-03T22:52:48+08:00 ] 192.168.32.127 /sd/Public/Images/GoodsXiangQing/5a1acbf8565a3.jpg
INFO: [ app_init ] --START--
INFO: Run Behavior\BuildLiteBehavior [ RunTime:0.000010s ]
INFO: [ app_init ] --END-- [ RunTime:0.000186s ]
ERR: 无法加载模块:Public

[ 2017-12-03T22:52:48+08:00 ] 192.168.32.127 /sd/Public/Images/GoodsXiangQing/5a1acbf855fbc.jpg
INFO: [ app_init ] --START--
INFO: Run Behavior\BuildLiteBehavior [ RunTime:0.000016s ]
INFO: [ app_init ] --END-- [ RunTime:0.002868s ]
ERR: 无法加载模块:Public

[ 2017-12-03T23:22:37+08:00 ] 192.168.32.127 /sd/Public/Images/TuiGuang/5a1b643b9362b.jpg
INFO: [ app_init ] --START--
INFO: Run Behavior\BuildLiteBehavior [ RunTime:0.000016s ]
INFO: [ app_init ] --END-- [ RunTime:0.000422s ]
ERR: 无法加载模块:Public

[ 2017-12-03T23:22:44+08:00 ] 192.168.32.127 /sd/Public/Images/TuiGuang/5a1b643b9362b.jpg
INFO: [ app_init ] --START--
INFO: Run Behavior\BuildLiteBehavior [ RunTime:0.000007s ]
INFO: [ app_init ] --END-- [ RunTime:0.000162s ]
ERR: 无法加载模块:Public

[ 2017-12-03T23:22:44+08:00 ] 192.168.32.127 /sd/Public/Images/TuiGuang/5a1b643b9362b.jpg
INFO: [ app_init ] --START--
INFO: Run Behavior\BuildLiteBehavior [ RunTime:0.000009s ]
INFO: [ app_init ] --END-- [ RunTime:0.000223s ]
ERR: 无法加载模块:Public

[ 2017-12-03T23:22:48+08:00 ] 192.168.32.127 /sd/Public/Images/GoodsXiangQing/5a1acbf852961.jpg
INFO: [ app_init ] --START--
INFO: Run Behavior\BuildLiteBehavior [ RunTime:0.000010s ]
INFO: [ app_init ] --END-- [ RunTime:0.000243s ]
ERR: 无法加载模块:Public

[ 2017-12-03T23:22:48+08:00 ] 192.168.32.127 /sd/Public/Images/GoodsXiangQing/5a1acbf853286.jpg
INFO: [ app_init ] --START--
INFO: Run Behavior\BuildLiteBehavior [ RunTime:0.000013s ]
INFO: [ app_init ] --END-- [ RunTime:0.000310s ]
ERR: 无法加载模块:Public

[ 2017-12-03T23:22:48+08:00 ] 192.168.32.127 /sd/Public/Images/GoodsXiangQing/5a1acbf853b14.jpg
INFO: [ app_init ] --START--
INFO: Run Behavior\BuildLiteBehavior [ RunTime:0.000012s ]
INFO: [ app_init ] --END-- [ RunTime:0.000246s ]
ERR: 无法加载模块:Public

[ 2017-12-03T23:22:48+08:00 ] 192.168.32.127 /sd/Public/Images/GoodsXiangQing/5a1acbf854469.jpg
INFO: [ app_init ] --START--
INFO: Run Behavior\BuildLiteBehavior [ RunTime:0.000008s ]
INFO: [ app_init ] --END-- [ RunTime:0.000157s ]
ERR: 无法加载模块:Public

[ 2017-12-03T23:22:48+08:00 ] 192.168.32.127 /sd/Public/Images/GoodsXiangQing/5a1acbf85500c.jpg
INFO: [ app_init ] --START--
INFO: Run Behavior\BuildLiteBehavior [ RunTime:0.000008s ]
INFO: [ app_init ] --END-- [ RunTime:0.000161s ]
ERR: 无法加载模块:Public

[ 2017-12-03T23:22:49+08:00 ] 192.168.32.127 /sd/Public/Images/GoodsXiangQing/5a1acbf855fbc.jpg
INFO: [ app_init ] --START--
INFO: Run Behavior\BuildLiteBehavior [ RunTime:0.000007s ]
INFO: [ app_init ] --END-- [ RunTime:0.000153s ]
ERR: 无法加载模块:Public

[ 2017-12-03T23:22:49+08:00 ] 192.168.32.127 /sd/Public/Images/GoodsXiangQing/5a1acbf8565a3.jpg
INFO: [ app_init ] --START--
INFO: Run Behavior\BuildLiteBehavior [ RunTime:0.000007s ]
INFO: [ app_init ] --END-- [ RunTime:0.000153s ]
ERR: 无法加载模块:Public

[ 2017-12-03T23:22:50+08:00 ] 192.168.32.127 /sd/Public/Images/GoodsXiangQing/5a1acbf852961.jpg
INFO: [ app_init ] --START--
INFO: Run Behavior\BuildLiteBehavior [ RunTime:0.000023s ]
INFO: [ app_init ] --END-- [ RunTime:0.000618s ]
ERR: 无法加载模块:Public

[ 2017-12-03T23:22:50+08:00 ] 192.168.32.127 /sd/Public/Images/GoodsXiangQing/5a1acbf8565a3.jpg
INFO: [ app_init ] --START--
INFO: Run Behavior\BuildLiteBehavior [ RunTime:0.000008s ]
INFO: [ app_init ] --END-- [ RunTime:0.000168s ]
ERR: 无法加载模块:Public

[ 2017-12-03T23:22:50+08:00 ] 192.168.32.127 /sd/Public/Images/GoodsXiangQing/5a1acbf855fbc.jpg
INFO: [ app_init ] --START--
INFO: Run Behavior\BuildLiteBehavior [ RunTime:0.000007s ]
INFO: [ app_init ] --END-- [ RunTime:0.000156s ]
ERR: 无法加载模块:Public

[ 2017-12-03T23:22:50+08:00 ] 192.168.32.127 /sd/Public/Images/GoodsXiangQing/5a1acbf853286.jpg
INFO: [ app_init ] --START--
INFO: Run Behavior\BuildLiteBehavior [ RunTime:0.000018s ]
INFO: [ app_init ] --END-- [ RunTime:0.066008s ]
ERR: 无法加载模块:Public

[ 2017-12-03T23:22:50+08:00 ] 192.168.32.127 /sd/Public/Images/GoodsXiangQing/5a1acbf854469.jpg
INFO: [ app_init ] --START--
INFO: Run Behavior\BuildLiteBehavior [ RunTime:0.000015s ]
INFO: [ app_init ] --END-- [ RunTime:0.000459s ]
ERR: 无法加载模块:Public

[ 2017-12-03T23:22:50+08:00 ] 192.168.32.127 /sd/Public/Images/GoodsXiangQing/5a1acbf85500c.jpg
INFO: [ app_init ] --START--
INFO: Run Behavior\BuildLiteBehavior [ RunTime:0.000008s ]
INFO: [ app_init ] --END-- [ RunTime:0.000352s ]
ERR: 无法加载模块:Public

[ 2017-12-03T23:22:51+08:00 ] 192.168.32.127 /sd/Public/Images/GoodsXiangQing/5a1acbf853b14.jpg
INFO: [ app_init ] --START--
INFO: Run Behavior\BuildLiteBehavior [ RunTime:0.000036s ]
INFO: [ app_init ] --END-- [ RunTime:0.001326s ]
ERR: 无法加载模块:Public

[ 2017-12-03T23:22:57+08:00 ] 192.168.32.127 /sd/Public/Images/GoodsShuXingTu/5a1b028d95141.jpg
INFO: [ app_init ] --START--
INFO: Run Behavior\BuildLiteBehavior [ RunTime:0.000014s ]
INFO: [ app_init ] --END-- [ RunTime:0.000400s ]
ERR: 无法加载模块:Public

[ 2017-12-03T23:27:34+08:00 ] 192.168.32.127 /sd/Public/Admin/js/jquery.min.map
INFO: [ app_init ] --START--
INFO: Run Behavior\BuildLiteBehavior [ RunTime:0.000032s ]
INFO: [ app_init ] --END-- [ RunTime:0.002050s ]
ERR: 无法加载模块:Public

[ 2017-12-03T23:32:42+08:00 ] 192.168.32.127 /sd/Public/Images/TuiGuang/5a1b643b9362b.jpg
INFO: [ app_init ] --START--
INFO: Run Behavior\BuildLiteBehavior [ RunTime:0.000011s ]
INFO: [ app_init ] --END-- [ RunTime:0.000251s ]
ERR: 无法加载模块:Public

[ 2017-12-03T23:32:42+08:00 ] 192.168.32.127 /sd/Public/Images/TuiGuang/5a1b643b9362b.jpg
INFO: [ app_init ] --START--
INFO: Run Behavior\BuildLiteBehavior [ RunTime:0.000012s ]
INFO: [ app_init ] --END-- [ RunTime:0.000243s ]
ERR: 无法加载模块:Public

[ 2017-12-03T23:32:47+08:00 ] 192.168.32.127 /sd/Public/Images/GoodsXiangQing/5a1acbf85500c.jpg
INFO: [ app_init ] --START--
INFO: Run Behavior\BuildLiteBehavior [ RunTime:0.000010s ]
INFO: [ app_init ] --END-- [ RunTime:0.000196s ]
ERR: 无法加载模块:Public

[ 2017-12-03T23:32:48+08:00 ] 192.168.32.127 /sd/Public/Images/GoodsXiangQing/5a1acbf855fbc.jpg
INFO: [ app_init ] --START--
INFO: Run Behavior\BuildLiteBehavior [ RunTime:0.000030s ]
INFO: [ app_init ] --END-- [ RunTime:0.000445s ]
ERR: 无法加载模块:Public

[ 2017-12-03T23:32:48+08:00 ] 192.168.32.127 /sd/Public/Images/GoodsXiangQing/5a1acbf853b14.jpg
INFO: [ app_init ] --START--
INFO: Run Behavior\BuildLiteBehavior [ RunTime:0.000009s ]
INFO: [ app_init ] --END-- [ RunTime:0.000251s ]
ERR: 无法加载模块:Public

[ 2017-12-03T23:32:48+08:00 ] 192.168.32.127 /sd/Public/Images/GoodsXiangQing/5a1acbf8565a3.jpg
INFO: [ app_init ] --START--
INFO: Run Behavior\BuildLiteBehavior [ RunTime:0.000022s ]
INFO: [ app_init ] --END-- [ RunTime:0.015712s ]
ERR: 无法加载模块:Public

[ 2017-12-03T23:32:48+08:00 ] 192.168.32.127 /sd/Public/Images/GoodsXiangQing/5a1acbf854469.jpg
INFO: [ app_init ] --START--
INFO: Run Behavior\BuildLiteBehavior [ RunTime:0.000022s ]
INFO: [ app_init ] --END-- [ RunTime:0.000401s ]
ERR: 无法加载模块:Public

[ 2017-12-03T23:32:48+08:00 ] 192.168.32.127 /sd/Public/Images/GoodsXiangQing/5a1acbf853286.jpg
INFO: [ app_init ] --START--
INFO: Run Behavior\BuildLiteBehavior [ RunTime:0.000007s ]
INFO: [ app_init ] --END-- [ RunTime:0.000195s ]
ERR: 无法加载模块:Public

[ 2017-12-03T23:32:48+08:00 ] 192.168.32.127 /sd/Public/Images/GoodsXiangQing/5a1acbf852961.jpg
INFO: [ app_init ] --START--
INFO: Run Behavior\BuildLiteBehavior [ RunTime:0.000009s ]
INFO: [ app_init ] --END-- [ RunTime:0.000402s ]
ERR: 无法加载模块:Public

[ 2017-12-03T23:33:01+08:00 ] 192.168.32.127 /sd/Public/Admin/js/jquery.min.map
INFO: [ app_init ] --START--
INFO: Run Behavior\BuildLiteBehavior [ RunTime:0.000008s ]
INFO: [ app_init ] --END-- [ RunTime:0.000455s ]
ERR: 无法加载模块:Public

[ 2017-12-03T23:36:24+08:00 ] 192.168.32.127 /sd/Public/Admin/js/jquery.min.map
INFO: [ app_init ] --START--
INFO: Run Behavior\BuildLiteBehavior [ RunTime:0.000016s ]
INFO: [ app_init ] --END-- [ RunTime:0.000454s ]
ERR: 无法加载模块:Public

[ 2017-12-03T23:36:26+08:00 ] 192.168.32.127 /sd/Public/Admin/js/jquery.min.map
INFO: [ app_init ] --START--
INFO: Run Behavior\BuildLiteBehavior [ RunTime:0.000006s ]
INFO: [ app_init ] --END-- [ RunTime:0.000155s ]
ERR: 无法加载模块:Public

[ 2017-12-03T23:39:52+08:00 ] 192.168.32.127 /sd/Public/Admin/js/jquery.min.map
INFO: [ app_init ] --START--
INFO: Run Behavior\BuildLiteBehavior [ RunTime:0.000013s ]
INFO: [ app_init ] --END-- [ RunTime:0.000327s ]
ERR: 无法加载模块:Public

[ 2017-12-03T23:40:32+08:00 ] 192.168.32.127 /sd/Public/Admin/js/jquery.min.map
INFO: [ app_init ] --START--
INFO: Run Behavior\BuildLiteBehavior [ RunTime:0.000008s ]
INFO: [ app_init ] --END-- [ RunTime:0.000350s ]
ERR: 无法加载模块:Public

[ 2017-12-03T23:40:56+08:00 ] 192.168.32.127 /sd/Public/Admin/js/jquery.min.map
INFO: [ app_init ] --START--
INFO: Run Behavior\BuildLiteBehavior [ RunTime:0.000009s ]
INFO: [ app_init ] --END-- [ RunTime:0.000465s ]
ERR: 无法加载模块:Public

[ 2017-12-03T23:41:16+08:00 ] 192.168.32.127 /sd/Public/Admin/js/jquery.min.map
INFO: [ app_init ] --START--
INFO: Run Behavior\BuildLiteBehavior [ RunTime:0.000031s ]
INFO: [ app_init ] --END-- [ RunTime:0.000451s ]
ERR: 无法加载模块:Public

[ 2017-12-03T23:41:38+08:00 ] 192.168.32.127 /sd/Public/Admin/js/jquery.min.map
INFO: [ app_init ] --START--
INFO: Run Behavior\BuildLiteBehavior [ RunTime:0.000008s ]
INFO: [ app_init ] --END-- [ RunTime:0.000184s ]
ERR: 无法加载模块:Public

[ 2017-12-03T23:44:27+08:00 ] 192.168.32.127 /sd/Public/Admin/js/jquery.min.map
INFO: [ app_init ] --START--
INFO: Run Behavior\BuildLiteBehavior [ RunTime:0.000008s ]
INFO: [ app_init ] --END-- [ RunTime:0.000190s ]
ERR: 无法加载模块:Public

[ 2017-12-03T23:44:59+08:00 ] 192.168.32.127 /sd/Public/Admin/js/jquery.min.map
INFO: [ app_init ] --START--
INFO: Run Behavior\BuildLiteBehavior [ RunTime:0.000009s ]
INFO: [ app_init ] --END-- [ RunTime:0.000242s ]
ERR: 无法加载模块:Public

[ 2017-12-03T23:46:33+08:00 ] 192.168.32.127 /sd/Public/Admin/js/jquery.min.map
INFO: [ app_init ] --START--
INFO: Run Behavior\BuildLiteBehavior [ RunTime:0.000011s ]
INFO: [ app_init ] --END-- [ RunTime:0.000254s ]
ERR: 无法加载模块:Public

[ 2017-12-03T23:47:17+08:00 ] 192.168.32.127 /sd/Public/Admin/js/jquery.min.map
INFO: [ app_init ] --START--
INFO: Run Behavior\BuildLiteBehavior [ RunTime:0.000012s ]
INFO: [ app_init ] --END-- [ RunTime:0.000307s ]
ERR: 无法加载模块:Public

[ 2017-12-03T23:47:45+08:00 ] 192.168.32.127 /sd/Public/Admin/js/jquery.min.map
INFO: [ app_init ] --START--
INFO: Run Behavior\BuildLiteBehavior [ RunTime:0.000012s ]
INFO: [ app_init ] --END-- [ RunTime:0.000405s ]
ERR: 无法加载模块:Public

[ 2017-12-03T23:48:48+08:00 ] 192.168.32.127 /sd/Public/Admin/js/jquery.min.map
INFO: [ app_init ] --START--
INFO: Run Behavior\BuildLiteBehavior [ RunTime:0.000011s ]
INFO: [ app_init ] --END-- [ RunTime:0.000332s ]
ERR: 无法加载模块:Public

[ 2017-12-03T23:49:12+08:00 ] 192.168.32.127 /sd/Public/Admin/js/jquery.min.map
INFO: [ app_init ] --START--
INFO: Run Behavior\BuildLiteBehavior [ RunTime:0.000012s ]
INFO: [ app_init ] --END-- [ RunTime:0.000269s ]
ERR: 无法加载模块:Public

[ 2017-12-03T23:49:39+08:00 ] 192.168.32.127 /sd/Public/Admin/js/jquery.min.map
INFO: [ app_init ] --START--
INFO: Run Behavior\BuildLiteBehavior [ RunTime:0.000088s ]
INFO: [ app_init ] --END-- [ RunTime:0.001303s ]
ERR: 无法加载模块:Public

[ 2017-12-03T23:50:02+08:00 ] 192.168.32.127 /sd/Public/Admin/js/jquery.min.map
INFO: [ app_init ] --START--
INFO: Run Behavior\BuildLiteBehavior [ RunTime:0.000009s ]
INFO: [ app_init ] --END-- [ RunTime:0.000206s ]
ERR: 无法加载模块:Public

[ 2017-12-03T23:50:17+08:00 ] 192.168.32.127 /sd/Public/Admin/js/jquery.min.map
INFO: [ app_init ] --START--
INFO: Run Behavior\BuildLiteBehavior [ RunTime:0.000008s ]
INFO: [ app_init ] --END-- [ RunTime:0.000178s ]
ERR: 无法加载模块:Public

[ 2017-12-03T23:50:55+08:00 ] 192.168.32.127 /sd/Public/Admin/js/jquery.min.map
INFO: [ app_init ] --START--
INFO: Run Behavior\BuildLiteBehavior [ RunTime:0.000011s ]
INFO: [ app_init ] --END-- [ RunTime:0.000256s ]
ERR: 无法加载模块:Public

[ 2017-12-03T23:51:15+08:00 ] 192.168.32.127 /sd/Public/Admin/js/jquery.min.map
INFO: [ app_init ] --START--
INFO: Run Behavior\BuildLiteBehavior [ RunTime:0.000013s ]
INFO: [ app_init ] --END-- [ RunTime:0.000286s ]
ERR: 无法加载模块:Public

[ 2017-12-03T23:51:26+08:00 ] 192.168.32.127 /sd/Public/Admin/js/jquery.min.map
INFO: [ app_init ] --START--
INFO: Run Behavior\BuildLiteBehavior [ RunTime:0.000009s ]
INFO: [ app_init ] --END-- [ RunTime:0.000180s ]
ERR: 无法加载模块:Public

[ 2017-12-03T23:51:41+08:00 ] 192.168.32.127 /sd/Public/Admin/js/jquery.min.map
INFO: [ app_init ] --START--
INFO: Run Behavior\BuildLiteBehavior [ RunTime:0.000028s ]
INFO: [ app_init ] --END-- [ RunTime:0.000528s ]
ERR: 无法加载模块:Public

[ 2017-12-03T23:53:54+08:00 ] 192.168.32.127 /sd/Public/Admin/js/jquery.min.map
INFO: [ app_init ] --START--
INFO: Run Behavior\BuildLiteBehavior [ RunTime:0.000013s ]
INFO: [ app_init ] --END-- [ RunTime:0.000331s ]
ERR: 无法加载模块:Public

[ 2017-12-03T23:57:01+08:00 ] 192.168.32.127 /sd/Public/Admin/js/jquery.min.map
INFO: [ app_init ] --START--
INFO: Run Behavior\BuildLiteBehavior [ RunTime:0.000075s ]
INFO: [ app_init ] --END-- [ RunTime:0.001194s ]
ERR: 无法加载模块:Public

[ 2017-12-03T23:57:20+08:00 ] 192.168.32.127 /sd/Public/Admin/js/jquery.min.map
INFO: [ app_init ] --START--
INFO: Run Behavior\BuildLiteBehavior [ RunTime:0.000026s ]
INFO: [ app_init ] --END-- [ RunTime:0.000597s ]
ERR: 无法加载模块:Public

[ 2017-12-03T23:57:34+08:00 ] 192.168.32.127 /sd/Public/Admin/js/jquery.min.map
INFO: [ app_init ] --START--
INFO: Run Behavior\BuildLiteBehavior [ RunTime:0.000016s ]
INFO: [ app_init ] --END-- [ RunTime:0.000525s ]
ERR: 无法加载模块:Public

