[ 2017-11-22T19:22:20+08:00 ] ::1 /zuoye/TP-shop/Public/Home/images/undefined
ERR: 无法加载模块:Public

[ 2017-11-22T19:23:05+08:00 ] ::1 /zuoye/TP-shop/Public/Home/images/undefined
ERR: 无法加载模块:Public

[ 2017-11-22T19:23:11+08:00 ] ::1 /zuoye/TP-shop/Public/Home/images/undefined
ERR: 无法加载模块:Public

[ 2017-11-22T19:23:28+08:00 ] ::1 /zuoye/TP-shop/Public/Home/images/undefined
ERR: 无法加载模块:Public

[ 2017-11-22T19:23:32+08:00 ] ::1 /zuoye/TP-shop/Public/Home/images/undefined
ERR: 无法加载模块:Public

[ 2017-11-22T19:23:34+08:00 ] ::1 /zuoye/TP-shop/Public/Home/images/undefined
ERR: 无法加载模块:Public

[ 2017-11-22T19:23:35+08:00 ] ::1 /zuoye/TP-shop/Public/Home/images/undefined
ERR: 无法加载模块:Public

[ 2017-11-22T19:28:41+08:00 ] ::1 /zuoye/TP-shop/Public/Home/images/undefined
ERR: 无法加载模块:Public

[ 2017-11-22T19:28:43+08:00 ] ::1 /zuoye/TP-shop/Public/Home/images/undefined
ERR: 无法加载模块:Public

[ 2017-11-22T19:28:45+08:00 ] ::1 /zuoye/TP-shop/Public/Home/images/undefined
ERR: 无法加载模块:Public

[ 2017-11-22T19:28:45+08:00 ] ::1 /zuoye/TP-shop/Public/Home/images/undefined
ERR: 无法加载模块:Public

[ 2017-11-22T19:28:47+08:00 ] ::1 /zuoye/TP-shop/Public/Home/images/undefined
ERR: 无法加载模块:Public

[ 2017-11-22T19:28:50+08:00 ] ::1 /zuoye/TP-shop/Public/Home/images/undefined
ERR: 无法加载模块:Public

[ 2017-11-22T19:29:43+08:00 ] ::1 /zuoye/TP-shop/Public/Home/images/undefined
ERR: 无法加载模块:Public

[ 2017-11-22T19:29:44+08:00 ] ::1 /zuoye/TP-shop/Public/Home/images/undefined
ERR: 无法加载模块:Public

[ 2017-11-22T19:29:45+08:00 ] ::1 /zuoye/TP-shop/Public/Home/images/undefined
ERR: 无法加载模块:Public

[ 2017-11-22T19:29:46+08:00 ] ::1 /zuoye/TP-shop/Public/Home/images/undefined
ERR: 无法加载模块:Public

[ 2017-11-22T19:30:23+08:00 ] ::1 /zuoye/TP-shop/Public/Home/images/undefined
ERR: 无法加载模块:Public

[ 2017-11-22T19:30:30+08:00 ] ::1 /zuoye/TP-shop/Public/Home/images/undefined
ERR: 无法加载模块:Public

[ 2017-11-22T19:30:58+08:00 ] ::1 /zuoye/TP-shop/Public/Home/images/undefined
ERR: 无法加载模块:Public

[ 2017-11-22T19:32:00+08:00 ] ::1 /zuoye/TP-shop/Public/Home/images/undefined
ERR: 无法加载模块:Public

[ 2017-11-22T19:32:01+08:00 ] ::1 /zuoye/TP-shop/Public/Home/images/undefined
ERR: 无法加载模块:Public

[ 2017-11-22T19:32:02+08:00 ] ::1 /zuoye/TP-shop/Public/Home/images/undefined
ERR: 无法加载模块:Public

[ 2017-11-22T19:34:27+08:00 ] ::1 /zuoye/TP-shop/Public/Home/images/undefined
ERR: 无法加载模块:Public

[ 2017-11-22T19:34:30+08:00 ] ::1 /zuoye/TP-shop/Public/Home/images/undefined
ERR: 无法加载模块:Public

[ 2017-11-22T19:34:42+08:00 ] ::1 /zuoye/TP-shop/Public/Home/images/undefined
ERR: 无法加载模块:Public

[ 2017-11-22T19:39:12+08:00 ] ::1 /zuoye/TP-shop/Public/Home/images/undefined
ERR: 无法加载模块:Public

[ 2017-11-22T19:39:16+08:00 ] ::1 /zuoye/TP-shop/Public/Home/images/undefined
ERR: 无法加载模块:Public

[ 2017-11-22T22:47:32+08:00 ] ::1 /zuoye/TP-shop/introduction.html
ERR: 无法加载模块:Introduction

[ 2017-11-22T23:30:18+08:00 ] ::1 /zuoye/TP-shop/Products_List.html
ERR: 无法加载模块:Products_List

[ 2017-11-22T23:30:19+08:00 ] ::1 /zuoye/TP-shop/Category_Manage.html
ERR: 无法加载模块:Category_Manage

[ 2017-11-22T23:30:20+08:00 ] ::1 /zuoye/TP-shop/Brand_Manage.html
ERR: 无法加载模块:Brand_Manage

[ 2017-11-22T23:30:22+08:00 ] ::1 /zuoye/TP-shop/transaction.html
ERR: 无法加载模块:Transaction

[ 2017-11-22T23:30:23+08:00 ] ::1 /zuoye/TP-shop/advertising.html
ERR: 无法加载模块:Advertising

[ 2017-11-22T23:30:23+08:00 ] ::1 /zuoye/TP-shop/Sort_ads.html
ERR: 无法加载模块:Sort_ads

[ 2017-11-22T23:30:36+08:00 ] ::1 /zuoye/TP-shop/integration.html
ERR: 无法加载模块:Integration

[ 2017-11-22T23:30:40+08:00 ] ::1 /zuoye/TP-shop/Guestbook.html
ERR: 无法加载模块:Guestbook

[ 2017-11-22T23:30:40+08:00 ] ::1 /zuoye/TP-shop/Feedback.html
ERR: 无法加载模块:Feedback

[ 2017-11-22T23:35:44+08:00 ] ::1 /zuoye/TP-shop/admin_Competence.html
ERR: 无法加载模块:Admin_Competence

