[ 2017-11-20T09:03:11+08:00 ] ::1 /kejian/ErQiXiangMu/TP-shop/Public/Admin/js/jquery.min.map
ERR: 无法加载模块:Public

[ 2017-11-20T09:08:06+08:00 ] ::1 /kejian/ErQiXiangMu/TP-shop/Public/Admin/js/jquery.min.map
ERR: 无法加载模块:Public

[ 2017-11-20T09:16:52+08:00 ] ::1 /kejian/ErQiXiangMu/TP-shop/Public/Admin/js/jquery.min.map
ERR: 无法加载模块:Public

[ 2017-11-20T09:38:40+08:00 ] ::1 /kejian/ErQiXiangMu/TP-shop/Amounts.html
ERR: 无法加载模块:Amounts

[ 2017-11-20T10:08:14+08:00 ] ::1 /kejian/ErQiXiangMu/TP-shop/payment_method.html
ERR: 无法加载模块:Payment_method

[ 2017-11-20T10:08:15+08:00 ] ::1 /kejian/ErQiXiangMu/TP-shop/Cover_management.html
ERR: 无法加载模块:Cover_management

[ 2017-11-20T10:08:54+08:00 ] ::1 /kejian/ErQiXiangMu/TP-shop/Cover_management.html
ERR: 无法加载模块:Cover_management

[ 2017-11-20T10:15:53+08:00 ] ::1 /kejian/ErQiXiangMu/TP-shop/integration.html
ERR: 无法加载模块:Integration

[ 2017-11-20T10:23:48+08:00 ] ::1 /kejian/ErQiXiangMu/TP-shop/Cover_management.html
ERR: 无法加载模块:Cover_management

[ 2017-11-20T10:23:49+08:00 ] ::1 /kejian/ErQiXiangMu/TP-shop/payment_method.html
ERR: 无法加载模块:Payment_method

[ 2017-11-20T10:23:49+08:00 ] ::1 /kejian/ErQiXiangMu/TP-shop/Payment_Configure.html
ERR: 无法加载模块:Payment_Configure

[ 2017-11-20T10:23:51+08:00 ] ::1 /kejian/ErQiXiangMu/TP-shop/Order_Chart.html
ERR: 无法加载模块:Order_Chart

[ 2017-11-20T10:23:51+08:00 ] ::1 /kejian/ErQiXiangMu/TP-shop/transaction.html
ERR: 无法加载模块:Transaction

[ 2017-11-20T10:23:52+08:00 ] ::1 /kejian/ErQiXiangMu/TP-shop/Order_Chart.html
ERR: 无法加载模块:Order_Chart

[ 2017-11-20T10:23:52+08:00 ] ::1 /kejian/ErQiXiangMu/TP-shop/transaction.html
ERR: 无法加载模块:Transaction

[ 2017-11-20T10:23:53+08:00 ] ::1 /kejian/ErQiXiangMu/TP-shop/Amounts.html
ERR: 无法加载模块:Amounts

[ 2017-11-20T10:23:56+08:00 ] ::1 /kejian/ErQiXiangMu/TP-shop/Refund.html
ERR: 无法加载模块:Refund

[ 2017-11-20T10:37:08+08:00 ] ::1 /kejian/ErQiXiangMu/TP-shop/integration.html
ERR: 无法加载模块:Integration

[ 2017-11-20T10:38:10+08:00 ] ::1 /kejian/ErQiXiangMu/TP-shop/integration.html
ERR: 无法加载模块:Integration

[ 2017-11-20T10:38:12+08:00 ] ::1 /kejian/ErQiXiangMu/TP-shop/integration.html
ERR: 无法加载模块:Integration

[ 2017-11-20T10:40:18+08:00 ] ::1 /kejian/ErQiXiangMu/TP-shop/integration.html
ERR: 无法加载模块:Integration

[ 2017-11-20T10:41:30+08:00 ] ::1 /kejian/ErQiXiangMu/TP-shop/integration.html
ERR: 无法加载模块:Integration

[ 2017-11-20T10:49:16+08:00 ] ::1 /kejian/ErQiXiangMu/TP-shop/integration.html
ERR: 无法加载模块:Integration

[ 2017-11-20T10:57:14+08:00 ] ::1 /kejian/ErQiXiangMu/TP-shop/Shop_list.html
ERR: 无法加载模块:Shop_list

[ 2017-11-20T11:06:10+08:00 ] ::1 /kejian/ErQiXiangMu/TP-shop/integration.html
ERR: 无法加载模块:Integration

[ 2017-11-20T11:11:50+08:00 ] ::1 /kejian/ErQiXiangMu/TP-shop/integration.html
ERR: 无法加载模块:Integration

[ 2017-11-20T13:55:40+08:00 ] ::1 /kejian/ErQiXiangMu/TP-shop/integration.html
ERR: 无法加载模块:Integration

[ 2017-11-20T13:55:56+08:00 ] ::1 /kejian/ErQiXiangMu/TP-shop/Public/Admin/js/jquery.min.map
ERR: 无法加载模块:Public

[ 2017-11-20T13:56:20+08:00 ] ::1 /kejian/ErQiXiangMu/TP-shop/Public/Admin/js/jquery.min.map
ERR: 无法加载模块:Public

[ 2017-11-20T13:59:25+08:00 ] ::1 /kejian/ErQiXiangMu/TP-shop/Public/Admin/js/jquery.min.map
ERR: 无法加载模块:Public

[ 2017-11-20T13:59:25+08:00 ] ::1 /kejian/ErQiXiangMu/TP-shop/Public/Admin/assets/js/jquery.min.map
ERR: 无法加载模块:Public

[ 2017-11-20T14:00:08+08:00 ] ::1 /kejian/ErQiXiangMu/TP-shop/Public/Admin/js/jquery.min.map
ERR: 无法加载模块:Public

[ 2017-11-20T14:00:09+08:00 ] ::1 /kejian/ErQiXiangMu/TP-shop/Public/Admin/assets/js/jquery.min.map
ERR: 无法加载模块:Public

[ 2017-11-20T14:00:11+08:00 ] ::1 /kejian/ErQiXiangMu/TP-shop/integration.html
ERR: 无法加载模块:Integration

[ 2017-11-20T14:03:01+08:00 ] ::1 /kejian/ErQiXiangMu/TP-shop/Public/Admin/js/jquery.min.map
ERR: 无法加载模块:Public

[ 2017-11-20T14:03:01+08:00 ] ::1 /kejian/ErQiXiangMu/TP-shop/Public/Admin/assets/js/jquery.min.map
ERR: 无法加载模块:Public

[ 2017-11-20T14:03:53+08:00 ] ::1 /kejian/ErQiXiangMu/TP-shop/Public/Admin/js/jquery.min.map
ERR: 无法加载模块:Public

[ 2017-11-20T14:05:13+08:00 ] ::1 /kejian/ErQiXiangMu/TP-shop/Public/Admin/js/jquery.min.map
ERR: 无法加载模块:Public

[ 2017-11-20T14:05:14+08:00 ] ::1 /kejian/ErQiXiangMu/TP-shop/Public/Admin/assets/js/jquery.min.map
ERR: 无法加载模块:Public

[ 2017-11-20T14:05:15+08:00 ] ::1 /kejian/ErQiXiangMu/TP-shop/payment_method.html
ERR: 无法加载模块:Payment_method

[ 2017-11-20T14:05:19+08:00 ] ::1 /kejian/ErQiXiangMu/TP-shop/Amounts.html
ERR: 无法加载模块:Amounts

[ 2017-11-20T14:05:26+08:00 ] ::1 /kejian/ErQiXiangMu/TP-shop/Refund.html
ERR: 无法加载模块:Refund

[ 2017-11-20T14:08:36+08:00 ] ::1 /kejian/ErQiXiangMu/TP-shop/Public/Admin/js/jquery.min.map
ERR: 无法加载模块:Public

[ 2017-11-20T14:09:41+08:00 ] ::1 /kejian/ErQiXiangMu/TP-shop/Public/Admin/js/jquery.min.map
ERR: 无法加载模块:Public

[ 2017-11-20T14:09:42+08:00 ] ::1 /kejian/ErQiXiangMu/TP-shop/Public/Admin/assets/js/jquery.min.map
ERR: 无法加载模块:Public

[ 2017-11-20T14:10:01+08:00 ] ::1 /kejian/ErQiXiangMu/TP-shop/Public/Admin/js/jquery.min.map
ERR: 无法加载模块:Public

[ 2017-11-20T14:10:01+08:00 ] ::1 /kejian/ErQiXiangMu/TP-shop/Public/Admin/assets/js/jquery.min.map
ERR: 无法加载模块:Public

[ 2017-11-20T14:10:47+08:00 ] ::1 /kejian/ErQiXiangMu/TP-shop/Public/Admin/js/jquery.min.map
ERR: 无法加载模块:Public

[ 2017-11-20T14:10:47+08:00 ] ::1 /kejian/ErQiXiangMu/TP-shop/Public/Admin/assets/js/jquery.min.map
ERR: 无法加载模块:Public

[ 2017-11-20T14:12:56+08:00 ] ::1 /kejian/ErQiXiangMu/TP-shop/Public/Admin/js/jquery.min.map
ERR: 无法加载模块:Public

[ 2017-11-20T14:12:57+08:00 ] ::1 /kejian/ErQiXiangMu/TP-shop/Public/Admin/assets/js/jquery.min.map
ERR: 无法加载模块:Public

[ 2017-11-20T14:12:58+08:00 ] ::1 /kejian/ErQiXiangMu/TP-shop/integration.html
ERR: 无法加载模块:Integration

[ 2017-11-20T14:13:24+08:00 ] ::1 /kejian/ErQiXiangMu/TP-shop/Public/Admin/js/jquery.min.map
ERR: 无法加载模块:Public

[ 2017-11-20T14:13:24+08:00 ] ::1 /kejian/ErQiXiangMu/TP-shop/Public/Admin/assets/js/jquery.min.map
ERR: 无法加载模块:Public

[ 2017-11-20T14:13:26+08:00 ] ::1 /kejian/ErQiXiangMu/TP-shop/payment_method.html
ERR: 无法加载模块:Payment_method

[ 2017-11-20T14:14:34+08:00 ] ::1 /kejian/ErQiXiangMu/TP-shop/Public/Admin/js/jquery.min.map
ERR: 无法加载模块:Public

[ 2017-11-20T14:19:10+08:00 ] ::1 /kejian/ErQiXiangMu/TP-shop/Public/Admin/js/jquery.min.map
ERR: 无法加载模块:Public

[ 2017-11-20T14:19:10+08:00 ] ::1 /kejian/ErQiXiangMu/TP-shop/Public/Admin/assets/js/jquery.min.map
ERR: 无法加载模块:Public

[ 2017-11-20T14:21:18+08:00 ] ::1 /kejian/ErQiXiangMu/TP-shop/Public/Admin/js/jquery.min.map
ERR: 无法加载模块:Public

[ 2017-11-20T14:24:44+08:00 ] ::1 /kejian/ErQiXiangMu/TP-shop/Public/Admin/js/jquery.min.map
ERR: 无法加载模块:Public

[ 2017-11-20T14:24:52+08:00 ] ::1 /kejian/ErQiXiangMu/TP-shop/Public/Admin/js/jquery.min.map
ERR: 无法加载模块:Public

[ 2017-11-20T14:24:52+08:00 ] ::1 /kejian/ErQiXiangMu/TP-shop/Public/Admin/assets/js/jquery.min.map
ERR: 无法加载模块:Public

[ 2017-11-20T14:24:58+08:00 ] ::1 /kejian/ErQiXiangMu/TP-shop/transaction.html
ERR: 无法加载模块:Transaction

[ 2017-11-20T14:24:59+08:00 ] ::1 /kejian/ErQiXiangMu/TP-shop/Order_Chart.html
ERR: 无法加载模块:Order_Chart

[ 2017-11-20T14:26:18+08:00 ] ::1 /kejian/ErQiXiangMu/TP-shop/Public/Admin/js/jquery.min.map
ERR: 无法加载模块:Public

[ 2017-11-20T14:26:18+08:00 ] ::1 /kejian/ErQiXiangMu/TP-shop/Public/Admin/assets/js/jquery.min.map
ERR: 无法加载模块:Public

[ 2017-11-20T14:37:31+08:00 ] ::1 /kejian/ErQiXiangMu/TP-shop/Public/Admin/js/jquery.min.map
ERR: 无法加载模块:Public

[ 2017-11-20T15:02:36+08:00 ] ::1 /kejian/ErQiXiangMu/TP-shop/Public/Admin/js/jquery.min.map
ERR: 无法加载模块:Public

[ 2017-11-20T15:22:24+08:00 ] ::1 /kejian/ErQiXiangMu/TP-shop/Public/Admin/js/jquery.min.map
ERR: 无法加载模块:Public

[ 2017-11-20T15:29:30+08:00 ] ::1 /kejian/ErQiXiangMu/TP-shop/Amounts.html
ERR: 无法加载模块:Amounts

[ 2017-11-20T15:29:46+08:00 ] ::1 /kejian/ErQiXiangMu/TP-shop/Amounts.html
ERR: 无法加载模块:Amounts

[ 2017-11-20T15:30:19+08:00 ] ::1 /kejian/ErQiXiangMu/TP-shop/Amounts.html
ERR: 无法加载模块:Amounts

[ 2017-11-20T15:44:24+08:00 ] ::1 /kejian/ErQiXiangMu/TP-shop/Public/Admin/js/jquery.min.map
ERR: 无法加载模块:Public

[ 2017-11-20T15:52:05+08:00 ] ::1 /kejian/ErQiXiangMu/TP-shop/Public/Admin/js/jquery.min.map
ERR: 无法加载模块:Public

[ 2017-11-20T15:58:03+08:00 ] ::1 /kejian/ErQiXiangMu/TP-shop/Public/Admin/js/jquery.min.map
ERR: 无法加载模块:Public

[ 2017-11-20T15:58:39+08:00 ] ::1 /kejian/ErQiXiangMu/TP-shop/Public/Admin/js/jquery.min.map
ERR: 无法加载模块:Public

[ 2017-11-20T15:59:36+08:00 ] ::1 /kejian/ErQiXiangMu/TP-shop/Public/Admin/js/jquery.min.map
ERR: 无法加载模块:Public

[ 2017-11-20T16:01:17+08:00 ] ::1 /kejian/ErQiXiangMu/TP-shop/Public/Admin/js/jquery.min.map
ERR: 无法加载模块:Public

[ 2017-11-20T16:01:32+08:00 ] ::1 /kejian/ErQiXiangMu/TP-shop/Public/Admin/js/jquery.min.map
ERR: 无法加载模块:Public

[ 2017-11-20T16:02:20+08:00 ] ::1 /kejian/ErQiXiangMu/TP-shop/Public/Admin/js/jquery.min.map
ERR: 无法加载模块:Public

[ 2017-11-20T16:03:22+08:00 ] ::1 /kejian/ErQiXiangMu/TP-shop/Public/Admin/js/jquery.min.map
ERR: 无法加载模块:Public

[ 2017-11-20T16:06:51+08:00 ] ::1 /kejian/ErQiXiangMu/TP-shop/Public/Admin/js/jquery.min.map
ERR: 无法加载模块:Public

[ 2017-11-20T16:06:58+08:00 ] ::1 /kejian/ErQiXiangMu/TP-shop/Public/Admin/js/jquery.min.map
ERR: 无法加载模块:Public

[ 2017-11-20T16:07:25+08:00 ] ::1 /kejian/ErQiXiangMu/TP-shop/Public/Admin/js/jquery.min.map
ERR: 无法加载模块:Public

[ 2017-11-20T16:09:44+08:00 ] ::1 /kejian/ErQiXiangMu/TP-shop/Public/Admin/js/jquery.min.map
ERR: 无法加载模块:Public

[ 2017-11-20T16:11:06+08:00 ] ::1 /kejian/ErQiXiangMu/TP-shop/Public/Admin/js/jquery.min.map
ERR: 无法加载模块:Public

[ 2017-11-20T16:11:35+08:00 ] ::1 /kejian/ErQiXiangMu/TP-shop/Public/Admin/js/jquery.min.map
ERR: 无法加载模块:Public

[ 2017-11-20T16:11:50+08:00 ] ::1 /kejian/ErQiXiangMu/TP-shop/Public/Admin/js/jquery.min.map
ERR: 无法加载模块:Public

[ 2017-11-20T16:12:07+08:00 ] ::1 /kejian/ErQiXiangMu/TP-shop/Public/Admin/js/jquery.min.map
ERR: 无法加载模块:Public

[ 2017-11-20T16:12:39+08:00 ] ::1 /kejian/ErQiXiangMu/TP-shop/Public/Admin/js/jquery.min.map
ERR: 无法加载模块:Public

[ 2017-11-20T16:13:57+08:00 ] ::1 /kejian/ErQiXiangMu/TP-shop/Public/Admin/js/jquery.min.map
ERR: 无法加载模块:Public

[ 2017-11-20T16:16:42+08:00 ] ::1 /kejian/ErQiXiangMu/TP-shop/Public/Admin/js/jquery.min.map
ERR: 无法加载模块:Public

[ 2017-11-20T16:18:34+08:00 ] ::1 /kejian/ErQiXiangMu/TP-shop/Public/Admin/js/jquery.min.map
ERR: 无法加载模块:Public

[ 2017-11-20T16:20:39+08:00 ] ::1 /kejian/ErQiXiangMu/TP-shop/Public/Admin/js/jquery.min.map
ERR: 无法加载模块:Public

[ 2017-11-20T16:41:36+08:00 ] ::1 /kejian/ErQiXiangMu/TP-shop/Public/Admin/js/jquery.min.map
ERR: 无法加载模块:Public

[ 2017-11-20T16:42:05+08:00 ] ::1 /kejian/ErQiXiangMu/TP-shop/Public/Admin/js/jquery.min.map
ERR: 无法加载模块:Public

[ 2017-11-20T17:02:37+08:00 ] ::1 /kejian/ErQiXiangMu/TP-shop/Public/Admin/js/jquery.min.map
ERR: 无法加载模块:Public

[ 2017-11-20T17:02:37+08:00 ] ::1 /kejian/ErQiXiangMu/TP-shop/Public/Admin/assets/js/jquery.min.map
ERR: 无法加载模块:Public

[ 2017-11-20T17:02:45+08:00 ] ::1 /kejian/ErQiXiangMu/TP-shop/Public/Admin/js/jquery.min.map
ERR: 无法加载模块:Public

[ 2017-11-20T19:18:59+08:00 ] ::1 /kejian/ErQiXiangMu/TP-shop/Public/Admin/js/jquery.min.map
ERR: 无法加载模块:Public

[ 2017-11-20T19:27:14+08:00 ] ::1 /kejian/ErQiXiangMu/TP-shop/Refund.html
ERR: 无法加载模块:Refund

[ 2017-11-20T19:28:03+08:00 ] ::1 /kejian/ErQiXiangMu/TP-shop/Public/Admin/js/jquery.min.map
ERR: 无法加载模块:Public

[ 2017-11-20T19:29:56+08:00 ] ::1 /kejian/ErQiXiangMu/TP-shop/Public/Admin/js/jquery.min.map
ERR: 无法加载模块:Public

[ 2017-11-20T19:32:26+08:00 ] ::1 /kejian/ErQiXiangMu/TP-shop/Public/Admin/js/jquery.min.map
ERR: 无法加载模块:Public

[ 2017-11-20T19:33:11+08:00 ] ::1 /kejian/ErQiXiangMu/TP-shop/Public/Admin/assets/js/jquery.min.map
ERR: 无法加载模块:Public

[ 2017-11-20T19:59:03+08:00 ] ::1 /kejian/ErQiXiangMu/TP-shop/integration.html
ERR: 无法加载模块:Integration

[ 2017-11-20T20:01:32+08:00 ] ::1 /kejian/ErQiXiangMu/TP-shop/Public/Admin/js/jquery.min.map
ERR: 无法加载模块:Public

[ 2017-11-20T20:04:43+08:00 ] ::1 /kejian/ErQiXiangMu/TP-shop/Public/Admin/js/jquery.min.map
ERR: 无法加载模块:Public

[ 2017-11-20T20:11:47+08:00 ] ::1 /kejian/ErQiXiangMu/TP-shop/integration.html
ERR: 无法加载模块:Integration

[ 2017-11-20T20:22:58+08:00 ] ::1 /kejian/ErQiXiangMu/TP-shop/Public/Admin/js/jquery.min.map
ERR: 无法加载模块:Public

[ 2017-11-20T20:29:13+08:00 ] ::1 /kejian/ErQiXiangMu/TP-shop/integration.html
ERR: 无法加载模块:Integration

[ 2017-11-20T20:29:16+08:00 ] ::1 /kejian/ErQiXiangMu/TP-shop/payment_method.html
ERR: 无法加载模块:Payment_method

[ 2017-11-20T20:29:16+08:00 ] ::1 /kejian/ErQiXiangMu/TP-shop/Cover_management.html
ERR: 无法加载模块:Cover_management

[ 2017-11-20T20:29:17+08:00 ] ::1 /kejian/ErQiXiangMu/TP-shop/payment_method.html
ERR: 无法加载模块:Payment_method

[ 2017-11-20T20:29:18+08:00 ] ::1 /kejian/ErQiXiangMu/TP-shop/Payment_Configure.html
ERR: 无法加载模块:Payment_Configure

[ 2017-11-20T20:29:44+08:00 ] ::1 /kejian/ErQiXiangMu/TP-shop/Guestbook.html
ERR: 无法加载模块:Guestbook

[ 2017-11-20T20:29:45+08:00 ] ::1 /kejian/ErQiXiangMu/TP-shop/Feedback.html
ERR: 无法加载模块:Feedback

[ 2017-11-20T20:29:46+08:00 ] ::1 /kejian/ErQiXiangMu/TP-shop/Guestbook.html
ERR: 无法加载模块:Guestbook

[ 2017-11-20T20:33:32+08:00 ] ::1 /kejian/ErQiXiangMu/TP-shop/Guestbook.html
ERR: 无法加载模块:Guestbook

[ 2017-11-20T20:33:34+08:00 ] ::1 /kejian/ErQiXiangMu/TP-shop/Guestbook.html
ERR: 无法加载模块:Guestbook

[ 2017-11-20T20:33:37+08:00 ] ::1 /kejian/ErQiXiangMu/TP-shop/Guestbook.html
ERR: 无法加载模块:Guestbook

[ 2017-11-20T20:33:38+08:00 ] ::1 /kejian/ErQiXiangMu/TP-shop/Feedback.html
ERR: 无法加载模块:Feedback

[ 2017-11-20T20:33:45+08:00 ] ::1 /kejian/ErQiXiangMu/TP-shop/Shop_list.html
ERR: 无法加载模块:Shop_list

[ 2017-11-20T20:33:45+08:00 ] ::1 /kejian/ErQiXiangMu/TP-shop/Shops_Audit.html
ERR: 无法加载模块:Shops_Audit

[ 2017-11-20T20:33:49+08:00 ] ::1 /kejian/ErQiXiangMu/TP-shop/integration.html
ERR: 无法加载模块:Integration

[ 2017-11-20T20:41:20+08:00 ] ::1 /kejian/ErQiXiangMu/TP-shop/Amounts.html
ERR: 无法加载模块:Amounts

[ 2017-11-20T20:44:06+08:00 ] ::1 /kejian/ErQiXiangMu/TP-shop/integration.html
ERR: 无法加载模块:Integration

[ 2017-11-20T20:44:12+08:00 ] ::1 /kejian/ErQiXiangMu/TP-shop/integration.html
ERR: 无法加载模块:Integration

[ 2017-11-20T20:44:17+08:00 ] ::1 /kejian/ErQiXiangMu/TP-shop/payment_method.html
ERR: 无法加载模块:Payment_method

[ 2017-11-20T20:44:18+08:00 ] ::1 /kejian/ErQiXiangMu/TP-shop/Cover_management.html
ERR: 无法加载模块:Cover_management

[ 2017-11-20T20:44:19+08:00 ] ::1 /kejian/ErQiXiangMu/TP-shop/Payment_Configure.html
ERR: 无法加载模块:Payment_Configure

[ 2017-11-20T20:44:19+08:00 ] ::1 /kejian/ErQiXiangMu/TP-shop/payment_method.html
ERR: 无法加载模块:Payment_method

[ 2017-11-20T20:44:20+08:00 ] ::1 /kejian/ErQiXiangMu/TP-shop/Cover_management.html
ERR: 无法加载模块:Cover_management

[ 2017-11-20T20:44:22+08:00 ] ::1 /kejian/ErQiXiangMu/TP-shop/Order_Chart.html
ERR: 无法加载模块:Order_Chart

[ 2017-11-20T20:44:22+08:00 ] ::1 /kejian/ErQiXiangMu/TP-shop/transaction.html
ERR: 无法加载模块:Transaction

[ 2017-11-20T20:44:24+08:00 ] ::1 /kejian/ErQiXiangMu/TP-shop/transaction.html
ERR: 无法加载模块:Transaction

[ 2017-11-20T20:44:24+08:00 ] ::1 /kejian/ErQiXiangMu/TP-shop/Order_Chart.html
ERR: 无法加载模块:Order_Chart

[ 2017-11-20T20:44:39+08:00 ] ::1 /kejian/ErQiXiangMu/TP-shop/Refund.html
ERR: 无法加载模块:Refund

