[ 2017-12-18T14:38:33+08:00 ] 220.115.189.54 /Admin
INFO: [ app_init ] --START--
INFO: Run Behavior\BuildLiteBehavior [ RunTime:0.000008s ]
INFO: [ app_init ] --END-- [ RunTime:0.000062s ]
INFO: [ app_begin ] --START--
INFO: Run Behavior\ReadHtmlCacheBehavior [ RunTime:0.000034s ]
INFO: [ app_begin ] --END-- [ RunTime:0.000047s ]

[ 2017-12-18T14:38:33+08:00 ] 220.115.189.54 /Admin/Login/login.html
INFO: [ app_init ] --START--
INFO: Run Behavior\BuildLiteBehavior [ RunTime:0.000005s ]
INFO: [ app_init ] --END-- [ RunTime:0.000047s ]
INFO: [ app_begin ] --START--
INFO: Run Behavior\ReadHtmlCacheBehavior [ RunTime:0.000018s ]
INFO: [ app_begin ] --END-- [ RunTime:0.000039s ]
INFO: [ view_parse ] --START--
INFO: [ template_filter ] --START--
INFO: Run Behavior\ContentReplaceBehavior [ RunTime:0.000044s ]
INFO: [ template_filter ] --END-- [ RunTime:0.000062s ]
INFO: Run Behavior\ParseTemplateBehavior [ RunTime:0.002341s ]
INFO: [ view_parse ] --END-- [ RunTime:0.002357s ]
INFO: [ view_filter ] --START--
INFO: Run Behavior\WriteHtmlCacheBehavior [ RunTime:0.000020s ]
INFO: [ view_filter ] --END-- [ RunTime:0.000029s ]
INFO: [ app_end ] --START--
INFO: Run Behavior\ShowPageTraceBehavior [ RunTime:0.000017s ]
INFO: [ app_end ] --END-- [ RunTime:0.000026s ]

[ 2017-12-18T14:39:01+08:00 ] 220.115.189.54 /Admin/Login/yzm.html
INFO: [ app_init ] --START--
INFO: Run Behavior\BuildLiteBehavior [ RunTime:0.000008s ]
INFO: [ app_init ] --END-- [ RunTime:0.000064s ]
INFO: [ app_begin ] --START--
INFO: Run Behavior\ReadHtmlCacheBehavior [ RunTime:0.000035s ]
INFO: [ app_begin ] --END-- [ RunTime:0.000048s ]
INFO: [ app_end ] --START--
INFO: Run Behavior\ShowPageTraceBehavior [ RunTime:0.000031s ]
INFO: [ app_end ] --END-- [ RunTime:0.000047s ]

[ 2017-12-18T14:41:19+08:00 ] 220.115.189.54 /Admin
INFO: [ app_init ] --START--
INFO: Run Behavior\BuildLiteBehavior [ RunTime:0.000006s ]
INFO: [ app_init ] --END-- [ RunTime:0.000043s ]
INFO: [ app_begin ] --START--
INFO: Run Behavior\ReadHtmlCacheBehavior [ RunTime:0.000017s ]
INFO: [ app_begin ] --END-- [ RunTime:0.000028s ]

[ 2017-12-18T14:41:19+08:00 ] 220.115.189.54 /Admin/Login/login.html
INFO: [ app_init ] --START--
INFO: Run Behavior\BuildLiteBehavior [ RunTime:0.000005s ]
INFO: [ app_init ] --END-- [ RunTime:0.000033s ]
INFO: [ app_begin ] --START--
INFO: Run Behavior\ReadHtmlCacheBehavior [ RunTime:0.000016s ]
INFO: [ app_begin ] --END-- [ RunTime:0.000029s ]
INFO: [ view_parse ] --START--
INFO: [ template_filter ] --START--
INFO: Run Behavior\ContentReplaceBehavior [ RunTime:0.000036s ]
INFO: [ template_filter ] --END-- [ RunTime:0.000052s ]
INFO: Run Behavior\ParseTemplateBehavior [ RunTime:0.001197s ]
INFO: [ view_parse ] --END-- [ RunTime:0.001224s ]
INFO: [ view_filter ] --START--
INFO: Run Behavior\WriteHtmlCacheBehavior [ RunTime:0.000025s ]
INFO: [ view_filter ] --END-- [ RunTime:0.000034s ]
INFO: [ app_end ] --START--
INFO: Run Behavior\ShowPageTraceBehavior [ RunTime:0.000018s ]
INFO: [ app_end ] --END-- [ RunTime:0.000027s ]

[ 2017-12-18T14:41:19+08:00 ] 220.115.189.54 /Admin/Login/yzm.html
INFO: [ app_init ] --START--
INFO: Run Behavior\BuildLiteBehavior [ RunTime:0.000007s ]
INFO: [ app_init ] --END-- [ RunTime:0.000039s ]
INFO: [ app_begin ] --START--
INFO: Run Behavior\ReadHtmlCacheBehavior [ RunTime:0.000018s ]
INFO: [ app_begin ] --END-- [ RunTime:0.000045s ]
INFO: [ app_end ] --START--
INFO: Run Behavior\ShowPageTraceBehavior [ RunTime:0.000020s ]
INFO: [ app_end ] --END-- [ RunTime:0.000036s ]

[ 2017-12-18T14:41:32+08:00 ] 220.115.189.54 /Admin/Login/login.html
INFO: [ app_init ] --START--
INFO: Run Behavior\BuildLiteBehavior [ RunTime:0.000006s ]
INFO: [ app_init ] --END-- [ RunTime:0.000063s ]
INFO: [ app_begin ] --START--
INFO: Run Behavior\ReadHtmlCacheBehavior [ RunTime:0.000014s ]
INFO: [ app_begin ] --END-- [ RunTime:0.000025s ]
INFO: [ view_parse ] --START--
INFO: [ template_filter ] --START--
INFO: Run Behavior\ContentReplaceBehavior [ RunTime:0.000035s ]
INFO: [ template_filter ] --END-- [ RunTime:0.000051s ]
NOTIC: [8] Undefined variable: adname /data/wwwroot/default/abc/Shop/Runtime/Cache/Admin/f152827ede0096efdd0f9201d80b1f5f.php 第 65 行.
NOTIC: [8] Undefined variable: adpwd /data/wwwroot/default/abc/Shop/Runtime/Cache/Admin/f152827ede0096efdd0f9201d80b1f5f.php 第 67 行.
INFO: Run Behavior\ParseTemplateBehavior [ RunTime:0.001200s ]
INFO: [ view_parse ] --END-- [ RunTime:0.001215s ]
INFO: [ view_filter ] --START--
INFO: Run Behavior\WriteHtmlCacheBehavior [ RunTime:0.000019s ]
INFO: [ view_filter ] --END-- [ RunTime:0.000027s ]

[ 2017-12-18T14:41:32+08:00 ] 220.115.189.54 /Admin/Login/yzm.html
INFO: [ app_init ] --START--
INFO: Run Behavior\BuildLiteBehavior [ RunTime:0.000005s ]
INFO: [ app_init ] --END-- [ RunTime:0.000042s ]
INFO: [ app_begin ] --START--
INFO: Run Behavior\ReadHtmlCacheBehavior [ RunTime:0.000013s ]
INFO: [ app_begin ] --END-- [ RunTime:0.000025s ]
INFO: [ app_end ] --START--
INFO: Run Behavior\ShowPageTraceBehavior [ RunTime:0.000018s ]
INFO: [ app_end ] --END-- [ RunTime:0.000034s ]

[ 2017-12-18T14:41:43+08:00 ] 220.115.189.54 /Admin/Login/login.html
INFO: [ app_init ] --START--
INFO: Run Behavior\BuildLiteBehavior [ RunTime:0.000006s ]
INFO: [ app_init ] --END-- [ RunTime:0.000042s ]
INFO: [ app_begin ] --START--
INFO: Run Behavior\ReadHtmlCacheBehavior [ RunTime:0.000015s ]
INFO: [ app_begin ] --END-- [ RunTime:0.000026s ]
SQL: SHOW COLUMNS FROM `shop_admin_user` [ RunTime:0.0005s ]
SQL: SELECT `id`,`username`,`password`,`sex`,`age`,`atime`,`phone`,`qq`,`mail`,`status`,`iplock`,`logtime`,`role` FROM `shop_admin_user` WHERE ( username='root' ) LIMIT 1   [ RunTime:0.0002s ]
SQL: UPDATE `shop_admin_user` SET `username`='root',`password`='$2y$10$YCJbOafKHYYLX04XBSK/3OYNsce70oxEaCALTnIhylnpOctzn4hT2',`sex`='1',`age`='0',`atime`='1512121891',`phone`='13838389438',`qq`='',`mail`='1234567890@163.com',`status`='1',`iplock`='1',`logtime`='99a08100168078e1ee9d83ad8e7018d4',`role`=NULL WHERE `id` = 1 [ RunTime:0.0003s ]
SQL: SHOW COLUMNS FROM `shop_admin_ip` [ RunTime:0.0008s ]
SQL: INSERT INTO `shop_admin_ip` (`uid`,`ip`,`time`,`adminname`) VALUES ('1','220.115.189.54','1513579303','root') [ RunTime:0.0002s ]
SQL: SHOW COLUMNS FROM `shop_admin_user` [ RunTime:0.0003s ]
SQL: SELECT `id`,`username`,`password`,`sex`,`age`,`atime`,`phone`,`qq`,`mail`,`status`,`iplock`,`logtime`,`role` FROM `shop_admin_user` WHERE ( username='root' ) LIMIT 1   [ RunTime:0.0001s ]
SQL: SHOW COLUMNS FROM `shop_admin_user_role` [ RunTime:0.0002s ]
SQL: SELECT * FROM `shop_admin_user_role` WHERE ( aid='1' )  [ RunTime:0.0001s ]
SQL: SHOW COLUMNS FROM `shop_admin_role` [ RunTime:0.0003s ]
SQL: SHOW COLUMNS FROM `shop_admin_role_node` [ RunTime:0.0002s ]
NOTIC: [8] Undefined variable: nid /data/wwwroot/default/abc/Shop/Admin/Model/AdminUserModel.class.php 第 90 行.
NOTIC: [2] Invalid argument supplied for foreach() /data/wwwroot/default/abc/Shop/Admin/Model/AdminUserModel.class.php 第 90 行.
SQL: SHOW COLUMNS FROM `shop_admin_node` [ RunTime:0.0002s ]
NOTIC: [8] Undefined variable: nid /data/wwwroot/default/abc/Shop/Admin/Model/AdminUserModel.class.php 第 101 行.
NOTIC: [2] Invalid argument supplied for foreach() /data/wwwroot/default/abc/Shop/Admin/Model/AdminUserModel.class.php 第 101 行.
NOTIC: [8] Undefined variable: node_body_arr /data/wwwroot/default/abc/Shop/Admin/Model/AdminUserModel.class.php 第 105 行.
NOTIC: [2] Invalid argument supplied for foreach() /data/wwwroot/default/abc/Shop/Admin/Model/AdminUserModel.class.php 第 105 行.
INFO: [ view_parse ] --START--
INFO: [ template_filter ] --START--
INFO: Run Behavior\ContentReplaceBehavior [ RunTime:0.000016s ]
INFO: [ template_filter ] --END-- [ RunTime:0.000029s ]
INFO: Run Behavior\ParseTemplateBehavior [ RunTime:0.000709s ]
INFO: [ view_parse ] --END-- [ RunTime:0.000732s ]
INFO: [ view_filter ] --START--
INFO: Run Behavior\WriteHtmlCacheBehavior [ RunTime:0.000017s ]
INFO: [ view_filter ] --END-- [ RunTime:0.000024s ]
INFO: [ app_end ] --START--
INFO: Run Behavior\ShowPageTraceBehavior [ RunTime:0.000012s ]
INFO: [ app_end ] --END-- [ RunTime:0.000019s ]

[ 2017-12-18T14:41:44+08:00 ] 220.115.189.54 /Admin/Index/index.html
INFO: [ app_init ] --START--
INFO: Run Behavior\BuildLiteBehavior [ RunTime:0.000006s ]
INFO: [ app_init ] --END-- [ RunTime:0.000050s ]
INFO: [ app_begin ] --START--
INFO: Run Behavior\ReadHtmlCacheBehavior [ RunTime:0.000014s ]
INFO: [ app_begin ] --END-- [ RunTime:0.000025s ]
SQL: SHOW COLUMNS FROM `shop_admin_user` [ RunTime:0.0005s ]
SQL: SELECT `logtime` FROM `shop_admin_user` WHERE ( username='root' ) LIMIT 1   [ RunTime:0.0002s ]
INFO: [ view_parse ] --START--
INFO: [ template_filter ] --START--
INFO: Run Behavior\ContentReplaceBehavior [ RunTime:0.000068s ]
INFO: [ template_filter ] --END-- [ RunTime:0.000081s ]
INFO: Run Behavior\ParseTemplateBehavior [ RunTime:0.002711s ]
INFO: [ view_parse ] --END-- [ RunTime:0.002727s ]
INFO: [ view_filter ] --START--
INFO: Run Behavior\WriteHtmlCacheBehavior [ RunTime:0.000017s ]
INFO: [ view_filter ] --END-- [ RunTime:0.000026s ]
INFO: [ app_end ] --START--
INFO: Run Behavior\ShowPageTraceBehavior [ RunTime:0.000014s ]
INFO: [ app_end ] --END-- [ RunTime:0.000024s ]

[ 2017-12-18T14:41:45+08:00 ] 220.115.189.54 /Admin/Index/home.html
INFO: [ app_init ] --START--
INFO: Run Behavior\BuildLiteBehavior [ RunTime:0.000009s ]
INFO: [ app_init ] --END-- [ RunTime:0.000063s ]
INFO: [ app_begin ] --START--
INFO: Run Behavior\ReadHtmlCacheBehavior [ RunTime:0.000021s ]
INFO: [ app_begin ] --END-- [ RunTime:0.000033s ]
SQL: SHOW COLUMNS FROM `shop_admin_user` [ RunTime:0.0005s ]
SQL: SELECT `logtime` FROM `shop_admin_user` WHERE ( username='root' ) LIMIT 1   [ RunTime:0.0000s ]
INFO: [ view_parse ] --START--
INFO: [ template_filter ] --START--
INFO: Run Behavior\ContentReplaceBehavior [ RunTime:0.000044s ]
INFO: [ template_filter ] --END-- [ RunTime:0.000057s ]
INFO: Run Behavior\ParseTemplateBehavior [ RunTime:0.002331s ]
INFO: [ view_parse ] --END-- [ RunTime:0.002347s ]
INFO: [ view_filter ] --START--
INFO: Run Behavior\WriteHtmlCacheBehavior [ RunTime:0.000018s ]
INFO: [ view_filter ] --END-- [ RunTime:0.000025s ]
INFO: [ app_end ] --START--
INFO: Run Behavior\ShowPageTraceBehavior [ RunTime:0.000018s ]
INFO: [ app_end ] --END-- [ RunTime:0.000028s ]

[ 2017-12-18T14:41:48+08:00 ] 220.115.189.54 /Admin/Adminuser/personal_details.html
INFO: [ app_init ] --START--
INFO: Run Behavior\BuildLiteBehavior [ RunTime:0.000006s ]
INFO: [ app_init ] --END-- [ RunTime:0.000040s ]
INFO: [ app_begin ] --START--
INFO: Run Behavior\ReadHtmlCacheBehavior [ RunTime:0.000014s ]
INFO: [ app_begin ] --END-- [ RunTime:0.000027s ]
SQL: SHOW COLUMNS FROM `shop_admin_user` [ RunTime:0.0005s ]
SQL: SELECT `logtime` FROM `shop_admin_user` WHERE ( username='root' ) LIMIT 1   [ RunTime:0.0001s ]
SQL: SHOW COLUMNS FROM `shop_admin_user` [ RunTime:0.0003s ]
SQL: SELECT `id`,`username`,`password`,`sex`,`age`,`atime`,`phone`,`qq`,`mail`,`status`,`iplock`,`logtime`,`role` FROM `shop_admin_user` WHERE ( username='root' ) LIMIT 1   [ RunTime:0.0001s ]
SQL: SHOW COLUMNS FROM `shop_admin_ip` [ RunTime:0.0003s ]
SQL: SELECT `id`,`adminname`,`uid`,`ip`,`time` FROM `shop_admin_ip` WHERE ( uid='1' )  [ RunTime:0.0003s ]
SQL: SHOW COLUMNS FROM `shop_admin_role` [ RunTime:0.0003s ]
SQL: SELECT `rolename` FROM `shop_admin_role` WHERE ( id='' ) LIMIT 1   [ RunTime:0.0001s ]
INFO: [ view_parse ] --START--
INFO: [ template_filter ] --START--
INFO: Run Behavior\ContentReplaceBehavior [ RunTime:0.000049s ]
INFO: [ template_filter ] --END-- [ RunTime:0.000064s ]
INFO: Run Behavior\ParseTemplateBehavior [ RunTime:0.002054s ]
INFO: [ view_parse ] --END-- [ RunTime:0.002086s ]
INFO: [ view_filter ] --START--
INFO: Run Behavior\WriteHtmlCacheBehavior [ RunTime:0.000021s ]
INFO: [ view_filter ] --END-- [ RunTime:0.000029s ]
INFO: [ app_end ] --START--
INFO: Run Behavior\ShowPageTraceBehavior [ RunTime:0.000016s ]
INFO: [ app_end ] --END-- [ RunTime:0.000027s ]

[ 2017-12-18T14:41:50+08:00 ] 220.115.189.54 /Admin/Adminuser/admin_list.html
INFO: [ app_init ] --START--
INFO: Run Behavior\BuildLiteBehavior [ RunTime:0.000006s ]
INFO: [ app_init ] --END-- [ RunTime:0.000039s ]
INFO: [ app_begin ] --START--
INFO: Run Behavior\ReadHtmlCacheBehavior [ RunTime:0.000015s ]
INFO: [ app_begin ] --END-- [ RunTime:0.000026s ]
SQL: SHOW COLUMNS FROM `shop_admin_user` [ RunTime:0.0005s ]
SQL: SELECT `logtime` FROM `shop_admin_user` WHERE ( username='root' ) LIMIT 1   [ RunTime:0.0000s ]
SQL: SHOW COLUMNS FROM `shop_admin_user` [ RunTime:0.0004s ]
SQL: SELECT `id`,`username`,`password`,`sex`,`age`,`atime`,`phone`,`qq`,`mail`,`status`,`iplock`,`logtime`,`role` FROM `shop_admin_user` ORDER BY id desc  [ RunTime:0.0002s ]
SQL: SHOW COLUMNS FROM `shop_admin_role` [ RunTime:0.0003s ]
SQL: SELECT `rolename` FROM `shop_admin_role`  [ RunTime:0.0001s ]
NOTIC: [8] Undefined index:  /data/wwwroot/default/abc/Shop/Admin/Model/AdminUserModel.class.php 第 56 行.
NOTIC: [8] Undefined index:  /data/wwwroot/default/abc/Shop/Admin/Model/AdminUserModel.class.php 第 56 行.
NOTIC: [8] Undefined index:  /data/wwwroot/default/abc/Shop/Admin/Model/AdminUserModel.class.php 第 56 行.
NOTIC: [8] Undefined index:  /data/wwwroot/default/abc/Shop/Admin/Model/AdminUserModel.class.php 第 56 行.
NOTIC: [8] Undefined index:  /data/wwwroot/default/abc/Shop/Admin/Model/AdminUserModel.class.php 第 56 行.
SQL: SELECT * FROM `shop_admin_role`  [ RunTime:0.0001s ]
INFO: [ view_parse ] --START--
INFO: [ template_filter ] --START--
INFO: Run Behavior\ContentReplaceBehavior [ RunTime:0.000064s ]
INFO: [ template_filter ] --END-- [ RunTime:0.000081s ]
INFO: Run Behavior\ParseTemplateBehavior [ RunTime:0.002976s ]
INFO: [ view_parse ] --END-- [ RunTime:0.002994s ]
INFO: [ view_filter ] --START--
INFO: Run Behavior\WriteHtmlCacheBehavior [ RunTime:0.000021s ]
INFO: [ view_filter ] --END-- [ RunTime:0.000030s ]
INFO: [ app_end ] --START--
INFO: Run Behavior\ShowPageTraceBehavior [ RunTime:0.000017s ]
INFO: [ app_end ] --END-- [ RunTime:0.000029s ]

[ 2017-12-18T14:41:52+08:00 ] 220.115.189.54 /Admin/adminuser/authority_list.html
INFO: [ app_init ] --START--
INFO: Run Behavior\BuildLiteBehavior [ RunTime:0.000007s ]
INFO: [ app_init ] --END-- [ RunTime:0.000039s ]
INFO: [ app_begin ] --START--
INFO: Run Behavior\ReadHtmlCacheBehavior [ RunTime:0.000016s ]
INFO: [ app_begin ] --END-- [ RunTime:0.000029s ]
SQL: SHOW COLUMNS FROM `shop_admin_user` [ RunTime:0.0005s ]
SQL: SELECT `logtime` FROM `shop_admin_user` WHERE ( username='root' ) LIMIT 1   [ RunTime:0.0000s ]
SQL: SHOW COLUMNS FROM `shop_admin_role` [ RunTime:0.0003s ]
SQL: SELECT * FROM `shop_admin_role`  [ RunTime:0.0000s ]
SQL: SELECT `id`,`username` FROM `shop_admin_user`  [ RunTime:0.0002s ]
SQL: SHOW COLUMNS FROM `shop_admin_user_role` [ RunTime:0.0002s ]
SQL: SELECT `aid`,`rid` FROM `shop_admin_user_role`  [ RunTime:0.0001s ]
INFO: [ view_parse ] --START--
INFO: [ template_filter ] --START--
INFO: Run Behavior\ContentReplaceBehavior [ RunTime:0.000049s ]
INFO: [ template_filter ] --END-- [ RunTime:0.000063s ]
INFO: Run Behavior\ParseTemplateBehavior [ RunTime:0.001972s ]
INFO: [ view_parse ] --END-- [ RunTime:0.001987s ]
INFO: [ view_filter ] --START--
INFO: Run Behavior\WriteHtmlCacheBehavior [ RunTime:0.000017s ]
INFO: [ view_filter ] --END-- [ RunTime:0.000026s ]
INFO: [ app_end ] --START--
INFO: Run Behavior\ShowPageTraceBehavior [ RunTime:0.000013s ]
INFO: [ app_end ] --END-- [ RunTime:0.000020s ]

[ 2017-12-18T14:41:53+08:00 ] 220.115.189.54 /Admin/Node/node_list.html
INFO: [ app_init ] --START--
INFO: Run Behavior\BuildLiteBehavior [ RunTime:0.000006s ]
INFO: [ app_init ] --END-- [ RunTime:0.000040s ]
INFO: [ app_begin ] --START--
INFO: Run Behavior\ReadHtmlCacheBehavior [ RunTime:0.000017s ]
INFO: [ app_begin ] --END-- [ RunTime:0.000031s ]
SQL: SHOW COLUMNS FROM `shop_admin_user` [ RunTime:0.0005s ]
SQL: SELECT `logtime` FROM `shop_admin_user` WHERE ( username='root' ) LIMIT 1   [ RunTime:0.0000s ]
SQL: SHOW COLUMNS FROM `shop_admin_node` [ RunTime:0.0003s ]
SQL: SELECT * FROM `shop_admin_node`  [ RunTime:0.0003s ]
INFO: [ view_parse ] --START--
INFO: [ template_filter ] --START--
INFO: Run Behavior\ContentReplaceBehavior [ RunTime:0.000042s ]
INFO: [ template_filter ] --END-- [ RunTime:0.000056s ]
INFO: Run Behavior\ParseTemplateBehavior [ RunTime:0.002826s ]
INFO: [ view_parse ] --END-- [ RunTime:0.002852s ]
INFO: [ view_filter ] --START--
INFO: Run Behavior\WriteHtmlCacheBehavior [ RunTime:0.000019s ]
INFO: [ view_filter ] --END-- [ RunTime:0.000028s ]
INFO: [ app_end ] --START--
INFO: Run Behavior\ShowPageTraceBehavior [ RunTime:0.000027s ]
INFO: [ app_end ] --END-- [ RunTime:0.000039s ]

[ 2017-12-18T14:41:57+08:00 ] 220.115.189.54 /Admin/Index/home.html
INFO: [ app_init ] --START--
INFO: Run Behavior\BuildLiteBehavior [ RunTime:0.000006s ]
INFO: [ app_init ] --END-- [ RunTime:0.000042s ]
INFO: [ app_begin ] --START--
INFO: Run Behavior\ReadHtmlCacheBehavior [ RunTime:0.000015s ]
INFO: [ app_begin ] --END-- [ RunTime:0.000028s ]
SQL: SHOW COLUMNS FROM `shop_admin_user` [ RunTime:0.0007s ]
SQL: SELECT `logtime` FROM `shop_admin_user` WHERE ( username='root' ) LIMIT 1   [ RunTime:0.0000s ]
INFO: [ view_parse ] --START--
INFO: [ template_filter ] --START--
INFO: Run Behavior\ContentReplaceBehavior [ RunTime:0.000041s ]
INFO: [ template_filter ] --END-- [ RunTime:0.000056s ]
INFO: Run Behavior\ParseTemplateBehavior [ RunTime:0.001460s ]
INFO: [ view_parse ] --END-- [ RunTime:0.001477s ]
INFO: [ view_filter ] --START--
INFO: Run Behavior\WriteHtmlCacheBehavior [ RunTime:0.000020s ]
INFO: [ view_filter ] --END-- [ RunTime:0.000029s ]
INFO: [ app_end ] --START--
INFO: Run Behavior\ShowPageTraceBehavior [ RunTime:0.000025s ]
INFO: [ app_end ] --END-- [ RunTime:0.000036s ]

[ 2017-12-18T14:41:59+08:00 ] 220.115.189.54 /Admin/Shop/index.html
INFO: [ app_init ] --START--
INFO: Run Behavior\BuildLiteBehavior [ RunTime:0.000007s ]
INFO: [ app_init ] --END-- [ RunTime:0.000039s ]
INFO: [ app_begin ] --START--
INFO: Run Behavior\ReadHtmlCacheBehavior [ RunTime:0.000015s ]
INFO: [ app_begin ] --END-- [ RunTime:0.000027s ]
SQL: SHOW COLUMNS FROM `shop_admin_user` [ RunTime:0.0017s ]
SQL: SELECT `logtime` FROM `shop_admin_user` WHERE ( username='root' ) LIMIT 1   [ RunTime:0.0001s ]
NOTIC: [2] Declaration of Admin\Model\GoodsModel::data() should be compatible with Think\Model::data($data = '') /data/wwwroot/default/abc/Shop/Admin/Model/GoodsModel.class.php 第 0 行.
SQL: SHOW COLUMNS FROM `shop_goods` [ RunTime:0.0004s ]
SQL: SELECT COUNT(*) AS tp_count FROM `shop_goods` LIMIT 1   [ RunTime:0.0000s ]
SQL: SELECT `id`,`image0`,`name`,`content`,`atime`,`num`,`money`,`state` FROM `shop_goods` WHERE `del` <> 2 ORDER BY state asc LIMIT 0,10   [ RunTime:0.0001s ]
INFO: [ view_parse ] --START--
INFO: [ template_filter ] --START--
INFO: Run Behavior\ContentReplaceBehavior [ RunTime:0.000053s ]
INFO: [ template_filter ] --END-- [ RunTime:0.000067s ]
NOTIC: [8] Undefined variable: arr /data/wwwroot/default/abc/Shop/Runtime/Cache/Admin/7ddea6070ae8dd98a5bf271817f2853f.php 第 67 行.
NOTIC: [8] Undefined variable: show /data/wwwroot/default/abc/Shop/Runtime/Cache/Admin/7ddea6070ae8dd98a5bf271817f2853f.php 第 94 行.
INFO: Run Behavior\ParseTemplateBehavior [ RunTime:0.002909s ]
INFO: [ view_parse ] --END-- [ RunTime:0.002924s ]
INFO: [ view_filter ] --START--
INFO: Run Behavior\WriteHtmlCacheBehavior [ RunTime:0.000019s ]
INFO: [ view_filter ] --END-- [ RunTime:0.000027s ]
INFO: [ app_end ] --START--
INFO: Run Behavior\ShowPageTraceBehavior [ RunTime:0.000018s ]
INFO: [ app_end ] --END-- [ RunTime:0.000036s ]

[ 2017-12-18T14:42:00+08:00 ] 220.115.189.54 /Admin/Brand/index.html
INFO: [ app_init ] --START--
INFO: Run Behavior\BuildLiteBehavior [ RunTime:0.000007s ]
INFO: [ app_init ] --END-- [ RunTime:0.000039s ]
INFO: [ app_begin ] --START--
INFO: Run Behavior\ReadHtmlCacheBehavior [ RunTime:0.000014s ]
INFO: [ app_begin ] --END-- [ RunTime:0.000026s ]
NOTIC: [2] Declaration of Admin\Model\PinpaiModel::data() should be compatible with Think\Model::data($data = '') /data/wwwroot/default/abc/Shop/Admin/Model/PinpaiModel.class.php 第 4 行.
SQL: SHOW COLUMNS FROM `shop_pinpai` [ RunTime:0.0004s ]
SQL: SELECT `id`,`name`,`content`,`logo`,`region`,`order`,`atime`,`xtime`,`state` FROM `shop_pinpai`  [ RunTime:0.0001s ]
NOTIC: [8] Undefined offset: 0 /data/wwwroot/default/abc/Shop/Admin/Model/PinpaiModel.class.php 第 77 行.
NOTIC: [8] Undefined offset: 0 /data/wwwroot/default/abc/Shop/Admin/Model/PinpaiModel.class.php 第 77 行.
NOTIC: [8] Undefined offset: 0 /data/wwwroot/default/abc/Shop/Admin/Model/PinpaiModel.class.php 第 77 行.
NOTIC: [8] Undefined offset: 0 /data/wwwroot/default/abc/Shop/Admin/Model/PinpaiModel.class.php 第 77 行.
INFO: [ view_parse ] --START--
INFO: [ template_filter ] --START--
INFO: Run Behavior\ContentReplaceBehavior [ RunTime:0.000043s ]
INFO: [ template_filter ] --END-- [ RunTime:0.000057s ]
NOTIC: [8] Undefined index: diqu /data/wwwroot/default/abc/Shop/Runtime/Cache/Admin/2afc9e1867c675920d1ddf8a67c29646.php 第 84 行.
NOTIC: [8] Undefined index: diqu /data/wwwroot/default/abc/Shop/Runtime/Cache/Admin/2afc9e1867c675920d1ddf8a67c29646.php 第 84 行.
NOTIC: [8] Undefined index: diqu /data/wwwroot/default/abc/Shop/Runtime/Cache/Admin/2afc9e1867c675920d1ddf8a67c29646.php 第 84 行.
NOTIC: [8] Undefined index: diqu /data/wwwroot/default/abc/Shop/Runtime/Cache/Admin/2afc9e1867c675920d1ddf8a67c29646.php 第 84 行.
INFO: Run Behavior\ParseTemplateBehavior [ RunTime:0.001962s ]
INFO: [ view_parse ] --END-- [ RunTime:0.001976s ]
INFO: [ view_filter ] --START--
INFO: Run Behavior\WriteHtmlCacheBehavior [ RunTime:0.000018s ]
INFO: [ view_filter ] --END-- [ RunTime:0.000025s ]
INFO: [ app_end ] --START--
INFO: Run Behavior\ShowPageTraceBehavior [ RunTime:0.000016s ]
INFO: [ app_end ] --END-- [ RunTime:0.000028s ]

[ 2017-12-18T14:42:01+08:00 ] 220.115.189.54 /Admin/type/shopnews.html
INFO: [ app_init ] --START--
INFO: Run Behavior\BuildLiteBehavior [ RunTime:0.000006s ]
INFO: [ app_init ] --END-- [ RunTime:0.000039s ]
INFO: [ app_begin ] --START--
INFO: Run Behavior\ReadHtmlCacheBehavior [ RunTime:0.000013s ]
INFO: [ app_begin ] --END-- [ RunTime:0.000025s ]
NOTIC: [2] Declaration of Admin\Model\TypeModel::data() should be compatible with Think\Model::data($data = '') /data/wwwroot/default/abc/Shop/Admin/Model/TypeModel.class.php 第 5 行.
SQL: SHOW COLUMNS FROM `shop_type` [ RunTime:0.0004s ]
SQL: SELECT COUNT(*) AS tp_count FROM `shop_type` LIMIT 1   [ RunTime:0.0000s ]
SQL: SELECT `id`,`pid`,`path`,`name`,`atime`,`xtime` FROM `shop_type` ORDER BY concat(path, id) LIMIT 0,15   [ RunTime:0.0001s ]
INFO: [ view_parse ] --START--
INFO: [ template_filter ] --START--
INFO: Run Behavior\ContentReplaceBehavior [ RunTime:0.000032s ]
INFO: [ template_filter ] --END-- [ RunTime:0.000046s ]
INFO: Run Behavior\ParseTemplateBehavior [ RunTime:0.001430s ]
INFO: [ view_parse ] --END-- [ RunTime:0.001447s ]
INFO: [ view_filter ] --START--
INFO: Run Behavior\WriteHtmlCacheBehavior [ RunTime:0.000018s ]
INFO: [ view_filter ] --END-- [ RunTime:0.000027s ]
INFO: [ app_end ] --START--
INFO: Run Behavior\ShowPageTraceBehavior [ RunTime:0.000015s ]
INFO: [ app_end ] --END-- [ RunTime:0.000026s ]

[ 2017-12-18T14:42:45+08:00 ] 220.115.189.54 /Admin/Adminuser/personal_details.html
INFO: [ app_init ] --START--
INFO: Run Behavior\BuildLiteBehavior [ RunTime:0.000022s ]
INFO: [ app_init ] --END-- [ RunTime:0.000056s ]
INFO: [ app_begin ] --START--
INFO: Run Behavior\ReadHtmlCacheBehavior [ RunTime:0.000014s ]
INFO: [ app_begin ] --END-- [ RunTime:0.000026s ]
SQL: SHOW COLUMNS FROM `shop_admin_user` [ RunTime:0.0005s ]
SQL: SELECT `logtime` FROM `shop_admin_user` WHERE ( username='root' ) LIMIT 1   [ RunTime:0.0000s ]
SQL: SHOW COLUMNS FROM `shop_admin_user` [ RunTime:0.0003s ]
SQL: SELECT `id`,`username`,`password`,`sex`,`age`,`atime`,`phone`,`qq`,`mail`,`status`,`iplock`,`logtime`,`role` FROM `shop_admin_user` WHERE ( username='root' ) LIMIT 1   [ RunTime:0.0001s ]
SQL: SHOW COLUMNS FROM `shop_admin_ip` [ RunTime:0.0003s ]
SQL: SELECT `id`,`adminname`,`uid`,`ip`,`time` FROM `shop_admin_ip` WHERE ( uid='1' )  [ RunTime:0.0001s ]
SQL: SHOW COLUMNS FROM `shop_admin_role` [ RunTime:0.0002s ]
SQL: SELECT `rolename` FROM `shop_admin_role` WHERE ( id='' ) LIMIT 1   [ RunTime:0.0000s ]
INFO: [ view_parse ] --START--
INFO: [ template_filter ] --START--
INFO: Run Behavior\ContentReplaceBehavior [ RunTime:0.000050s ]
INFO: [ template_filter ] --END-- [ RunTime:0.000066s ]
INFO: Run Behavior\ParseTemplateBehavior [ RunTime:0.002219s ]
INFO: [ view_parse ] --END-- [ RunTime:0.002236s ]
INFO: [ view_filter ] --START--
INFO: Run Behavior\WriteHtmlCacheBehavior [ RunTime:0.000020s ]
INFO: [ view_filter ] --END-- [ RunTime:0.000028s ]
INFO: [ app_end ] --START--
INFO: Run Behavior\ShowPageTraceBehavior [ RunTime:0.000021s ]
INFO: [ app_end ] --END-- [ RunTime:0.000032s ]

[ 2017-12-18T14:42:48+08:00 ] 220.115.189.54 /Admin/Adminuser/admin_list.html
INFO: [ app_init ] --START--
INFO: Run Behavior\BuildLiteBehavior [ RunTime:0.000006s ]
INFO: [ app_init ] --END-- [ RunTime:0.000040s ]
INFO: [ app_begin ] --START--
INFO: Run Behavior\ReadHtmlCacheBehavior [ RunTime:0.000014s ]
INFO: [ app_begin ] --END-- [ RunTime:0.000034s ]
SQL: SHOW COLUMNS FROM `shop_admin_user` [ RunTime:0.0005s ]
SQL: SELECT `logtime` FROM `shop_admin_user` WHERE ( username='root' ) LIMIT 1   [ RunTime:0.0000s ]
SQL: SHOW COLUMNS FROM `shop_admin_user` [ RunTime:0.0003s ]
SQL: SELECT `id`,`username`,`password`,`sex`,`age`,`atime`,`phone`,`qq`,`mail`,`status`,`iplock`,`logtime`,`role` FROM `shop_admin_user` ORDER BY id desc  [ RunTime:0.0001s ]
SQL: SHOW COLUMNS FROM `shop_admin_role` [ RunTime:0.0003s ]
SQL: SELECT `rolename` FROM `shop_admin_role`  [ RunTime:0.0000s ]
NOTIC: [8] Undefined index:  /data/wwwroot/default/abc/Shop/Admin/Model/AdminUserModel.class.php 第 56 行.
NOTIC: [8] Undefined index:  /data/wwwroot/default/abc/Shop/Admin/Model/AdminUserModel.class.php 第 56 行.
NOTIC: [8] Undefined index:  /data/wwwroot/default/abc/Shop/Admin/Model/AdminUserModel.class.php 第 56 行.
NOTIC: [8] Undefined index:  /data/wwwroot/default/abc/Shop/Admin/Model/AdminUserModel.class.php 第 56 行.
NOTIC: [8] Undefined index:  /data/wwwroot/default/abc/Shop/Admin/Model/AdminUserModel.class.php 第 56 行.
SQL: SELECT * FROM `shop_admin_role`  [ RunTime:0.0000s ]
INFO: [ view_parse ] --START--
INFO: [ template_filter ] --START--
INFO: Run Behavior\ContentReplaceBehavior [ RunTime:0.000064s ]
INFO: [ template_filter ] --END-- [ RunTime:0.000080s ]
INFO: Run Behavior\ParseTemplateBehavior [ RunTime:0.002967s ]
INFO: [ view_parse ] --END-- [ RunTime:0.002983s ]
INFO: [ view_filter ] --START--
INFO: Run Behavior\WriteHtmlCacheBehavior [ RunTime:0.000020s ]
INFO: [ view_filter ] --END-- [ RunTime:0.000029s ]
INFO: [ app_end ] --START--
INFO: Run Behavior\ShowPageTraceBehavior [ RunTime:0.000019s ]
INFO: [ app_end ] --END-- [ RunTime:0.000032s ]

[ 2017-12-18T14:42:49+08:00 ] 220.115.189.54 /Admin/adminuser/authority_list.html
INFO: [ app_init ] --START--
INFO: Run Behavior\BuildLiteBehavior [ RunTime:0.000006s ]
INFO: [ app_init ] --END-- [ RunTime:0.000050s ]
INFO: [ app_begin ] --START--
INFO: Run Behavior\ReadHtmlCacheBehavior [ RunTime:0.000035s ]
INFO: [ app_begin ] --END-- [ RunTime:0.000046s ]
SQL: SHOW COLUMNS FROM `shop_admin_user` [ RunTime:0.0005s ]
SQL: SELECT `logtime` FROM `shop_admin_user` WHERE ( username='root' ) LIMIT 1   [ RunTime:0.0000s ]
SQL: SHOW COLUMNS FROM `shop_admin_role` [ RunTime:0.0003s ]
SQL: SELECT * FROM `shop_admin_role`  [ RunTime:0.0000s ]
SQL: SELECT `id`,`username` FROM `shop_admin_user`  [ RunTime:0.0000s ]
SQL: SHOW COLUMNS FROM `shop_admin_user_role` [ RunTime:0.0003s ]
SQL: SELECT `aid`,`rid` FROM `shop_admin_user_role`  [ RunTime:0.0000s ]
INFO: [ view_parse ] --START--
INFO: [ template_filter ] --START--
INFO: Run Behavior\ContentReplaceBehavior [ RunTime:0.000041s ]
INFO: [ template_filter ] --END-- [ RunTime:0.000058s ]
INFO: Run Behavior\ParseTemplateBehavior [ RunTime:0.002218s ]
INFO: [ view_parse ] --END-- [ RunTime:0.002236s ]
INFO: [ view_filter ] --START--
INFO: Run Behavior\WriteHtmlCacheBehavior [ RunTime:0.000019s ]
INFO: [ view_filter ] --END-- [ RunTime:0.000028s ]
INFO: [ app_end ] --START--
INFO: Run Behavior\ShowPageTraceBehavior [ RunTime:0.000014s ]
INFO: [ app_end ] --END-- [ RunTime:0.000022s ]

[ 2017-12-18T14:42:51+08:00 ] 220.115.189.54 /Admin/Node/node_list.html
INFO: [ app_init ] --START--
INFO: Run Behavior\BuildLiteBehavior [ RunTime:0.000006s ]
INFO: [ app_init ] --END-- [ RunTime:0.000039s ]
INFO: [ app_begin ] --START--
INFO: Run Behavior\ReadHtmlCacheBehavior [ RunTime:0.000016s ]
INFO: [ app_begin ] --END-- [ RunTime:0.000028s ]
SQL: SHOW COLUMNS FROM `shop_admin_user` [ RunTime:0.0005s ]
SQL: SELECT `logtime` FROM `shop_admin_user` WHERE ( username='root' ) LIMIT 1   [ RunTime:0.0000s ]
SQL: SHOW COLUMNS FROM `shop_admin_node` [ RunTime:0.0003s ]
SQL: SELECT * FROM `shop_admin_node`  [ RunTime:0.0001s ]
INFO: [ view_parse ] --START--
INFO: [ template_filter ] --START--
INFO: Run Behavior\ContentReplaceBehavior [ RunTime:0.000041s ]
INFO: [ template_filter ] --END-- [ RunTime:0.000056s ]
INFO: Run Behavior\ParseTemplateBehavior [ RunTime:0.002876s ]
INFO: [ view_parse ] --END-- [ RunTime:0.002893s ]
INFO: [ view_filter ] --START--
INFO: Run Behavior\WriteHtmlCacheBehavior [ RunTime:0.000019s ]
INFO: [ view_filter ] --END-- [ RunTime:0.000028s ]
INFO: [ app_end ] --START--
INFO: Run Behavior\ShowPageTraceBehavior [ RunTime:0.000018s ]
INFO: [ app_end ] --END-- [ RunTime:0.000030s ]

[ 2017-12-18T14:42:58+08:00 ] 220.115.189.54 /Admin/adminuser/authority_list.html
INFO: [ app_init ] --START--
INFO: Run Behavior\BuildLiteBehavior [ RunTime:0.000006s ]
INFO: [ app_init ] --END-- [ RunTime:0.000044s ]
INFO: [ app_begin ] --START--
INFO: Run Behavior\ReadHtmlCacheBehavior [ RunTime:0.000017s ]
INFO: [ app_begin ] --END-- [ RunTime:0.000030s ]
SQL: SHOW COLUMNS FROM `shop_admin_user` [ RunTime:0.0005s ]
SQL: SELECT `logtime` FROM `shop_admin_user` WHERE ( username='root' ) LIMIT 1   [ RunTime:0.0001s ]
SQL: SHOW COLUMNS FROM `shop_admin_role` [ RunTime:0.0003s ]
SQL: SELECT * FROM `shop_admin_role`  [ RunTime:0.0000s ]
SQL: SELECT `id`,`username` FROM `shop_admin_user`  [ RunTime:0.0000s ]
SQL: SHOW COLUMNS FROM `shop_admin_user_role` [ RunTime:0.0003s ]
SQL: SELECT `aid`,`rid` FROM `shop_admin_user_role`  [ RunTime:0.0000s ]
INFO: [ view_parse ] --START--
INFO: [ template_filter ] --START--
INFO: Run Behavior\ContentReplaceBehavior [ RunTime:0.000042s ]
INFO: [ template_filter ] --END-- [ RunTime:0.000059s ]
INFO: Run Behavior\ParseTemplateBehavior [ RunTime:0.002240s ]
INFO: [ view_parse ] --END-- [ RunTime:0.002258s ]
INFO: [ view_filter ] --START--
INFO: Run Behavior\WriteHtmlCacheBehavior [ RunTime:0.000021s ]
INFO: [ view_filter ] --END-- [ RunTime:0.000031s ]
INFO: [ app_end ] --START--
INFO: Run Behavior\ShowPageTraceBehavior [ RunTime:0.000016s ]
INFO: [ app_end ] --END-- [ RunTime:0.000025s ]

[ 2017-12-18T14:42:58+08:00 ] 220.115.189.54 /Admin/Adminuser/admin_list.html
INFO: [ app_init ] --START--
INFO: Run Behavior\BuildLiteBehavior [ RunTime:0.000005s ]
INFO: [ app_init ] --END-- [ RunTime:0.000038s ]
INFO: [ app_begin ] --START--
INFO: Run Behavior\ReadHtmlCacheBehavior [ RunTime:0.000014s ]
INFO: [ app_begin ] --END-- [ RunTime:0.000024s ]
SQL: SHOW COLUMNS FROM `shop_admin_user` [ RunTime:0.0004s ]
SQL: SELECT `logtime` FROM `shop_admin_user` WHERE ( username='root' ) LIMIT 1   [ RunTime:0.0000s ]
SQL: SHOW COLUMNS FROM `shop_admin_user` [ RunTime:0.0003s ]
SQL: SELECT `id`,`username`,`password`,`sex`,`age`,`atime`,`phone`,`qq`,`mail`,`status`,`iplock`,`logtime`,`role` FROM `shop_admin_user` ORDER BY id desc  [ RunTime:0.0001s ]
SQL: SHOW COLUMNS FROM `shop_admin_role` [ RunTime:0.0002s ]
SQL: SELECT `rolename` FROM `shop_admin_role`  [ RunTime:0.0000s ]
NOTIC: [8] Undefined index:  /data/wwwroot/default/abc/Shop/Admin/Model/AdminUserModel.class.php 第 56 行.
NOTIC: [8] Undefined index:  /data/wwwroot/default/abc/Shop/Admin/Model/AdminUserModel.class.php 第 56 行.
NOTIC: [8] Undefined index:  /data/wwwroot/default/abc/Shop/Admin/Model/AdminUserModel.class.php 第 56 行.
NOTIC: [8] Undefined index:  /data/wwwroot/default/abc/Shop/Admin/Model/AdminUserModel.class.php 第 56 行.
NOTIC: [8] Undefined index:  /data/wwwroot/default/abc/Shop/Admin/Model/AdminUserModel.class.php 第 56 行.
SQL: SELECT * FROM `shop_admin_role`  [ RunTime:0.0000s ]
INFO: [ view_parse ] --START--
INFO: [ template_filter ] --START--
INFO: Run Behavior\ContentReplaceBehavior [ RunTime:0.000065s ]
INFO: [ template_filter ] --END-- [ RunTime:0.000079s ]
INFO: Run Behavior\ParseTemplateBehavior [ RunTime:0.002599s ]
INFO: [ view_parse ] --END-- [ RunTime:0.002615s ]
INFO: [ view_filter ] --START--
INFO: Run Behavior\WriteHtmlCacheBehavior [ RunTime:0.000018s ]
INFO: [ view_filter ] --END-- [ RunTime:0.000025s ]
INFO: [ app_end ] --START--
INFO: Run Behavior\ShowPageTraceBehavior [ RunTime:0.000016s ]
INFO: [ app_end ] --END-- [ RunTime:0.000026s ]

[ 2017-12-18T14:43:00+08:00 ] 220.115.189.54 /Admin/Adminuser/personal_details.html
INFO: [ app_init ] --START--
INFO: Run Behavior\BuildLiteBehavior [ RunTime:0.000007s ]
INFO: [ app_init ] --END-- [ RunTime:0.000041s ]
INFO: [ app_begin ] --START--
INFO: Run Behavior\ReadHtmlCacheBehavior [ RunTime:0.000015s ]
INFO: [ app_begin ] --END-- [ RunTime:0.000027s ]
SQL: SHOW COLUMNS FROM `shop_admin_user` [ RunTime:0.0005s ]
SQL: SELECT `logtime` FROM `shop_admin_user` WHERE ( username='root' ) LIMIT 1   [ RunTime:0.0000s ]
SQL: SHOW COLUMNS FROM `shop_admin_user` [ RunTime:0.0003s ]
SQL: SELECT `id`,`username`,`password`,`sex`,`age`,`atime`,`phone`,`qq`,`mail`,`status`,`iplock`,`logtime`,`role` FROM `shop_admin_user` WHERE ( username='root' ) LIMIT 1   [ RunTime:0.0001s ]
SQL: SHOW COLUMNS FROM `shop_admin_ip` [ RunTime:0.0002s ]
SQL: SELECT `id`,`adminname`,`uid`,`ip`,`time` FROM `shop_admin_ip` WHERE ( uid='1' )  [ RunTime:0.0001s ]
SQL: SHOW COLUMNS FROM `shop_admin_role` [ RunTime:0.0002s ]
SQL: SELECT `rolename` FROM `shop_admin_role` WHERE ( id='' ) LIMIT 1   [ RunTime:0.0000s ]
INFO: [ view_parse ] --START--
INFO: [ template_filter ] --START--
INFO: Run Behavior\ContentReplaceBehavior [ RunTime:0.000043s ]
INFO: [ template_filter ] --END-- [ RunTime:0.000058s ]
INFO: Run Behavior\ParseTemplateBehavior [ RunTime:0.001873s ]
INFO: [ view_parse ] --END-- [ RunTime:0.001889s ]
INFO: [ view_filter ] --START--
INFO: Run Behavior\WriteHtmlCacheBehavior [ RunTime:0.000018s ]
INFO: [ view_filter ] --END-- [ RunTime:0.000032s ]
INFO: [ app_end ] --START--
INFO: Run Behavior\ShowPageTraceBehavior [ RunTime:0.000016s ]
INFO: [ app_end ] --END-- [ RunTime:0.000026s ]

[ 2017-12-18T14:43:01+08:00 ] 220.115.189.54 /Admin/Adminuser/admin_list.html
INFO: [ app_init ] --START--
INFO: Run Behavior\BuildLiteBehavior [ RunTime:0.000007s ]
INFO: [ app_init ] --END-- [ RunTime:0.000051s ]
INFO: [ app_begin ] --START--
INFO: Run Behavior\ReadHtmlCacheBehavior [ RunTime:0.000017s ]
INFO: [ app_begin ] --END-- [ RunTime:0.000028s ]
SQL: SHOW COLUMNS FROM `shop_admin_user` [ RunTime:0.0005s ]
SQL: SELECT `logtime` FROM `shop_admin_user` WHERE ( username='root' ) LIMIT 1   [ RunTime:0.0000s ]
SQL: SHOW COLUMNS FROM `shop_admin_user` [ RunTime:0.0003s ]
SQL: SELECT `id`,`username`,`password`,`sex`,`age`,`atime`,`phone`,`qq`,`mail`,`status`,`iplock`,`logtime`,`role` FROM `shop_admin_user` ORDER BY id desc  [ RunTime:0.0001s ]
SQL: SHOW COLUMNS FROM `shop_admin_role` [ RunTime:0.0003s ]
SQL: SELECT `rolename` FROM `shop_admin_role`  [ RunTime:0.0000s ]
NOTIC: [8] Undefined index:  /data/wwwroot/default/abc/Shop/Admin/Model/AdminUserModel.class.php 第 56 行.
NOTIC: [8] Undefined index:  /data/wwwroot/default/abc/Shop/Admin/Model/AdminUserModel.class.php 第 56 行.
NOTIC: [8] Undefined index:  /data/wwwroot/default/abc/Shop/Admin/Model/AdminUserModel.class.php 第 56 行.
NOTIC: [8] Undefined index:  /data/wwwroot/default/abc/Shop/Admin/Model/AdminUserModel.class.php 第 56 行.
NOTIC: [8] Undefined index:  /data/wwwroot/default/abc/Shop/Admin/Model/AdminUserModel.class.php 第 56 行.
SQL: SELECT * FROM `shop_admin_role`  [ RunTime:0.0000s ]
INFO: [ view_parse ] --START--
INFO: [ template_filter ] --START--
INFO: Run Behavior\ContentReplaceBehavior [ RunTime:0.000080s ]
INFO: [ template_filter ] --END-- [ RunTime:0.000103s ]
INFO: Run Behavior\ParseTemplateBehavior [ RunTime:0.002964s ]
INFO: [ view_parse ] --END-- [ RunTime:0.002980s ]
INFO: [ view_filter ] --START--
INFO: Run Behavior\WriteHtmlCacheBehavior [ RunTime:0.000019s ]
INFO: [ view_filter ] --END-- [ RunTime:0.000028s ]
INFO: [ app_end ] --START--
INFO: Run Behavior\ShowPageTraceBehavior [ RunTime:0.000018s ]
INFO: [ app_end ] --END-- [ RunTime:0.000030s ]

[ 2017-12-18T14:43:02+08:00 ] 220.115.189.54 /Admin/adminuser/authority_list.html
INFO: [ app_init ] --START--
INFO: Run Behavior\BuildLiteBehavior [ RunTime:0.000006s ]
INFO: [ app_init ] --END-- [ RunTime:0.000039s ]
INFO: [ app_begin ] --START--
INFO: Run Behavior\ReadHtmlCacheBehavior [ RunTime:0.000014s ]
INFO: [ app_begin ] --END-- [ RunTime:0.000025s ]
SQL: SHOW COLUMNS FROM `shop_admin_user` [ RunTime:0.0005s ]
SQL: SELECT `logtime` FROM `shop_admin_user` WHERE ( username='root' ) LIMIT 1   [ RunTime:0.0000s ]
SQL: SHOW COLUMNS FROM `shop_admin_role` [ RunTime:0.0002s ]
SQL: SELECT * FROM `shop_admin_role`  [ RunTime:0.0000s ]
SQL: SELECT `id`,`username` FROM `shop_admin_user`  [ RunTime:0.0000s ]
SQL: SHOW COLUMNS FROM `shop_admin_user_role` [ RunTime:0.0002s ]
SQL: SELECT `aid`,`rid` FROM `shop_admin_user_role`  [ RunTime:0.0000s ]
INFO: [ view_parse ] --START--
INFO: [ template_filter ] --START--
INFO: Run Behavior\ContentReplaceBehavior [ RunTime:0.000044s ]
INFO: [ template_filter ] --END-- [ RunTime:0.000059s ]
INFO: Run Behavior\ParseTemplateBehavior [ RunTime:0.001973s ]
INFO: [ view_parse ] --END-- [ RunTime:0.001988s ]
INFO: [ view_filter ] --START--
INFO: Run Behavior\WriteHtmlCacheBehavior [ RunTime:0.000019s ]
INFO: [ view_filter ] --END-- [ RunTime:0.000026s ]
INFO: [ app_end ] --START--
INFO: Run Behavior\ShowPageTraceBehavior [ RunTime:0.000013s ]
INFO: [ app_end ] --END-- [ RunTime:0.000020s ]

[ 2017-12-18T14:43:09+08:00 ] 220.115.189.54 /Admin/Node/compile_node.html?id=29
INFO: [ app_init ] --START--
INFO: Run Behavior\BuildLiteBehavior [ RunTime:0.000006s ]
INFO: [ app_init ] --END-- [ RunTime:0.000039s ]
INFO: [ app_begin ] --START--
INFO: Run Behavior\ReadHtmlCacheBehavior [ RunTime:0.000015s ]
INFO: [ app_begin ] --END-- [ RunTime:0.000025s ]
SQL: SHOW COLUMNS FROM `shop_admin_user` [ RunTime:0.0005s ]
SQL: SELECT `logtime` FROM `shop_admin_user` WHERE ( username='root' ) LIMIT 1   [ RunTime:0.0000s ]
SQL: SHOW COLUMNS FROM `shop_admin_role_node` [ RunTime:0.0002s ]
SQL: SELECT `nid` FROM `shop_admin_role_node` WHERE ( rid='29' )  [ RunTime:0.0002s ]
SQL: SHOW COLUMNS FROM `shop_admin_role` [ RunTime:0.0002s ]
SQL: SELECT `id`,`rolename` FROM `shop_admin_role` WHERE ( id='29' ) LIMIT 1   [ RunTime:0.0001s ]
SQL: SHOW COLUMNS FROM `shop_admin_node` [ RunTime:0.0002s ]
SQL: SELECT * FROM `shop_admin_node`  [ RunTime:0.0001s ]
INFO: [ view_parse ] --START--
INFO: [ template_filter ] --START--
INFO: Run Behavior\ContentReplaceBehavior [ RunTime:0.000035s ]
INFO: [ template_filter ] --END-- [ RunTime:0.000049s ]
INFO: Run Behavior\ParseTemplateBehavior [ RunTime:0.002065s ]
INFO: [ view_parse ] --END-- [ RunTime:0.002081s ]
INFO: [ view_filter ] --START--
INFO: Run Behavior\WriteHtmlCacheBehavior [ RunTime:0.000019s ]
INFO: [ view_filter ] --END-- [ RunTime:0.000027s ]
INFO: [ app_end ] --START--
INFO: Run Behavior\ShowPageTraceBehavior [ RunTime:0.000016s ]
INFO: [ app_end ] --END-- [ RunTime:0.000027s ]

[ 2017-12-18T14:43:20+08:00 ] 220.115.189.54 /Admin/Adminuser/authority_distribution.html
INFO: [ app_init ] --START--
INFO: Run Behavior\BuildLiteBehavior [ RunTime:0.000008s ]
INFO: [ app_init ] --END-- [ RunTime:0.000058s ]
INFO: [ app_begin ] --START--
INFO: Run Behavior\ReadHtmlCacheBehavior [ RunTime:0.000020s ]
INFO: [ app_begin ] --END-- [ RunTime:0.000033s ]
SQL: SHOW COLUMNS FROM `shop_admin_user` [ RunTime:0.0005s ]
SQL: SELECT `logtime` FROM `shop_admin_user` WHERE ( username='root' ) LIMIT 1   [ RunTime:0.0000s ]
SQL: SHOW COLUMNS FROM `shop_admin_role_node` [ RunTime:0.0002s ]
SQL: DELETE FROM `shop_admin_role_node` WHERE ( rid='29' ) [ RunTime:0.0107s ]
SQL: INSERT INTO `shop_admin_role_node` (`rid`,`nid`) VALUES ('29','103') [ RunTime:0.0001s ]
SQL: INSERT INTO `shop_admin_role_node` (`rid`,`nid`) VALUES ('29','104') [ RunTime:0.0001s ]
SQL: INSERT INTO `shop_admin_role_node` (`rid`,`nid`) VALUES ('29','105') [ RunTime:0.0001s ]
SQL: INSERT INTO `shop_admin_role_node` (`rid`,`nid`) VALUES ('29','106') [ RunTime:0.0009s ]
SQL: INSERT INTO `shop_admin_role_node` (`rid`,`nid`) VALUES ('29','165') [ RunTime:0.0001s ]
SQL: INSERT INTO `shop_admin_role_node` (`rid`,`nid`) VALUES ('29','166') [ RunTime:0.0001s ]
SQL: INSERT INTO `shop_admin_role_node` (`rid`,`nid`) VALUES ('29','167') [ RunTime:0.0001s ]
SQL: INSERT INTO `shop_admin_role_node` (`rid`,`nid`) VALUES ('29','168') [ RunTime:0.0001s ]
SQL: INSERT INTO `shop_admin_role_node` (`rid`,`nid`) VALUES ('29','170') [ RunTime:0.0001s ]
SQL: INSERT INTO `shop_admin_role_node` (`rid`,`nid`) VALUES ('29','171') [ RunTime:0.0001s ]
SQL: INSERT INTO `shop_admin_role_node` (`rid`,`nid`) VALUES ('29','172') [ RunTime:0.0001s ]
SQL: INSERT INTO `shop_admin_role_node` (`rid`,`nid`) VALUES ('29','173') [ RunTime:0.0001s ]
SQL: INSERT INTO `shop_admin_role_node` (`rid`,`nid`) VALUES ('29','174') [ RunTime:0.0001s ]
SQL: INSERT INTO `shop_admin_role_node` (`rid`,`nid`) VALUES ('29','175') [ RunTime:0.0001s ]
SQL: INSERT INTO `shop_admin_role_node` (`rid`,`nid`) VALUES ('29','176') [ RunTime:0.0001s ]
SQL: INSERT INTO `shop_admin_role_node` (`rid`,`nid`) VALUES ('29','107') [ RunTime:0.0006s ]
SQL: INSERT INTO `shop_admin_role_node` (`rid`,`nid`) VALUES ('29','108') [ RunTime:0.0001s ]
SQL: INSERT INTO `shop_admin_role_node` (`rid`,`nid`) VALUES ('29','109') [ RunTime:0.0001s ]
SQL: INSERT INTO `shop_admin_role_node` (`rid`,`nid`) VALUES ('29','110') [ RunTime:0.0001s ]
SQL: INSERT INTO `shop_admin_role_node` (`rid`,`nid`) VALUES ('29','111') [ RunTime:0.0001s ]
SQL: INSERT INTO `shop_admin_role_node` (`rid`,`nid`) VALUES ('29','112') [ RunTime:0.0001s ]
SQL: INSERT INTO `shop_admin_role_node` (`rid`,`nid`) VALUES ('29','113') [ RunTime:0.0001s ]
SQL: INSERT INTO `shop_admin_role_node` (`rid`,`nid`) VALUES ('29','114') [ RunTime:0.0001s ]
SQL: INSERT INTO `shop_admin_role_node` (`rid`,`nid`) VALUES ('29','115') [ RunTime:0.0001s ]
SQL: INSERT INTO `shop_admin_role_node` (`rid`,`nid`) VALUES ('29','154') [ RunTime:0.0001s ]
SQL: INSERT INTO `shop_admin_role_node` (`rid`,`nid`) VALUES ('29','155') [ RunTime:0.0001s ]
SQL: INSERT INTO `shop_admin_role_node` (`rid`,`nid`) VALUES ('29','156') [ RunTime:0.0001s ]
SQL: INSERT INTO `shop_admin_role_node` (`rid`,`nid`) VALUES ('29','158') [ RunTime:0.0001s ]
SQL: INSERT INTO `shop_admin_role_node` (`rid`,`nid`) VALUES ('29','159') [ RunTime:0.0001s ]
SQL: INSERT INTO `shop_admin_role_node` (`rid`,`nid`) VALUES ('29','160') [ RunTime:0.0005s ]
SQL: INSERT INTO `shop_admin_role_node` (`rid`,`nid`) VALUES ('29','161') [ RunTime:0.0001s ]
SQL: INSERT INTO `shop_admin_role_node` (`rid`,`nid`) VALUES ('29','116') [ RunTime:0.0001s ]
SQL: INSERT INTO `shop_admin_role_node` (`rid`,`nid`) VALUES ('29','117') [ RunTime:0.0001s ]
SQL: INSERT INTO `shop_admin_role_node` (`rid`,`nid`) VALUES ('29','118') [ RunTime:0.0001s ]
SQL: INSERT INTO `shop_admin_role_node` (`rid`,`nid`) VALUES ('29','119') [ RunTime:0.0001s ]
SQL: INSERT INTO `shop_admin_role_node` (`rid`,`nid`) VALUES ('29','124') [ RunTime:0.0001s ]
SQL: INSERT INTO `shop_admin_role_node` (`rid`,`nid`) VALUES ('29','152') [ RunTime:0.0001s ]
SQL: INSERT INTO `shop_admin_role_node` (`rid`,`nid`) VALUES ('29','121') [ RunTime:0.0001s ]
SQL: INSERT INTO `shop_admin_role_node` (`rid`,`nid`) VALUES ('29','122') [ RunTime:0.0001s ]
SQL: INSERT INTO `shop_admin_role_node` (`rid`,`nid`) VALUES ('29','123') [ RunTime:0.0001s ]
SQL: INSERT INTO `shop_admin_role_node` (`rid`,`nid`) VALUES ('29','125') [ RunTime:0.0001s ]
SQL: INSERT INTO `shop_admin_role_node` (`rid`,`nid`) VALUES ('29','126') [ RunTime:0.0001s ]
SQL: INSERT INTO `shop_admin_role_node` (`rid`,`nid`) VALUES ('29','127') [ RunTime:0.0001s ]
SQL: INSERT INTO `shop_admin_role_node` (`rid`,`nid`) VALUES ('29','128') [ RunTime:0.0005s ]
SQL: INSERT INTO `shop_admin_role_node` (`rid`,`nid`) VALUES ('29','130') [ RunTime:0.0001s ]
SQL: INSERT INTO `shop_admin_role_node` (`rid`,`nid`) VALUES ('29','131') [ RunTime:0.0001s ]
SQL: INSERT INTO `shop_admin_role_node` (`rid`,`nid`) VALUES ('29','163') [ RunTime:0.0001s ]
SQL: INSERT INTO `shop_admin_role_node` (`rid`,`nid`) VALUES ('29','132') [ RunTime:0.0001s ]
SQL: INSERT INTO `shop_admin_role_node` (`rid`,`nid`) VALUES ('29','133') [ RunTime:0.0001s ]
SQL: INSERT INTO `shop_admin_role_node` (`rid`,`nid`) VALUES ('29','134') [ RunTime:0.0001s ]
SQL: INSERT INTO `shop_admin_role_node` (`rid`,`nid`) VALUES ('29','135') [ RunTime:0.0001s ]
INFO: [ view_parse ] --START--
INFO: [ template_filter ] --START--
INFO: Run Behavior\ContentReplaceBehavior [ RunTime:0.000034s ]
INFO: [ template_filter ] --END-- [ RunTime:0.000050s ]
INFO: Run Behavior\ParseTemplateBehavior [ RunTime:0.001658s ]
INFO: [ view_parse ] --END-- [ RunTime:0.001673s ]
INFO: [ view_filter ] --START--
INFO: Run Behavior\WriteHtmlCacheBehavior [ RunTime:0.000018s ]
INFO: [ view_filter ] --END-- [ RunTime:0.000024s ]
INFO: [ app_end ] --START--
INFO: Run Behavior\ShowPageTraceBehavior [ RunTime:0.000016s ]
INFO: [ app_end ] --END-- [ RunTime:0.000023s ]

[ 2017-12-18T14:43:22+08:00 ] 220.115.189.54 /Admin/Adminuser/authority_list
INFO: [ app_init ] --START--
INFO: Run Behavior\BuildLiteBehavior [ RunTime:0.000006s ]
INFO: [ app_init ] --END-- [ RunTime:0.000041s ]
INFO: [ app_begin ] --START--
INFO: Run Behavior\ReadHtmlCacheBehavior [ RunTime:0.000017s ]
INFO: [ app_begin ] --END-- [ RunTime:0.000030s ]
SQL: SHOW COLUMNS FROM `shop_admin_user` [ RunTime:0.0005s ]
SQL: SELECT `logtime` FROM `shop_admin_user` WHERE ( username='root' ) LIMIT 1   [ RunTime:0.0001s ]
SQL: SHOW COLUMNS FROM `shop_admin_role` [ RunTime:0.0003s ]
SQL: SELECT * FROM `shop_admin_role`  [ RunTime:0.0001s ]
SQL: SELECT `id`,`username` FROM `shop_admin_user`  [ RunTime:0.0000s ]
SQL: SHOW COLUMNS FROM `shop_admin_user_role` [ RunTime:0.0003s ]
SQL: SELECT `aid`,`rid` FROM `shop_admin_user_role`  [ RunTime:0.0000s ]
INFO: [ view_parse ] --START--
INFO: [ template_filter ] --START--
INFO: Run Behavior\ContentReplaceBehavior [ RunTime:0.000039s ]
INFO: [ template_filter ] --END-- [ RunTime:0.000054s ]
INFO: Run Behavior\ParseTemplateBehavior [ RunTime:0.002234s ]
INFO: [ view_parse ] --END-- [ RunTime:0.002251s ]
INFO: [ view_filter ] --START--
INFO: Run Behavior\WriteHtmlCacheBehavior [ RunTime:0.000019s ]
INFO: [ view_filter ] --END-- [ RunTime:0.000026s ]
INFO: [ app_end ] --START--
INFO: Run Behavior\ShowPageTraceBehavior [ RunTime:0.000014s ]
INFO: [ app_end ] --END-- [ RunTime:0.000021s ]

[ 2017-12-18T14:43:24+08:00 ] 220.115.189.54 /Admin/adminuser/authority_list.html
INFO: [ app_init ] --START--
INFO: Run Behavior\BuildLiteBehavior [ RunTime:0.000006s ]
INFO: [ app_init ] --END-- [ RunTime:0.000042s ]
INFO: [ app_begin ] --START--
INFO: Run Behavior\ReadHtmlCacheBehavior [ RunTime:0.000016s ]
INFO: [ app_begin ] --END-- [ RunTime:0.000028s ]
SQL: SHOW COLUMNS FROM `shop_admin_user` [ RunTime:0.0005s ]
SQL: SELECT `logtime` FROM `shop_admin_user` WHERE ( username='root' ) LIMIT 1   [ RunTime:0.0001s ]
SQL: SHOW COLUMNS FROM `shop_admin_role` [ RunTime:0.0003s ]
SQL: SELECT * FROM `shop_admin_role`  [ RunTime:0.0000s ]
SQL: SELECT `id`,`username` FROM `shop_admin_user`  [ RunTime:0.0000s ]
SQL: SHOW COLUMNS FROM `shop_admin_user_role` [ RunTime:0.0003s ]
SQL: SELECT `aid`,`rid` FROM `shop_admin_user_role`  [ RunTime:0.0000s ]
INFO: [ view_parse ] --START--
INFO: [ template_filter ] --START--
INFO: Run Behavior\ContentReplaceBehavior [ RunTime:0.000050s ]
INFO: [ template_filter ] --END-- [ RunTime:0.000066s ]
INFO: Run Behavior\ParseTemplateBehavior [ RunTime:0.002291s ]
INFO: [ view_parse ] --END-- [ RunTime:0.002308s ]
INFO: [ view_filter ] --START--
INFO: Run Behavior\WriteHtmlCacheBehavior [ RunTime:0.000020s ]
INFO: [ view_filter ] --END-- [ RunTime:0.000029s ]
INFO: [ app_end ] --START--
INFO: Run Behavior\ShowPageTraceBehavior [ RunTime:0.000014s ]
INFO: [ app_end ] --END-- [ RunTime:0.000022s ]

