[ 2017-12-06T10:02:17+08:00 ] 192.168.32.127 /sd/Admin/
INFO: [ app_init ] --START--
INFO: Run Behavior\BuildLiteBehavior [ RunTime:0.000007s ]
INFO: [ app_init ] --END-- [ RunTime:0.000167s ]
INFO: [ app_begin ] --START--
INFO: Run Behavior\ReadHtmlCacheBehavior [ RunTime:0.000354s ]
INFO: [ app_begin ] --END-- [ RunTime:0.000400s ]
INFO: [ view_parse ] --START--
INFO: [ template_filter ] --START--
INFO: Run Behavior\ContentReplaceBehavior [ RunTime:0.000430s ]
INFO: [ template_filter ] --END-- [ RunTime:0.000605s ]
INFO: Run Behavior\ParseTemplateBehavior [ RunTime:1.014056s ]
INFO: [ view_parse ] --END-- [ RunTime:1.014198s ]
INFO: [ view_filter ] --START--
INFO: Run Behavior\WriteHtmlCacheBehavior [ RunTime:0.000243s ]
INFO: [ view_filter ] --END-- [ RunTime:0.000277s ]
INFO: [ app_end ] --START--
INFO: Run Behavior\ShowPageTraceBehavior [ RunTime:0.000756s ]
INFO: [ app_end ] --END-- [ RunTime:0.000932s ]

[ 2017-12-06T10:02:22+08:00 ] 192.168.32.127 /sd/Admin/Index/home.html
INFO: [ app_init ] --START--
INFO: Run Behavior\BuildLiteBehavior [ RunTime:0.000006s ]
INFO: [ app_init ] --END-- [ RunTime:0.000147s ]
INFO: [ app_begin ] --START--
INFO: Run Behavior\ReadHtmlCacheBehavior [ RunTime:0.000222s ]
INFO: [ app_begin ] --END-- [ RunTime:0.000243s ]
INFO: [ view_parse ] --START--
INFO: [ template_filter ] --START--
INFO: Run Behavior\ContentReplaceBehavior [ RunTime:0.000103s ]
INFO: [ template_filter ] --END-- [ RunTime:0.000162s ]
INFO: Run Behavior\ParseTemplateBehavior [ RunTime:0.608671s ]
INFO: [ view_parse ] --END-- [ RunTime:0.608719s ]
INFO: [ view_filter ] --START--
INFO: Run Behavior\WriteHtmlCacheBehavior [ RunTime:0.000135s ]
INFO: [ view_filter ] --END-- [ RunTime:0.000159s ]
INFO: [ app_end ] --START--
INFO: Run Behavior\ShowPageTraceBehavior [ RunTime:0.000696s ]
INFO: [ app_end ] --END-- [ RunTime:0.000751s ]

[ 2017-12-06T10:02:31+08:00 ] 192.168.32.127 /sd/Admin/Order/index.html
INFO: [ app_init ] --START--
INFO: Run Behavior\BuildLiteBehavior [ RunTime:0.000009s ]
INFO: [ app_init ] --END-- [ RunTime:0.000189s ]
INFO: [ app_begin ] --START--
INFO: Run Behavior\ReadHtmlCacheBehavior [ RunTime:0.000230s ]
INFO: [ app_begin ] --END-- [ RunTime:0.000251s ]
SQL: SHOW COLUMNS FROM `shop_order` [ RunTime:0.0033s ]
SQL: SELECT COUNT(*) AS tp_count FROM `shop_order` LIMIT 1   [ RunTime:0.0014s ]
SQL: SELECT COUNT(*) AS tp_count FROM `shop_order` WHERE `state` = 1 LIMIT 1   [ RunTime:0.0016s ]
SQL: SELECT COUNT(*) AS tp_count FROM `shop_order` WHERE `state` = 2 LIMIT 1   [ RunTime:0.0014s ]
SQL: SELECT COUNT(*) AS tp_count FROM `shop_order` WHERE `state` = 3 LIMIT 1   [ RunTime:0.0014s ]
SQL: SELECT COUNT(*) AS tp_count FROM `shop_order` WHERE `state` = 4 LIMIT 1   [ RunTime:0.0018s ]
SQL: SELECT `id`,`atime`,`username`,`userphone`,`uaddress`,`money`,`state`,`wlname` FROM `shop_order` ORDER BY id desc LIMIT 0,5   [ RunTime:0.0017s ]
NOTIC: [8] Undefined index: stime /usr/local/apache2/htdocs/sd/Shop/Admin/Model/OrderModel.class.php 第 20 行.
NOTIC: [8] Undefined index: stime /usr/local/apache2/htdocs/sd/Shop/Admin/Model/OrderModel.class.php 第 20 行.
NOTIC: [8] Undefined index: stime /usr/local/apache2/htdocs/sd/Shop/Admin/Model/OrderModel.class.php 第 20 行.
NOTIC: [8] Undefined index: stime /usr/local/apache2/htdocs/sd/Shop/Admin/Model/OrderModel.class.php 第 20 行.
NOTIC: [8] Undefined index: stime /usr/local/apache2/htdocs/sd/Shop/Admin/Model/OrderModel.class.php 第 20 行.
INFO: [ view_parse ] --START--
INFO: [ template_filter ] --START--
INFO: Run Behavior\ContentReplaceBehavior [ RunTime:0.000257s ]
INFO: [ template_filter ] --END-- [ RunTime:0.000337s ]
NOTIC: [8] Use of undefined constant 待发货 - assumed '待发货' /usr/local/apache2/htdocs/sd/Shop/Runtime/Cache/Admin/f586483394037642e85e12fee1335b6e.php 第 106 行.
NOTIC: [8] Use of undefined constant 待发货 - assumed '待发货' /usr/local/apache2/htdocs/sd/Shop/Runtime/Cache/Admin/f586483394037642e85e12fee1335b6e.php 第 106 行.
NOTIC: [8] Use of undefined constant 待发货 - assumed '待发货' /usr/local/apache2/htdocs/sd/Shop/Runtime/Cache/Admin/f586483394037642e85e12fee1335b6e.php 第 106 行.
NOTIC: [8] Use of undefined constant 待发货 - assumed '待发货' /usr/local/apache2/htdocs/sd/Shop/Runtime/Cache/Admin/f586483394037642e85e12fee1335b6e.php 第 106 行.
NOTIC: [8] Use of undefined constant 待发货 - assumed '待发货' /usr/local/apache2/htdocs/sd/Shop/Runtime/Cache/Admin/f586483394037642e85e12fee1335b6e.php 第 106 行.
INFO: Run Behavior\ParseTemplateBehavior [ RunTime:0.096645s ]
INFO: [ view_parse ] --END-- [ RunTime:0.096775s ]
INFO: [ view_filter ] --START--
INFO: Run Behavior\WriteHtmlCacheBehavior [ RunTime:0.000519s ]
INFO: [ view_filter ] --END-- [ RunTime:0.000607s ]
INFO: [ app_end ] --START--
INFO: Run Behavior\ShowPageTraceBehavior [ RunTime:0.001270s ]
INFO: [ app_end ] --END-- [ RunTime:0.001551s ]

[ 2017-12-06T10:02:33+08:00 ] 192.168.32.127 /sd/Admin/Order/details/id/71.html
INFO: [ app_init ] --START--
INFO: Run Behavior\BuildLiteBehavior [ RunTime:0.000007s ]
INFO: [ app_init ] --END-- [ RunTime:0.000153s ]
INFO: [ app_begin ] --START--
INFO: Run Behavior\ReadHtmlCacheBehavior [ RunTime:0.000187s ]
INFO: [ app_begin ] --END-- [ RunTime:0.000204s ]
SQL: SHOW COLUMNS FROM `shop_order` [ RunTime:0.0077s ]
SQL: SELECT `id`,`username`,`userphone`,`wlid`,`uaddress`,`state`,`atime`,`wlname`,`stime` FROM `shop_order` WHERE `id` = 71  [ RunTime:0.0020s ]
SQL: SHOW COLUMNS FROM `shop_orderdata` [ RunTime:0.0028s ]
ERR: 1054:Unknown column 'specifications' in 'field list'
 [ SQL语句 ] : SELECT `pname`,`specifications`,`num`,`pmoney`,`plogo` FROM `shop_orderdata` WHERE `oid` = 71 
ERR: 1054:Unknown column 'specifications' in 'field list'
 [ SQL语句 ] : SELECT `pname`,`specifications`,`num`,`pmoney`,`plogo` FROM `shop_orderdata` WHERE `oid` = 71 

[ 2017-12-06T13:51:29+08:00 ] 192.168.32.127 /sd/Admin/
INFO: [ app_init ] --START--
INFO: Run Behavior\BuildLiteBehavior [ RunTime:0.000006s ]
INFO: [ app_init ] --END-- [ RunTime:0.000166s ]
INFO: [ app_begin ] --START--
INFO: Run Behavior\ReadHtmlCacheBehavior [ RunTime:0.000195s ]
INFO: [ app_begin ] --END-- [ RunTime:0.000213s ]
INFO: [ view_parse ] --START--
INFO: [ template_filter ] --START--
INFO: Run Behavior\ContentReplaceBehavior [ RunTime:0.000163s ]
INFO: [ template_filter ] --END-- [ RunTime:0.000299s ]
INFO: Run Behavior\ParseTemplateBehavior [ RunTime:0.007480s ]
INFO: [ view_parse ] --END-- [ RunTime:0.007566s ]
INFO: [ view_filter ] --START--
INFO: Run Behavior\WriteHtmlCacheBehavior [ RunTime:0.000440s ]
INFO: [ view_filter ] --END-- [ RunTime:0.000515s ]
INFO: [ app_end ] --START--
INFO: Run Behavior\ShowPageTraceBehavior [ RunTime:0.000391s ]
INFO: [ app_end ] --END-- [ RunTime:0.000447s ]

[ 2017-12-06T13:51:30+08:00 ] 192.168.32.127 /sd/Admin/Index/home.html
INFO: [ app_init ] --START--
INFO: Run Behavior\BuildLiteBehavior [ RunTime:0.000006s ]
INFO: [ app_init ] --END-- [ RunTime:0.000149s ]
INFO: [ app_begin ] --START--
INFO: Run Behavior\ReadHtmlCacheBehavior [ RunTime:0.000186s ]
INFO: [ app_begin ] --END-- [ RunTime:0.000204s ]
INFO: [ view_parse ] --START--
INFO: [ template_filter ] --START--
INFO: Run Behavior\ContentReplaceBehavior [ RunTime:0.000043s ]
INFO: [ template_filter ] --END-- [ RunTime:0.000103s ]
INFO: Run Behavior\ParseTemplateBehavior [ RunTime:0.002760s ]
INFO: [ view_parse ] --END-- [ RunTime:0.002777s ]
INFO: [ view_filter ] --START--
INFO: Run Behavior\WriteHtmlCacheBehavior [ RunTime:0.000060s ]
INFO: [ view_filter ] --END-- [ RunTime:0.000071s ]
INFO: [ app_end ] --START--
INFO: Run Behavior\ShowPageTraceBehavior [ RunTime:0.000247s ]
INFO: [ app_end ] --END-- [ RunTime:0.000274s ]

[ 2017-12-06T13:51:35+08:00 ] 192.168.32.127 /sd/Admin/Order/miao.html
INFO: [ app_init ] --START--
INFO: Run Behavior\BuildLiteBehavior [ RunTime:0.000006s ]
INFO: [ app_init ] --END-- [ RunTime:0.000201s ]
INFO: [ app_begin ] --START--
INFO: Run Behavior\ReadHtmlCacheBehavior [ RunTime:0.000186s ]
INFO: [ app_begin ] --END-- [ RunTime:0.000203s ]
INFO: [ view_parse ] --START--
INFO: [ template_filter ] --START--
INFO: Run Behavior\ContentReplaceBehavior [ RunTime:0.000032s ]
INFO: [ template_filter ] --END-- [ RunTime:0.000061s ]
INFO: Run Behavior\ParseTemplateBehavior [ RunTime:0.039336s ]
INFO: [ view_parse ] --END-- [ RunTime:0.039381s ]
INFO: [ view_filter ] --START--
INFO: Run Behavior\WriteHtmlCacheBehavior [ RunTime:0.000159s ]
INFO: [ view_filter ] --END-- [ RunTime:0.000189s ]
INFO: [ app_end ] --START--
INFO: Run Behavior\ShowPageTraceBehavior [ RunTime:0.000543s ]
INFO: [ app_end ] --END-- [ RunTime:0.000579s ]

[ 2017-12-06T13:51:53+08:00 ] 192.168.32.127 /sd/Admin/Order/handle.html
INFO: [ app_init ] --START--
INFO: Run Behavior\BuildLiteBehavior [ RunTime:0.000007s ]
INFO: [ app_init ] --END-- [ RunTime:0.000178s ]
INFO: [ app_begin ] --START--
INFO: Run Behavior\ReadHtmlCacheBehavior [ RunTime:0.000268s ]
INFO: [ app_begin ] --END-- [ RunTime:0.000290s ]
SQL: SHOW COLUMNS FROM `shop_seckill` [ RunTime:0.0037s ]
SQL: SHOW COLUMNS FROM `shop_goods` [ RunTime:0.0044s ]
SQL: SELECT `id`,`name`,`money`,`sellnum`,`image1`,`content` FROM `shop_goods` WHERE `state` = 2 LIMIT 4   [ RunTime:0.0027s ]
SQL: SHOW COLUMNS FROM `shop_detailed` [ RunTime:0.0035s ]
SQL: SELECT `id`,`price` FROM `shop_detailed` WHERE `gid` = 701  [ RunTime:0.0025s ]
SQL: SELECT `id`,`price` FROM `shop_detailed` WHERE `gid` = 702  [ RunTime:0.0017s ]
SQL: SELECT `id`,`price` FROM `shop_detailed` WHERE `gid` = 703  [ RunTime:0.0032s ]
SQL: SELECT `id`,`price` FROM `shop_detailed` WHERE `gid` = 704  [ RunTime:0.0022s ]
SQL: UPDATE `shop_detailed` SET `price`='9.9' WHERE `id` = 773 [ RunTime:0.0205s ]
SQL: UPDATE `shop_detailed` SET `price`='9.9' WHERE `id` = 774 [ RunTime:0.0072s ]
SQL: UPDATE `shop_detailed` SET `price`='9.9' WHERE `id` = 775 [ RunTime:0.0096s ]
SQL: UPDATE `shop_detailed` SET `price`='9.9' WHERE `id` = 778 [ RunTime:0.0101s ]
SQL: UPDATE `shop_detailed` SET `price`='9.9' WHERE `id` = 779 [ RunTime:0.0132s ]
SQL: SELECT * FROM `shop_seckill` LIMIT 1   [ RunTime:0.0022s ]
SQL: UPDATE `shop_seckill` SET `year`='2017',`month`='12',`day`='6',`time`='16',`branch`='37',`second`='0' WHERE `id` = 2 [ RunTime:0.0131s ]
SQL: UPDATE `shop_seckill` SET `year`='2017',`month`='12',`day`='6',`time`='15',`branch`='37',`data`='2',`id`='1' WHERE `id` = 1 [ RunTime:0.0099s ]
INFO: [ view_parse ] --START--
INFO: [ template_filter ] --START--
INFO: Run Behavior\ContentReplaceBehavior [ RunTime:0.000109s ]
INFO: [ template_filter ] --END-- [ RunTime:0.000586s ]
INFO: Run Behavior\ParseTemplateBehavior [ RunTime:0.038186s ]
INFO: [ view_parse ] --END-- [ RunTime:0.038284s ]
INFO: [ view_filter ] --START--
INFO: Run Behavior\WriteHtmlCacheBehavior [ RunTime:0.000290s ]
INFO: [ view_filter ] --END-- [ RunTime:0.000343s ]
INFO: [ app_end ] --START--
INFO: Run Behavior\ShowPageTraceBehavior [ RunTime:0.001433s ]
INFO: [ app_end ] --END-- [ RunTime:0.001500s ]

[ 2017-12-06T13:51:54+08:00 ] 192.168.32.127 /sd/Admin/Order/miao.html
INFO: [ app_init ] --START--
INFO: Run Behavior\BuildLiteBehavior [ RunTime:0.000011s ]
INFO: [ app_init ] --END-- [ RunTime:0.000291s ]
INFO: [ app_begin ] --START--
INFO: Run Behavior\ReadHtmlCacheBehavior [ RunTime:0.000560s ]
INFO: [ app_begin ] --END-- [ RunTime:0.000612s ]
INFO: [ view_parse ] --START--
INFO: [ template_filter ] --START--
INFO: Run Behavior\ContentReplaceBehavior [ RunTime:0.000056s ]
INFO: [ template_filter ] --END-- [ RunTime:0.000102s ]
INFO: Run Behavior\ParseTemplateBehavior [ RunTime:0.007231s ]
INFO: [ view_parse ] --END-- [ RunTime:0.007274s ]
INFO: [ view_filter ] --START--
INFO: Run Behavior\WriteHtmlCacheBehavior [ RunTime:0.000113s ]
INFO: [ view_filter ] --END-- [ RunTime:0.000136s ]
INFO: [ app_end ] --START--
INFO: Run Behavior\ShowPageTraceBehavior [ RunTime:0.000392s ]
INFO: [ app_end ] --END-- [ RunTime:0.000420s ]

[ 2017-12-06T14:08:24+08:00 ] 192.168.32.127 /sd/Admin/Order/handle.html
INFO: [ app_init ] --START--
INFO: Run Behavior\BuildLiteBehavior [ RunTime:0.000007s ]
INFO: [ app_init ] --END-- [ RunTime:0.000179s ]
INFO: [ app_begin ] --START--
INFO: Run Behavior\ReadHtmlCacheBehavior [ RunTime:0.000321s ]
INFO: [ app_begin ] --END-- [ RunTime:0.000346s ]
SQL: SHOW COLUMNS FROM `shop_seckill` [ RunTime:0.0072s ]
SQL: SHOW COLUMNS FROM `shop_goods` [ RunTime:0.0046s ]
SQL: SELECT `id`,`name`,`money`,`sellnum`,`image1`,`content` FROM `shop_goods` WHERE `state` = 2 LIMIT 4   [ RunTime:0.0016s ]
SQL: SHOW COLUMNS FROM `shop_detailed` [ RunTime:0.0032s ]
SQL: SELECT `id`,`price` FROM `shop_detailed` WHERE `gid` = 701  [ RunTime:0.0017s ]
SQL: SELECT `id`,`price` FROM `shop_detailed` WHERE `gid` = 702  [ RunTime:0.0016s ]
SQL: SELECT `id`,`price` FROM `shop_detailed` WHERE `gid` = 703  [ RunTime:0.0027s ]
SQL: SELECT `id`,`price` FROM `shop_detailed` WHERE `gid` = 704  [ RunTime:0.0021s ]
SQL: UPDATE `shop_detailed` SET `price`='9.9' WHERE `id` = 773 [ RunTime:0.0265s ]
SQL: UPDATE `shop_detailed` SET `price`='9.9' WHERE `id` = 774 [ RunTime:0.0066s ]
SQL: UPDATE `shop_detailed` SET `price`='9.9' WHERE `id` = 775 [ RunTime:0.0064s ]
SQL: UPDATE `shop_detailed` SET `price`='9.9' WHERE `id` = 778 [ RunTime:0.0081s ]
SQL: UPDATE `shop_detailed` SET `price`='9.9' WHERE `id` = 779 [ RunTime:0.0061s ]
SQL: SELECT * FROM `shop_seckill` LIMIT 1   [ RunTime:0.0025s ]
SQL: UPDATE `shop_seckill` SET `year`='2017',`month`='12',`day`='6',`time`='16',`branch`='53',`second`='0' WHERE `id` = 2 [ RunTime:0.0082s ]
SQL: UPDATE `shop_seckill` SET `year`='2017',`month`='12',`day`='6',`time`='15',`branch`='53',`data`='2',`id`='1' WHERE `id` = 1 [ RunTime:0.0062s ]
INFO: [ view_parse ] --START--
INFO: [ template_filter ] --START--
INFO: Run Behavior\ContentReplaceBehavior [ RunTime:0.000069s ]
INFO: [ template_filter ] --END-- [ RunTime:0.000235s ]
INFO: Run Behavior\ParseTemplateBehavior [ RunTime:0.010823s ]
INFO: [ view_parse ] --END-- [ RunTime:0.010897s ]
INFO: [ view_filter ] --START--
INFO: Run Behavior\WriteHtmlCacheBehavior [ RunTime:0.000346s ]
INFO: [ view_filter ] --END-- [ RunTime:0.000399s ]
INFO: [ app_end ] --START--
INFO: Run Behavior\ShowPageTraceBehavior [ RunTime:0.001022s ]
INFO: [ app_end ] --END-- [ RunTime:0.001073s ]

[ 2017-12-06T14:08:26+08:00 ] 192.168.32.127 /sd/Admin/Order/miao.html
INFO: [ app_init ] --START--
INFO: Run Behavior\BuildLiteBehavior [ RunTime:0.000015s ]
INFO: [ app_init ] --END-- [ RunTime:0.000819s ]
INFO: [ app_begin ] --START--
INFO: Run Behavior\ReadHtmlCacheBehavior [ RunTime:0.000656s ]
INFO: [ app_begin ] --END-- [ RunTime:0.000717s ]
INFO: [ view_parse ] --START--
INFO: [ template_filter ] --START--
INFO: Run Behavior\ContentReplaceBehavior [ RunTime:0.000085s ]
INFO: [ template_filter ] --END-- [ RunTime:0.000143s ]
INFO: Run Behavior\ParseTemplateBehavior [ RunTime:0.004055s ]
INFO: [ view_parse ] --END-- [ RunTime:0.004092s ]
INFO: [ view_filter ] --START--
INFO: Run Behavior\WriteHtmlCacheBehavior [ RunTime:0.000115s ]
INFO: [ view_filter ] --END-- [ RunTime:0.000138s ]
INFO: [ app_end ] --START--
INFO: Run Behavior\ShowPageTraceBehavior [ RunTime:0.000389s ]
INFO: [ app_end ] --END-- [ RunTime:0.000419s ]

[ 2017-12-06T14:10:50+08:00 ] 192.168.32.127 /sd/Admin/Order/handle.html
INFO: [ app_init ] --START--
INFO: Run Behavior\BuildLiteBehavior [ RunTime:0.000019s ]
INFO: [ app_init ] --END-- [ RunTime:0.000395s ]
INFO: [ app_begin ] --START--
INFO: Run Behavior\ReadHtmlCacheBehavior [ RunTime:0.000581s ]
INFO: [ app_begin ] --END-- [ RunTime:0.000666s ]
SQL: SHOW COLUMNS FROM `shop_seckill` [ RunTime:0.0071s ]
SQL: SHOW COLUMNS FROM `shop_goods` [ RunTime:0.0040s ]
SQL: SELECT `id`,`name`,`money`,`sellnum`,`image1`,`content` FROM `shop_goods` WHERE `state` = 2 LIMIT 4   [ RunTime:0.0018s ]
SQL: SHOW COLUMNS FROM `shop_detailed` [ RunTime:0.0037s ]
SQL: SELECT `id`,`price` FROM `shop_detailed` WHERE `gid` = 701  [ RunTime:0.0015s ]
SQL: SELECT `id`,`price` FROM `shop_detailed` WHERE `gid` = 702  [ RunTime:0.0030s ]
SQL: SELECT `id`,`price` FROM `shop_detailed` WHERE `gid` = 703  [ RunTime:0.0015s ]
SQL: SELECT `id`,`price` FROM `shop_detailed` WHERE `gid` = 704  [ RunTime:0.0016s ]
SQL: UPDATE `shop_detailed` SET `price`='9.9' WHERE `id` = 773 [ RunTime:0.0198s ]
SQL: UPDATE `shop_detailed` SET `price`='9.9' WHERE `id` = 774 [ RunTime:0.0053s ]
SQL: UPDATE `shop_detailed` SET `price`='9.9' WHERE `id` = 775 [ RunTime:0.0050s ]
SQL: UPDATE `shop_detailed` SET `price`='9.9' WHERE `id` = 778 [ RunTime:0.0056s ]
SQL: UPDATE `shop_detailed` SET `price`='9.9' WHERE `id` = 779 [ RunTime:0.0073s ]
SQL: SELECT * FROM `shop_seckill` LIMIT 1   [ RunTime:0.0017s ]
SQL: UPDATE `shop_seckill` SET `year`='2017',`month`='12',`day`='6',`time`='16',`branch`='55',`second`='0' WHERE `id` = 2 [ RunTime:0.0061s ]
SQL: UPDATE `shop_seckill` SET `year`='2017',`month`='12',`day`='6',`time`='15',`branch`='55',`data`='2',`id`='1' WHERE `id` = 1 [ RunTime:0.0048s ]
INFO: [ view_parse ] --START--
INFO: [ template_filter ] --START--
INFO: Run Behavior\ContentReplaceBehavior [ RunTime:0.000040s ]
INFO: [ template_filter ] --END-- [ RunTime:0.000084s ]
INFO: Run Behavior\ParseTemplateBehavior [ RunTime:0.005504s ]
INFO: [ view_parse ] --END-- [ RunTime:0.005545s ]
INFO: [ view_filter ] --START--
INFO: Run Behavior\WriteHtmlCacheBehavior [ RunTime:0.000149s ]
INFO: [ view_filter ] --END-- [ RunTime:0.000179s ]
INFO: [ app_end ] --START--
INFO: Run Behavior\ShowPageTraceBehavior [ RunTime:0.000522s ]
INFO: [ app_end ] --END-- [ RunTime:0.000607s ]

[ 2017-12-06T14:10:51+08:00 ] 192.168.32.127 /sd/Admin/Order/miao.html
INFO: [ app_init ] --START--
INFO: Run Behavior\BuildLiteBehavior [ RunTime:0.000017s ]
INFO: [ app_init ] --END-- [ RunTime:0.000461s ]
INFO: [ app_begin ] --START--
INFO: Run Behavior\ReadHtmlCacheBehavior [ RunTime:0.000579s ]
INFO: [ app_begin ] --END-- [ RunTime:0.000632s ]
INFO: [ view_parse ] --START--
INFO: [ template_filter ] --START--
INFO: Run Behavior\ContentReplaceBehavior [ RunTime:0.000054s ]
INFO: [ template_filter ] --END-- [ RunTime:0.000094s ]
INFO: Run Behavior\ParseTemplateBehavior [ RunTime:0.004700s ]
INFO: [ view_parse ] --END-- [ RunTime:0.004736s ]
INFO: [ view_filter ] --START--
INFO: Run Behavior\WriteHtmlCacheBehavior [ RunTime:0.000154s ]
INFO: [ view_filter ] --END-- [ RunTime:0.000178s ]
INFO: [ app_end ] --START--
INFO: Run Behavior\ShowPageTraceBehavior [ RunTime:0.000394s ]
INFO: [ app_end ] --END-- [ RunTime:0.000422s ]

[ 2017-12-06T14:24:25+08:00 ] 192.168.32.127 /sd/Admin/Order/miao.html
INFO: [ app_init ] --START--
INFO: Run Behavior\BuildLiteBehavior [ RunTime:0.000007s ]
INFO: [ app_init ] --END-- [ RunTime:0.000163s ]
INFO: [ app_begin ] --START--
INFO: Run Behavior\ReadHtmlCacheBehavior [ RunTime:0.000197s ]
INFO: [ app_begin ] --END-- [ RunTime:0.000217s ]
INFO: [ view_parse ] --START--
INFO: [ template_filter ] --START--
INFO: Run Behavior\ContentReplaceBehavior [ RunTime:0.000046s ]
INFO: [ template_filter ] --END-- [ RunTime:0.000111s ]
INFO: Run Behavior\ParseTemplateBehavior [ RunTime:0.003366s ]
INFO: [ view_parse ] --END-- [ RunTime:0.003443s ]
INFO: [ view_filter ] --START--
INFO: Run Behavior\WriteHtmlCacheBehavior [ RunTime:0.000097s ]
INFO: [ view_filter ] --END-- [ RunTime:0.000111s ]
INFO: [ app_end ] --START--
INFO: Run Behavior\ShowPageTraceBehavior [ RunTime:0.000250s ]
INFO: [ app_end ] --END-- [ RunTime:0.000268s ]

[ 2017-12-06T14:25:30+08:00 ] 192.168.32.127 /sd/Admin/
INFO: [ app_init ] --START--
INFO: Run Behavior\BuildLiteBehavior [ RunTime:0.000048s ]
INFO: [ app_init ] --END-- [ RunTime:0.000972s ]
INFO: [ app_begin ] --START--
INFO: Run Behavior\ReadHtmlCacheBehavior [ RunTime:0.000449s ]
INFO: [ app_begin ] --END-- [ RunTime:0.000524s ]
INFO: [ view_parse ] --START--
INFO: [ template_filter ] --START--
INFO: Run Behavior\ContentReplaceBehavior [ RunTime:0.000131s ]
INFO: [ template_filter ] --END-- [ RunTime:0.000162s ]
INFO: Run Behavior\ParseTemplateBehavior [ RunTime:0.005183s ]
INFO: [ view_parse ] --END-- [ RunTime:0.005211s ]
INFO: [ view_filter ] --START--
INFO: Run Behavior\WriteHtmlCacheBehavior [ RunTime:0.000060s ]
INFO: [ view_filter ] --END-- [ RunTime:0.000073s ]
INFO: [ app_end ] --START--
INFO: Run Behavior\ShowPageTraceBehavior [ RunTime:0.000680s ]
INFO: [ app_end ] --END-- [ RunTime:0.000750s ]

[ 2017-12-06T14:25:30+08:00 ] 192.168.32.127 /sd/Admin/Index/home.html
INFO: [ app_init ] --START--
INFO: Run Behavior\BuildLiteBehavior [ RunTime:0.000016s ]
INFO: [ app_init ] --END-- [ RunTime:0.000365s ]
INFO: [ app_begin ] --START--
INFO: Run Behavior\ReadHtmlCacheBehavior [ RunTime:0.000322s ]
INFO: [ app_begin ] --END-- [ RunTime:0.000358s ]
INFO: [ view_parse ] --START--
INFO: [ template_filter ] --START--
INFO: Run Behavior\ContentReplaceBehavior [ RunTime:0.000072s ]
INFO: [ template_filter ] --END-- [ RunTime:0.000132s ]
INFO: Run Behavior\ParseTemplateBehavior [ RunTime:0.004360s ]
INFO: [ view_parse ] --END-- [ RunTime:0.004391s ]
INFO: [ view_filter ] --START--
INFO: Run Behavior\WriteHtmlCacheBehavior [ RunTime:0.000128s ]
INFO: [ view_filter ] --END-- [ RunTime:0.000147s ]
INFO: [ app_end ] --START--
INFO: Run Behavior\ShowPageTraceBehavior [ RunTime:0.000422s ]
INFO: [ app_end ] --END-- [ RunTime:0.000478s ]

[ 2017-12-06T14:25:32+08:00 ] 192.168.32.127 /sd/Admin/Order/miao.html
INFO: [ app_init ] --START--
INFO: Run Behavior\BuildLiteBehavior [ RunTime:0.000008s ]
INFO: [ app_init ] --END-- [ RunTime:0.000205s ]
INFO: [ app_begin ] --START--
INFO: Run Behavior\ReadHtmlCacheBehavior [ RunTime:0.000219s ]
INFO: [ app_begin ] --END-- [ RunTime:0.000240s ]
INFO: [ view_parse ] --START--
INFO: [ template_filter ] --START--
INFO: Run Behavior\ContentReplaceBehavior [ RunTime:0.000032s ]
INFO: [ template_filter ] --END-- [ RunTime:0.000054s ]
INFO: Run Behavior\ParseTemplateBehavior [ RunTime:0.002942s ]
INFO: [ view_parse ] --END-- [ RunTime:0.002962s ]
INFO: [ view_filter ] --START--
INFO: Run Behavior\WriteHtmlCacheBehavior [ RunTime:0.000068s ]
INFO: [ view_filter ] --END-- [ RunTime:0.000082s ]
INFO: [ app_end ] --START--
INFO: Run Behavior\ShowPageTraceBehavior [ RunTime:0.000280s ]
INFO: [ app_end ] --END-- [ RunTime:0.000298s ]

[ 2017-12-06T14:25:51+08:00 ] 192.168.32.127 /sd/Admin/Order/handle.html
INFO: [ app_init ] --START--
INFO: Run Behavior\BuildLiteBehavior [ RunTime:0.000006s ]
INFO: [ app_init ] --END-- [ RunTime:0.000174s ]
INFO: [ app_begin ] --START--
INFO: Run Behavior\ReadHtmlCacheBehavior [ RunTime:0.000227s ]
INFO: [ app_begin ] --END-- [ RunTime:0.000248s ]
SQL: SHOW COLUMNS FROM `shop_seckill` [ RunTime:0.0036s ]
SQL: SHOW COLUMNS FROM `shop_goods` [ RunTime:0.0045s ]
SQL: SELECT `id`,`name`,`money`,`sellnum`,`image1`,`content` FROM `shop_goods` WHERE `state` = 2 LIMIT 4   [ RunTime:0.0022s ]
SQL: SHOW COLUMNS FROM `shop_detailed` [ RunTime:0.0032s ]
SQL: SELECT `id`,`price` FROM `shop_detailed` WHERE `gid` = 701  [ RunTime:0.0015s ]
SQL: SELECT `id`,`price` FROM `shop_detailed` WHERE `gid` = 702  [ RunTime:0.0016s ]
SQL: SELECT `id`,`price` FROM `shop_detailed` WHERE `gid` = 703  [ RunTime:0.0017s ]
SQL: SELECT `id`,`price` FROM `shop_detailed` WHERE `gid` = 704  [ RunTime:0.0020s ]
SQL: UPDATE `shop_detailed` SET `price`='9.9' WHERE `id` = 773 [ RunTime:0.0207s ]
SQL: UPDATE `shop_detailed` SET `price`='9.9' WHERE `id` = 774 [ RunTime:0.0056s ]
SQL: UPDATE `shop_detailed` SET `price`='9.9' WHERE `id` = 775 [ RunTime:0.0083s ]
SQL: UPDATE `shop_detailed` SET `price`='9.9' WHERE `id` = 778 [ RunTime:0.0079s ]
SQL: UPDATE `shop_detailed` SET `price`='9.9' WHERE `id` = 779 [ RunTime:0.0078s ]
SQL: SELECT * FROM `shop_seckill` LIMIT 1   [ RunTime:0.0016s ]
SQL: UPDATE `shop_seckill` SET `year`='2017',`month`='12',`day`='6',`time`='16',`branch`='11',`second`='0' WHERE `id` = 2 [ RunTime:0.0056s ]
SQL: UPDATE `shop_seckill` SET `year`='2017',`month`='12',`day`='6',`time`='16',`branch`='10',`data`='2',`id`='1' WHERE `id` = 1 [ RunTime:0.0071s ]
INFO: [ view_parse ] --START--
INFO: [ template_filter ] --START--
INFO: Run Behavior\ContentReplaceBehavior [ RunTime:0.000061s ]
INFO: [ template_filter ] --END-- [ RunTime:0.000130s ]
INFO: Run Behavior\ParseTemplateBehavior [ RunTime:0.008682s ]
INFO: [ view_parse ] --END-- [ RunTime:0.008753s ]
INFO: [ view_filter ] --START--
INFO: Run Behavior\WriteHtmlCacheBehavior [ RunTime:0.000601s ]
INFO: [ view_filter ] --END-- [ RunTime:0.000666s ]
INFO: [ app_end ] --START--
INFO: Run Behavior\ShowPageTraceBehavior [ RunTime:0.001702s ]
INFO: [ app_end ] --END-- [ RunTime:0.001780s ]

[ 2017-12-06T14:25:52+08:00 ] 192.168.32.127 /sd/Admin/Order/miao.html
INFO: [ app_init ] --START--
INFO: Run Behavior\BuildLiteBehavior [ RunTime:0.000006s ]
INFO: [ app_init ] --END-- [ RunTime:0.000164s ]
INFO: [ app_begin ] --START--
INFO: Run Behavior\ReadHtmlCacheBehavior [ RunTime:0.000183s ]
INFO: [ app_begin ] --END-- [ RunTime:0.000199s ]
INFO: [ view_parse ] --START--
INFO: [ template_filter ] --START--
INFO: Run Behavior\ContentReplaceBehavior [ RunTime:0.000030s ]
INFO: [ template_filter ] --END-- [ RunTime:0.000054s ]
INFO: Run Behavior\ParseTemplateBehavior [ RunTime:0.002691s ]
INFO: [ view_parse ] --END-- [ RunTime:0.002708s ]
INFO: [ view_filter ] --START--
INFO: Run Behavior\WriteHtmlCacheBehavior [ RunTime:0.000059s ]
INFO: [ view_filter ] --END-- [ RunTime:0.000071s ]
INFO: [ app_end ] --START--
INFO: Run Behavior\ShowPageTraceBehavior [ RunTime:0.000249s ]
INFO: [ app_end ] --END-- [ RunTime:0.000264s ]

[ 2017-12-06T14:28:50+08:00 ] 192.168.32.127 /sd/Admin/Order/handle.html
INFO: [ app_init ] --START--
INFO: Run Behavior\BuildLiteBehavior [ RunTime:0.000007s ]
INFO: [ app_init ] --END-- [ RunTime:0.000183s ]
INFO: [ app_begin ] --START--
INFO: Run Behavior\ReadHtmlCacheBehavior [ RunTime:0.000228s ]
INFO: [ app_begin ] --END-- [ RunTime:0.000250s ]
SQL: SHOW COLUMNS FROM `shop_seckill` [ RunTime:0.0022s ]
SQL: SHOW COLUMNS FROM `shop_goods` [ RunTime:0.0038s ]
SQL: SELECT `id`,`name`,`money`,`sellnum`,`image1`,`content` FROM `shop_goods` WHERE `state` = 2 LIMIT 4   [ RunTime:0.0017s ]
SQL: SHOW COLUMNS FROM `shop_detailed` [ RunTime:0.0027s ]
SQL: SELECT `id`,`price` FROM `shop_detailed` WHERE `gid` = 701  [ RunTime:0.0018s ]
SQL: SELECT `id`,`price` FROM `shop_detailed` WHERE `gid` = 702  [ RunTime:0.0016s ]
SQL: SELECT `id`,`price` FROM `shop_detailed` WHERE `gid` = 703  [ RunTime:0.0015s ]
SQL: SELECT `id`,`price` FROM `shop_detailed` WHERE `gid` = 704  [ RunTime:0.0016s ]
SQL: UPDATE `shop_detailed` SET `price`='9.9' WHERE `id` = 773 [ RunTime:0.0127s ]
SQL: UPDATE `shop_detailed` SET `price`='9.9' WHERE `id` = 774 [ RunTime:0.0051s ]
SQL: UPDATE `shop_detailed` SET `price`='9.9' WHERE `id` = 775 [ RunTime:0.0073s ]
SQL: UPDATE `shop_detailed` SET `price`='9.9' WHERE `id` = 778 [ RunTime:0.0065s ]
SQL: UPDATE `shop_detailed` SET `price`='9.9' WHERE `id` = 779 [ RunTime:0.0055s ]
SQL: SELECT * FROM `shop_seckill` LIMIT 1   [ RunTime:0.0016s ]
SQL: UPDATE `shop_seckill` SET `year`='2017',`month`='12',`day`='6',`time`='16',`branch`='14',`second`='0' WHERE `id` = 2 [ RunTime:0.0046s ]
SQL: UPDATE `shop_seckill` SET `year`='2017',`month`='12',`day`='6',`time`='16',`branch`='13',`data`='2',`id`='1' WHERE `id` = 1 [ RunTime:0.0047s ]
INFO: [ view_parse ] --START--
INFO: [ template_filter ] --START--
INFO: Run Behavior\ContentReplaceBehavior [ RunTime:0.000069s ]
INFO: [ template_filter ] --END-- [ RunTime:0.000154s ]
INFO: Run Behavior\ParseTemplateBehavior [ RunTime:0.010889s ]
INFO: [ view_parse ] --END-- [ RunTime:0.011038s ]
INFO: [ view_filter ] --START--
INFO: Run Behavior\WriteHtmlCacheBehavior [ RunTime:0.000278s ]
INFO: [ view_filter ] --END-- [ RunTime:0.000329s ]
INFO: [ app_end ] --START--
INFO: Run Behavior\ShowPageTraceBehavior [ RunTime:0.000990s ]
INFO: [ app_end ] --END-- [ RunTime:0.001054s ]

[ 2017-12-06T14:28:51+08:00 ] 192.168.32.127 /sd/Admin/Order/miao.html
INFO: [ app_init ] --START--
INFO: Run Behavior\BuildLiteBehavior [ RunTime:0.000012s ]
INFO: [ app_init ] --END-- [ RunTime:0.000310s ]
INFO: [ app_begin ] --START--
INFO: Run Behavior\ReadHtmlCacheBehavior [ RunTime:0.000411s ]
INFO: [ app_begin ] --END-- [ RunTime:0.000446s ]
INFO: [ view_parse ] --START--
INFO: [ template_filter ] --START--
INFO: Run Behavior\ContentReplaceBehavior [ RunTime:0.000052s ]
INFO: [ template_filter ] --END-- [ RunTime:0.000088s ]
INFO: Run Behavior\ParseTemplateBehavior [ RunTime:0.004768s ]
INFO: [ view_parse ] --END-- [ RunTime:0.004799s ]
INFO: [ view_filter ] --START--
INFO: Run Behavior\WriteHtmlCacheBehavior [ RunTime:0.000119s ]
INFO: [ view_filter ] --END-- [ RunTime:0.000144s ]
INFO: [ app_end ] --START--
INFO: Run Behavior\ShowPageTraceBehavior [ RunTime:0.000453s ]
INFO: [ app_end ] --END-- [ RunTime:0.000481s ]

[ 2017-12-06T14:31:50+08:00 ] 192.168.32.127 /sd/Admin/
INFO: [ app_init ] --START--
INFO: Run Behavior\BuildLiteBehavior [ RunTime:0.000007s ]
INFO: [ app_init ] --END-- [ RunTime:0.000190s ]
INFO: [ app_begin ] --START--
INFO: Run Behavior\ReadHtmlCacheBehavior [ RunTime:0.000240s ]
INFO: [ app_begin ] --END-- [ RunTime:0.000266s ]
INFO: [ view_parse ] --START--
INFO: [ template_filter ] --START--
INFO: Run Behavior\ContentReplaceBehavior [ RunTime:0.000298s ]
INFO: [ template_filter ] --END-- [ RunTime:0.000645s ]
INFO: Run Behavior\ParseTemplateBehavior [ RunTime:0.006952s ]
INFO: [ view_parse ] --END-- [ RunTime:0.006981s ]
INFO: [ view_filter ] --START--
INFO: Run Behavior\WriteHtmlCacheBehavior [ RunTime:0.000119s ]
INFO: [ view_filter ] --END-- [ RunTime:0.000137s ]
INFO: [ app_end ] --START--
INFO: Run Behavior\ShowPageTraceBehavior [ RunTime:0.000455s ]
INFO: [ app_end ] --END-- [ RunTime:0.000514s ]

[ 2017-12-06T14:31:50+08:00 ] 192.168.32.127 /sd/Admin/Index/home.html
INFO: [ app_init ] --START--
INFO: Run Behavior\BuildLiteBehavior [ RunTime:0.000013s ]
INFO: [ app_init ] --END-- [ RunTime:0.000289s ]
INFO: [ app_begin ] --START--
INFO: Run Behavior\ReadHtmlCacheBehavior [ RunTime:0.000539s ]
INFO: [ app_begin ] --END-- [ RunTime:0.000601s ]
INFO: [ view_parse ] --START--
INFO: [ template_filter ] --START--
INFO: Run Behavior\ContentReplaceBehavior [ RunTime:0.000061s ]
INFO: [ template_filter ] --END-- [ RunTime:0.000104s ]
INFO: Run Behavior\ParseTemplateBehavior [ RunTime:0.004047s ]
INFO: [ view_parse ] --END-- [ RunTime:0.004074s ]
INFO: [ view_filter ] --START--
INFO: Run Behavior\WriteHtmlCacheBehavior [ RunTime:0.000095s ]
INFO: [ view_filter ] --END-- [ RunTime:0.000113s ]
INFO: [ app_end ] --START--
INFO: Run Behavior\ShowPageTraceBehavior [ RunTime:0.000414s ]
INFO: [ app_end ] --END-- [ RunTime:0.000486s ]

[ 2017-12-06T14:31:51+08:00 ] 192.168.32.127 /sd/Admin/Order/miao.html
INFO: [ app_init ] --START--
INFO: Run Behavior\BuildLiteBehavior [ RunTime:0.000009s ]
INFO: [ app_init ] --END-- [ RunTime:0.000192s ]
INFO: [ app_begin ] --START--
INFO: Run Behavior\ReadHtmlCacheBehavior [ RunTime:0.000247s ]
INFO: [ app_begin ] --END-- [ RunTime:0.000273s ]
INFO: [ view_parse ] --START--
INFO: [ template_filter ] --START--
INFO: Run Behavior\ContentReplaceBehavior [ RunTime:0.000035s ]
INFO: [ template_filter ] --END-- [ RunTime:0.000062s ]
INFO: Run Behavior\ParseTemplateBehavior [ RunTime:0.002924s ]
INFO: [ view_parse ] --END-- [ RunTime:0.002949s ]
INFO: [ view_filter ] --START--
INFO: Run Behavior\WriteHtmlCacheBehavior [ RunTime:0.000069s ]
INFO: [ view_filter ] --END-- [ RunTime:0.000083s ]
INFO: [ app_end ] --START--
INFO: Run Behavior\ShowPageTraceBehavior [ RunTime:0.000268s ]
INFO: [ app_end ] --END-- [ RunTime:0.000285s ]

[ 2017-12-06T14:32:16+08:00 ] 192.168.32.127 /sd/Admin/Order/handle.html
INFO: [ app_init ] --START--
INFO: Run Behavior\BuildLiteBehavior [ RunTime:0.000007s ]
INFO: [ app_init ] --END-- [ RunTime:0.000185s ]
INFO: [ app_begin ] --START--
INFO: Run Behavior\ReadHtmlCacheBehavior [ RunTime:0.000234s ]
INFO: [ app_begin ] --END-- [ RunTime:0.000256s ]
SQL: SHOW COLUMNS FROM `shop_seckill` [ RunTime:0.0083s ]
SQL: SHOW COLUMNS FROM `shop_goods` [ RunTime:0.0092s ]
SQL: SELECT `id`,`name`,`money`,`sellnum`,`image1`,`content` FROM `shop_goods` WHERE `state` = 2 LIMIT 4   [ RunTime:0.0049s ]
SQL: SHOW COLUMNS FROM `shop_detailed` [ RunTime:0.0059s ]
SQL: SELECT `id`,`price` FROM `shop_detailed` WHERE `gid` = 701  [ RunTime:0.0057s ]
SQL: SELECT `id`,`price` FROM `shop_detailed` WHERE `gid` = 702  [ RunTime:0.0033s ]
SQL: SELECT `id`,`price` FROM `shop_detailed` WHERE `gid` = 703  [ RunTime:0.0020s ]
SQL: SELECT `id`,`price` FROM `shop_detailed` WHERE `gid` = 704  [ RunTime:0.0016s ]
SQL: UPDATE `shop_detailed` SET `price`='9.9' WHERE `id` = 773 [ RunTime:0.0217s ]
SQL: UPDATE `shop_detailed` SET `price`='9.9' WHERE `id` = 774 [ RunTime:0.0050s ]
SQL: UPDATE `shop_detailed` SET `price`='9.9' WHERE `id` = 775 [ RunTime:0.0053s ]
SQL: UPDATE `shop_detailed` SET `price`='9.9' WHERE `id` = 778 [ RunTime:0.0048s ]
SQL: UPDATE `shop_detailed` SET `price`='9.9' WHERE `id` = 779 [ RunTime:0.0045s ]
SQL: SELECT * FROM `shop_seckill` LIMIT 1   [ RunTime:0.0016s ]
SQL: UPDATE `shop_seckill` SET `year`='2017',`month`='12',`day`='6',`time`='16',`branch`='19',`second`='0' WHERE `id` = 2 [ RunTime:0.0046s ]
SQL: UPDATE `shop_seckill` SET `year`='2017',`month`='12',`day`='6',`time`='16',`branch`='17',`data`='2',`id`='1' WHERE `id` = 1 [ RunTime:0.0057s ]
INFO: [ view_parse ] --START--
INFO: [ template_filter ] --START--
INFO: Run Behavior\ContentReplaceBehavior [ RunTime:0.000023s ]
INFO: [ template_filter ] --END-- [ RunTime:0.000047s ]
INFO: Run Behavior\ParseTemplateBehavior [ RunTime:0.002762s ]
INFO: [ view_parse ] --END-- [ RunTime:0.002782s ]
INFO: [ view_filter ] --START--
INFO: Run Behavior\WriteHtmlCacheBehavior [ RunTime:0.000075s ]
INFO: [ view_filter ] --END-- [ RunTime:0.000089s ]
INFO: [ app_end ] --START--
INFO: Run Behavior\ShowPageTraceBehavior [ RunTime:0.000260s ]
INFO: [ app_end ] --END-- [ RunTime:0.000278s ]

[ 2017-12-06T14:32:17+08:00 ] 192.168.32.127 /sd/Admin/Order/miao.html
INFO: [ app_init ] --START--
INFO: Run Behavior\BuildLiteBehavior [ RunTime:0.000011s ]
INFO: [ app_init ] --END-- [ RunTime:0.000346s ]
INFO: [ app_begin ] --START--
INFO: Run Behavior\ReadHtmlCacheBehavior [ RunTime:0.000354s ]
INFO: [ app_begin ] --END-- [ RunTime:0.000387s ]
INFO: [ view_parse ] --START--
INFO: [ template_filter ] --START--
INFO: Run Behavior\ContentReplaceBehavior [ RunTime:0.000054s ]
INFO: [ template_filter ] --END-- [ RunTime:0.000099s ]
INFO: Run Behavior\ParseTemplateBehavior [ RunTime:0.005180s ]
INFO: [ view_parse ] --END-- [ RunTime:0.005211s ]
INFO: [ view_filter ] --START--
INFO: Run Behavior\WriteHtmlCacheBehavior [ RunTime:0.000116s ]
INFO: [ view_filter ] --END-- [ RunTime:0.000181s ]
INFO: [ app_end ] --START--
INFO: Run Behavior\ShowPageTraceBehavior [ RunTime:0.000399s ]
INFO: [ app_end ] --END-- [ RunTime:0.000425s ]

[ 2017-12-06T14:38:24+08:00 ] 192.168.32.127 /sd/Admin/
INFO: [ app_init ] --START--
INFO: Run Behavior\BuildLiteBehavior [ RunTime:0.000010s ]
INFO: [ app_init ] --END-- [ RunTime:0.000288s ]
INFO: [ app_begin ] --START--
INFO: Run Behavior\ReadHtmlCacheBehavior [ RunTime:0.000373s ]
INFO: [ app_begin ] --END-- [ RunTime:0.000428s ]
INFO: [ view_parse ] --START--
INFO: [ template_filter ] --START--
INFO: Run Behavior\ContentReplaceBehavior [ RunTime:0.000117s ]
INFO: [ template_filter ] --END-- [ RunTime:0.000154s ]
INFO: Run Behavior\ParseTemplateBehavior [ RunTime:0.005555s ]
INFO: [ view_parse ] --END-- [ RunTime:0.005583s ]
INFO: [ view_filter ] --START--
INFO: Run Behavior\WriteHtmlCacheBehavior [ RunTime:0.000074s ]
INFO: [ view_filter ] --END-- [ RunTime:0.000087s ]
INFO: [ app_end ] --START--
INFO: Run Behavior\ShowPageTraceBehavior [ RunTime:0.000448s ]
INFO: [ app_end ] --END-- [ RunTime:0.000514s ]

[ 2017-12-06T14:38:24+08:00 ] 192.168.32.127 /sd/Admin/Index/home.html
INFO: [ app_init ] --START--
INFO: Run Behavior\BuildLiteBehavior [ RunTime:0.000009s ]
INFO: [ app_init ] --END-- [ RunTime:0.000166s ]
INFO: [ app_begin ] --START--
INFO: Run Behavior\ReadHtmlCacheBehavior [ RunTime:0.000196s ]
INFO: [ app_begin ] --END-- [ RunTime:0.000215s ]
INFO: [ view_parse ] --START--
INFO: [ template_filter ] --START--
INFO: Run Behavior\ContentReplaceBehavior [ RunTime:0.000064s ]
INFO: [ template_filter ] --END-- [ RunTime:0.000097s ]
INFO: Run Behavior\ParseTemplateBehavior [ RunTime:0.003118s ]
INFO: [ view_parse ] --END-- [ RunTime:0.003146s ]
INFO: [ view_filter ] --START--
INFO: Run Behavior\WriteHtmlCacheBehavior [ RunTime:0.000116s ]
INFO: [ view_filter ] --END-- [ RunTime:0.000136s ]
INFO: [ app_end ] --START--
INFO: Run Behavior\ShowPageTraceBehavior [ RunTime:0.000862s ]
INFO: [ app_end ] --END-- [ RunTime:0.000933s ]

[ 2017-12-06T14:38:31+08:00 ] 192.168.32.127 /sd/Admin/Order/miao.html
INFO: [ app_init ] --START--
INFO: Run Behavior\BuildLiteBehavior [ RunTime:0.000012s ]
INFO: [ app_init ] --END-- [ RunTime:0.000289s ]
INFO: [ app_begin ] --START--
INFO: Run Behavior\ReadHtmlCacheBehavior [ RunTime:0.000364s ]
INFO: [ app_begin ] --END-- [ RunTime:0.000403s ]
INFO: [ view_parse ] --START--
INFO: [ template_filter ] --START--
INFO: Run Behavior\ContentReplaceBehavior [ RunTime:0.000038s ]
INFO: [ template_filter ] --END-- [ RunTime:0.000071s ]
INFO: Run Behavior\ParseTemplateBehavior [ RunTime:0.004674s ]
INFO: [ view_parse ] --END-- [ RunTime:0.004705s ]
INFO: [ view_filter ] --START--
INFO: Run Behavior\WriteHtmlCacheBehavior [ RunTime:0.000079s ]
INFO: [ view_filter ] --END-- [ RunTime:0.000094s ]
INFO: [ app_end ] --START--
INFO: Run Behavior\ShowPageTraceBehavior [ RunTime:0.000257s ]
INFO: [ app_end ] --END-- [ RunTime:0.000274s ]

[ 2017-12-06T14:38:52+08:00 ] 192.168.32.127 /sd/Admin/Order/handle.html
INFO: [ app_init ] --START--
INFO: Run Behavior\BuildLiteBehavior [ RunTime:0.000008s ]
INFO: [ app_init ] --END-- [ RunTime:0.000178s ]
INFO: [ app_begin ] --START--
INFO: Run Behavior\ReadHtmlCacheBehavior [ RunTime:0.000304s ]
INFO: [ app_begin ] --END-- [ RunTime:0.000336s ]
SQL: SHOW COLUMNS FROM `shop_seckill` [ RunTime:0.0040s ]
SQL: SHOW COLUMNS FROM `shop_goods` [ RunTime:0.0042s ]
SQL: SELECT `id`,`name`,`money`,`sellnum`,`image1`,`content` FROM `shop_goods` WHERE `state` = 2 LIMIT 4   [ RunTime:0.0023s ]
SQL: SHOW COLUMNS FROM `shop_detailed` [ RunTime:0.0022s ]
SQL: SELECT `id`,`price` FROM `shop_detailed` WHERE `gid` = 701  [ RunTime:0.0015s ]
SQL: SELECT `id`,`price` FROM `shop_detailed` WHERE `gid` = 702  [ RunTime:0.0016s ]
SQL: SELECT `id`,`price` FROM `shop_detailed` WHERE `gid` = 703  [ RunTime:0.0016s ]
SQL: SELECT `id`,`price` FROM `shop_detailed` WHERE `gid` = 704  [ RunTime:0.0016s ]
SQL: UPDATE `shop_detailed` SET `price`='9.9' WHERE `id` = 773 [ RunTime:0.0212s ]
SQL: UPDATE `shop_detailed` SET `price`='9.9' WHERE `id` = 774 [ RunTime:0.0050s ]
SQL: UPDATE `shop_detailed` SET `price`='9.9' WHERE `id` = 775 [ RunTime:0.0055s ]
SQL: UPDATE `shop_detailed` SET `price`='9.9' WHERE `id` = 778 [ RunTime:0.0048s ]
SQL: UPDATE `shop_detailed` SET `price`='9.9' WHERE `id` = 779 [ RunTime:0.0049s ]
SQL: SELECT * FROM `shop_seckill` LIMIT 1   [ RunTime:0.0016s ]
SQL: UPDATE `shop_seckill` SET `year`='2017',`month`='12',`day`='6',`time`='16',`branch`='25',`second`='0' WHERE `id` = 2 [ RunTime:0.0045s ]
SQL: UPDATE `shop_seckill` SET `year`='2017',`month`='12',`day`='6',`time`='16',`branch`='23',`data`='2',`id`='1' WHERE `id` = 1 [ RunTime:0.0070s ]
INFO: [ view_parse ] --START--
INFO: [ template_filter ] --START--
INFO: Run Behavior\ContentReplaceBehavior [ RunTime:0.000045s ]
INFO: [ template_filter ] --END-- [ RunTime:0.000096s ]
INFO: Run Behavior\ParseTemplateBehavior [ RunTime:0.006287s ]
INFO: [ view_parse ] --END-- [ RunTime:0.006334s ]
INFO: [ view_filter ] --START--
INFO: Run Behavior\WriteHtmlCacheBehavior [ RunTime:0.000172s ]
INFO: [ view_filter ] --END-- [ RunTime:0.000207s ]
INFO: [ app_end ] --START--
INFO: Run Behavior\ShowPageTraceBehavior [ RunTime:0.000655s ]
INFO: [ app_end ] --END-- [ RunTime:0.000697s ]

[ 2017-12-06T14:38:53+08:00 ] 192.168.32.127 /sd/Admin/Order/miao.html
INFO: [ app_init ] --START--
INFO: Run Behavior\BuildLiteBehavior [ RunTime:0.000008s ]
INFO: [ app_init ] --END-- [ RunTime:0.000165s ]
INFO: [ app_begin ] --START--
INFO: Run Behavior\ReadHtmlCacheBehavior [ RunTime:0.000195s ]
INFO: [ app_begin ] --END-- [ RunTime:0.000217s ]
INFO: [ view_parse ] --START--
INFO: [ template_filter ] --START--
INFO: Run Behavior\ContentReplaceBehavior [ RunTime:0.000037s ]
INFO: [ template_filter ] --END-- [ RunTime:0.000075s ]
INFO: Run Behavior\ParseTemplateBehavior [ RunTime:0.006650s ]
INFO: [ view_parse ] --END-- [ RunTime:0.006672s ]
INFO: [ view_filter ] --START--
INFO: Run Behavior\WriteHtmlCacheBehavior [ RunTime:0.000086s ]
INFO: [ view_filter ] --END-- [ RunTime:0.000099s ]
INFO: [ app_end ] --START--
INFO: Run Behavior\ShowPageTraceBehavior [ RunTime:0.000228s ]
INFO: [ app_end ] --END-- [ RunTime:0.000243s ]

[ 2017-12-06T14:42:59+08:00 ] 192.168.32.127 /sd/Admin/Order/handle.html
INFO: [ app_init ] --START--
INFO: Run Behavior\BuildLiteBehavior [ RunTime:0.000007s ]
INFO: [ app_init ] --END-- [ RunTime:0.000178s ]
INFO: [ app_begin ] --START--
INFO: Run Behavior\ReadHtmlCacheBehavior [ RunTime:0.000253s ]
INFO: [ app_begin ] --END-- [ RunTime:0.000275s ]
SQL: SHOW COLUMNS FROM `shop_seckill` [ RunTime:0.0067s ]
SQL: SHOW COLUMNS FROM `shop_goods` [ RunTime:0.0039s ]
SQL: SELECT `id`,`name`,`money`,`sellnum`,`image1`,`content` FROM `shop_goods` WHERE `state` = 2 LIMIT 4   [ RunTime:0.0020s ]
SQL: SHOW COLUMNS FROM `shop_detailed` [ RunTime:0.0035s ]
SQL: SELECT `id`,`price` FROM `shop_detailed` WHERE `gid` = 701  [ RunTime:0.0017s ]
SQL: SELECT `id`,`price` FROM `shop_detailed` WHERE `gid` = 702  [ RunTime:0.0026s ]
SQL: SELECT `id`,`price` FROM `shop_detailed` WHERE `gid` = 703  [ RunTime:0.0018s ]
SQL: SELECT `id`,`price` FROM `shop_detailed` WHERE `gid` = 704  [ RunTime:0.0024s ]
SQL: UPDATE `shop_detailed` SET `price`='9.9' WHERE `id` = 773 [ RunTime:0.0167s ]
SQL: UPDATE `shop_detailed` SET `price`='9.9' WHERE `id` = 774 [ RunTime:0.0066s ]
SQL: UPDATE `shop_detailed` SET `price`='9.9' WHERE `id` = 775 [ RunTime:0.0066s ]
SQL: UPDATE `shop_detailed` SET `price`='9.9' WHERE `id` = 778 [ RunTime:0.0053s ]
SQL: UPDATE `shop_detailed` SET `price`='9.9' WHERE `id` = 779 [ RunTime:0.0083s ]
INFO: [ view_parse ] --START--
INFO: [ template_filter ] --START--
INFO: Run Behavior\ContentReplaceBehavior [ RunTime:0.000082s ]
INFO: [ template_filter ] --END-- [ RunTime:0.000166s ]
INFO: Run Behavior\ParseTemplateBehavior [ RunTime:0.010280s ]
INFO: [ view_parse ] --END-- [ RunTime:0.010371s ]
INFO: [ view_filter ] --START--
INFO: Run Behavior\WriteHtmlCacheBehavior [ RunTime:0.000385s ]
INFO: [ view_filter ] --END-- [ RunTime:0.000566s ]

[ 2017-12-06T14:43:05+08:00 ] 192.168.32.127 /sd/Admin/Order/handle.html
INFO: [ app_init ] --START--
INFO: Run Behavior\BuildLiteBehavior [ RunTime:0.000012s ]
INFO: [ app_init ] --END-- [ RunTime:0.000297s ]
INFO: [ app_begin ] --START--
INFO: Run Behavior\ReadHtmlCacheBehavior [ RunTime:0.000493s ]
INFO: [ app_begin ] --END-- [ RunTime:0.000553s ]
SQL: SHOW COLUMNS FROM `shop_seckill` [ RunTime:0.0048s ]
SQL: SHOW COLUMNS FROM `shop_goods` [ RunTime:0.0072s ]
SQL: SELECT `id`,`name`,`money`,`sellnum`,`image1`,`content` FROM `shop_goods` WHERE `state` = 2 LIMIT 4   [ RunTime:0.0024s ]
SQL: SHOW COLUMNS FROM `shop_detailed` [ RunTime:0.0054s ]
SQL: SELECT `id`,`price` FROM `shop_detailed` WHERE `gid` = 701  [ RunTime:0.0052s ]
SQL: SELECT `id`,`price` FROM `shop_detailed` WHERE `gid` = 702  [ RunTime:0.0026s ]
SQL: SELECT `id`,`price` FROM `shop_detailed` WHERE `gid` = 703  [ RunTime:0.0026s ]
SQL: SELECT `id`,`price` FROM `shop_detailed` WHERE `gid` = 704  [ RunTime:0.0014s ]
SQL: UPDATE `shop_detailed` SET `price`='9.9' WHERE `id` = 773 [ RunTime:0.0202s ]
SQL: UPDATE `shop_detailed` SET `price`='9.9' WHERE `id` = 774 [ RunTime:0.0059s ]
SQL: UPDATE `shop_detailed` SET `price`='9.9' WHERE `id` = 775 [ RunTime:0.0046s ]
SQL: UPDATE `shop_detailed` SET `price`='9.9' WHERE `id` = 778 [ RunTime:0.0052s ]
SQL: UPDATE `shop_detailed` SET `price`='9.9' WHERE `id` = 779 [ RunTime:0.0051s ]
SQL: SELECT * FROM `shop_seckill` LIMIT 1   [ RunTime:0.0017s ]
SQL: UPDATE `shop_seckill` SET `year`='2017',`month`='12',`day`='6',`time`='16',`branch`='29',`second`='0' WHERE `id` = 2 [ RunTime:0.0053s ]
SQL: UPDATE `shop_seckill` SET `year`='2017',`month`='12',`day`='6',`time`='16',`branch`='27',`data`='2',`id`='1' WHERE `id` = 1 [ RunTime:0.0136s ]
INFO: [ view_parse ] --START--
INFO: [ template_filter ] --START--
INFO: Run Behavior\ContentReplaceBehavior [ RunTime:0.000038s ]
INFO: [ template_filter ] --END-- [ RunTime:0.000086s ]
INFO: Run Behavior\ParseTemplateBehavior [ RunTime:0.008824s ]
INFO: [ view_parse ] --END-- [ RunTime:0.008872s ]
INFO: [ view_filter ] --START--
INFO: Run Behavior\WriteHtmlCacheBehavior [ RunTime:0.000140s ]
INFO: [ view_filter ] --END-- [ RunTime:0.000167s ]
INFO: [ app_end ] --START--
INFO: Run Behavior\ShowPageTraceBehavior [ RunTime:0.000528s ]
INFO: [ app_end ] --END-- [ RunTime:0.000560s ]

[ 2017-12-06T14:43:06+08:00 ] 192.168.32.127 /sd/Admin/Order/miao.html
INFO: [ app_init ] --START--
INFO: Run Behavior\BuildLiteBehavior [ RunTime:0.000009s ]
INFO: [ app_init ] --END-- [ RunTime:0.000270s ]
INFO: [ app_begin ] --START--
INFO: Run Behavior\ReadHtmlCacheBehavior [ RunTime:0.000291s ]
INFO: [ app_begin ] --END-- [ RunTime:0.000319s ]
INFO: [ view_parse ] --START--
INFO: [ template_filter ] --START--
INFO: Run Behavior\ContentReplaceBehavior [ RunTime:0.000044s ]
INFO: [ template_filter ] --END-- [ RunTime:0.000072s ]
INFO: Run Behavior\ParseTemplateBehavior [ RunTime:0.003843s ]
INFO: [ view_parse ] --END-- [ RunTime:0.003869s ]
INFO: [ view_filter ] --START--
INFO: Run Behavior\WriteHtmlCacheBehavior [ RunTime:0.000094s ]
INFO: [ view_filter ] --END-- [ RunTime:0.000113s ]
INFO: [ app_end ] --START--
INFO: Run Behavior\ShowPageTraceBehavior [ RunTime:0.000324s ]
INFO: [ app_end ] --END-- [ RunTime:0.000346s ]

[ 2017-12-06T14:50:39+08:00 ] 192.168.32.127 /sd/Admin/Order/handle.html
INFO: [ app_init ] --START--
INFO: Run Behavior\BuildLiteBehavior [ RunTime:0.000007s ]
INFO: [ app_init ] --END-- [ RunTime:0.000187s ]
INFO: [ app_begin ] --START--
INFO: Run Behavior\ReadHtmlCacheBehavior [ RunTime:0.000248s ]
INFO: [ app_begin ] --END-- [ RunTime:0.000274s ]
SQL: SHOW COLUMNS FROM `shop_seckill` [ RunTime:0.0028s ]
SQL: SHOW COLUMNS FROM `shop_goods` [ RunTime:0.0038s ]
SQL: SELECT `id`,`name`,`money`,`sellnum`,`image1`,`content` FROM `shop_goods` WHERE `state` = 2 LIMIT 4   [ RunTime:0.0019s ]
SQL: SHOW COLUMNS FROM `shop_detailed` [ RunTime:0.0053s ]
SQL: SELECT `id`,`price` FROM `shop_detailed` WHERE `gid` = 701  [ RunTime:0.0018s ]
SQL: SELECT `id`,`price` FROM `shop_detailed` WHERE `gid` = 702  [ RunTime:0.0036s ]
SQL: SELECT `id`,`price` FROM `shop_detailed` WHERE `gid` = 703  [ RunTime:0.0024s ]
SQL: SELECT `id`,`price` FROM `shop_detailed` WHERE `gid` = 704  [ RunTime:0.0015s ]
SQL: UPDATE `shop_detailed` SET `price`='9.9' WHERE `id` = 773 [ RunTime:0.0191s ]
SQL: UPDATE `shop_detailed` SET `price`='9.9' WHERE `id` = 774 [ RunTime:0.0082s ]
SQL: UPDATE `shop_detailed` SET `price`='9.9' WHERE `id` = 775 [ RunTime:0.0067s ]
SQL: UPDATE `shop_detailed` SET `price`='9.9' WHERE `id` = 778 [ RunTime:0.0077s ]
SQL: UPDATE `shop_detailed` SET `price`='9.9' WHERE `id` = 779 [ RunTime:0.0106s ]
SQL: SELECT * FROM `shop_seckill` LIMIT 1   [ RunTime:0.0028s ]
SQL: UPDATE `shop_seckill` SET `year`='2017',`month`='12',`day`='6',`time`='16',`branch`='37',`second`='0' WHERE `id` = 2 [ RunTime:0.0072s ]
SQL: UPDATE `shop_seckill` SET `year`='2017',`month`='12',`day`='6',`time`='16',`branch`='35',`data`='2',`id`='1' WHERE `id` = 1 [ RunTime:0.0060s ]
INFO: [ view_parse ] --START--
INFO: [ template_filter ] --START--
INFO: Run Behavior\ContentReplaceBehavior [ RunTime:0.000066s ]
INFO: [ template_filter ] --END-- [ RunTime:0.000148s ]
INFO: Run Behavior\ParseTemplateBehavior [ RunTime:0.011472s ]
INFO: [ view_parse ] --END-- [ RunTime:0.011542s ]
INFO: [ view_filter ] --START--
INFO: Run Behavior\WriteHtmlCacheBehavior [ RunTime:0.000266s ]
INFO: [ view_filter ] --END-- [ RunTime:0.000316s ]
INFO: [ app_end ] --START--
INFO: Run Behavior\ShowPageTraceBehavior [ RunTime:0.000998s ]
INFO: [ app_end ] --END-- [ RunTime:0.001061s ]

[ 2017-12-06T14:50:40+08:00 ] 192.168.32.127 /sd/Admin/Order/miao.html
INFO: [ app_init ] --START--
INFO: Run Behavior\BuildLiteBehavior [ RunTime:0.000014s ]
INFO: [ app_init ] --END-- [ RunTime:0.000278s ]
INFO: [ app_begin ] --START--
INFO: Run Behavior\ReadHtmlCacheBehavior [ RunTime:0.000394s ]
INFO: [ app_begin ] --END-- [ RunTime:0.000435s ]
INFO: [ view_parse ] --START--
INFO: [ template_filter ] --START--
INFO: Run Behavior\ContentReplaceBehavior [ RunTime:0.000035s ]
INFO: [ template_filter ] --END-- [ RunTime:0.000068s ]
INFO: Run Behavior\ParseTemplateBehavior [ RunTime:0.003044s ]
INFO: [ view_parse ] --END-- [ RunTime:0.003068s ]
INFO: [ view_filter ] --START--
INFO: Run Behavior\WriteHtmlCacheBehavior [ RunTime:0.000129s ]
INFO: [ view_filter ] --END-- [ RunTime:0.000146s ]
INFO: [ app_end ] --START--
INFO: Run Behavior\ShowPageTraceBehavior [ RunTime:0.000318s ]
INFO: [ app_end ] --END-- [ RunTime:0.000341s ]

